ShareConnect Unit Test Suite Execution Summary
==============================================

Execution Date: Wed Oct  8 07:08:38 PM MSK 2025
Test Round ID: 20251008_190801
Overall Status: FAILED

═══════════════════════════════════════════════════════════

UNIT TESTS
Status: FAILED
Duration: 37 seconds
Test Suite: com.shareconnect.suites.UnitTestSuite
Coverage: Core business logic and data models

Test Classes:
- MainActivityUnitTest: Main activity unit testing
- HistoryRepositoryUnitTest: History repository operations
- ThemeRepositoryUnitTest: Theme repository operations
- ProfileManagerUnitTest: Profile management operations

═══════════════════════════════════════════════════════════

EXECUTION METRICS
Total Duration: 37 seconds (00:00:37)
Unit Tests: 37s

COVERAGE SUMMARY
✓ Business Logic: Unit tests verify core functionality
✓ Data Operations: Unit tests verify repository operations
✓ UI Logic: Unit tests verify activity behavior

REPORT STRUCTURE
Documentation/Tests/20251008_190801_TEST_ROUND/
├── master_test_summary.txt (this file)
└── unit_tests/
    ├── test_summary.txt
    ├── unit_test_execution.log
    └── [HTML/XML reports]

COMMAND EXECUTION
./run_all_tests.sh

This script executed:
1. ./run_unit_tests.sh

══════════════════════════════════════════════════════════

