<?xml version="1.0" encoding="UTF-8"?>
<testsuite name="com.shareconnect.database.ThemeRepositoryUnitTest" tests="7" skipped="0" failures="7" errors="0" timestamp="2025-09-30T16:01:05.239Z" hostname="Mistborn.local" time="0.052">
  <properties/>
  <testcase name="testUpdateTheme" classname="com.shareconnect.database.ThemeRepositoryUnitTest" time="0.025">
    <failure message="java.lang.NoSuchMethodError: 'boolean android.app.ActivityManager.isLowRamDevice()'" type="java.lang.NoSuchMethodError">java.lang.NoSuchMethodError: 'boolean android.app.ActivityManager.isLowRamDevice()'
	at androidx.room.RoomDatabase$JournalMode.resolve$room_runtime(RoomDatabase.android.kt:849)
	at androidx.room.RoomDatabase$Builder.build(RoomDatabase.android.kt:1791)
	at com.shareconnect.database.ThemeRepository.&lt;init&gt;(ThemeRepository.kt:24)
	at com.shareconnect.database.ThemeRepository.&lt;init&gt;(ThemeRepository.kt:11)
	at com.shareconnect.database.ThemeRepositoryUnitTest.setUp(ThemeRepositoryUnitTest.kt:35)
	at java.base/jdk.internal.reflect.NativeMethodAccessorImpl.invoke0(Native Method)
	at java.base/jdk.internal.reflect.NativeMethodAccessorImpl.invoke(NativeMethodAccessorImpl.java:77)
	at java.base/jdk.internal.reflect.DelegatingMethodAccessorImpl.invoke(DelegatingMethodAccessorImpl.java:43)
	at java.base/java.lang.reflect.Method.invoke(Method.java:569)
	at org.junit.runners.model.FrameworkMethod$1.runReflectiveCall(FrameworkMethod.java:59)
	at org.junit.internal.runners.model.ReflectiveCallable.run(ReflectiveCallable.java:12)
	at org.junit.runners.model.FrameworkMethod.invokeExplosively(FrameworkMethod.java:56)
	at org.junit.internal.runners.statements.RunBefores.invokeMethod(RunBefores.java:33)
	at org.junit.internal.runners.statements.RunBefores.evaluate(RunBefores.java:24)
	at org.junit.runners.ParentRunner$3.evaluate(ParentRunner.java:306)
	at org.robolectric.RobolectricTestRunner$HelperTestRunner$1.evaluate(RobolectricTestRunner.java:589)
	at org.robolectric.internal.SandboxTestRunner$2.lambda$evaluate$2(SandboxTestRunner.java:290)
	at org.robolectric.internal.bytecode.Sandbox.lambda$runOnMainThread$0(Sandbox.java:99)
	at java.base/java.util.concurrent.FutureTask.run(FutureTask.java:264)
	at java.base/java.util.concurrent.ThreadPoolExecutor.runWorker(ThreadPoolExecutor.java:1136)
	at java.base/java.util.concurrent.ThreadPoolExecutor$Worker.run(ThreadPoolExecutor.java:635)
	at java.base/java.lang.Thread.run(Thread.java:840)
</failure>
  </testcase>
  <testcase name="testInsertTheme" classname="com.shareconnect.database.ThemeRepositoryUnitTest" time="0.004">
    <failure message="java.lang.NoSuchMethodError: 'boolean android.app.ActivityManager.isLowRamDevice()'" type="java.lang.NoSuchMethodError">java.lang.NoSuchMethodError: 'boolean android.app.ActivityManager.isLowRamDevice()'
	at androidx.room.RoomDatabase$JournalMode.resolve$room_runtime(RoomDatabase.android.kt:849)
	at androidx.room.RoomDatabase$Builder.build(RoomDatabase.android.kt:1791)
	at com.shareconnect.database.ThemeRepository.&lt;init&gt;(ThemeRepository.kt:24)
	at com.shareconnect.database.ThemeRepository.&lt;init&gt;(ThemeRepository.kt:11)
	at com.shareconnect.database.ThemeRepositoryUnitTest.setUp(ThemeRepositoryUnitTest.kt:35)
	at java.base/jdk.internal.reflect.NativeMethodAccessorImpl.invoke0(Native Method)
	at java.base/jdk.internal.reflect.NativeMethodAccessorImpl.invoke(NativeMethodAccessorImpl.java:77)
	at java.base/jdk.internal.reflect.DelegatingMethodAccessorImpl.invoke(DelegatingMethodAccessorImpl.java:43)
	at java.base/java.lang.reflect.Method.invoke(Method.java:569)
	at org.junit.runners.model.FrameworkMethod$1.runReflectiveCall(FrameworkMethod.java:59)
	at org.junit.internal.runners.model.ReflectiveCallable.run(ReflectiveCallable.java:12)
	at org.junit.runners.model.FrameworkMethod.invokeExplosively(FrameworkMethod.java:56)
	at org.junit.internal.runners.statements.RunBefores.invokeMethod(RunBefores.java:33)
	at org.junit.internal.runners.statements.RunBefores.evaluate(RunBefores.java:24)
	at org.junit.runners.ParentRunner$3.evaluate(ParentRunner.java:306)
	at org.robolectric.RobolectricTestRunner$HelperTestRunner$1.evaluate(RobolectricTestRunner.java:589)
	at org.robolectric.internal.SandboxTestRunner$2.lambda$evaluate$2(SandboxTestRunner.java:290)
	at org.robolectric.internal.bytecode.Sandbox.lambda$runOnMainThread$0(Sandbox.java:99)
	at java.base/java.util.concurrent.FutureTask.run(FutureTask.java:264)
	at java.base/java.util.concurrent.ThreadPoolExecutor.runWorker(ThreadPoolExecutor.java:1136)
	at java.base/java.util.concurrent.ThreadPoolExecutor$Worker.run(ThreadPoolExecutor.java:635)
	at java.base/java.lang.Thread.run(Thread.java:840)
</failure>
  </testcase>
  <testcase name="testGetThemeByColorSchemeAndMode" classname="com.shareconnect.database.ThemeRepositoryUnitTest" time="0.006">
    <failure message="java.lang.NoSuchMethodError: 'boolean android.app.ActivityManager.isLowRamDevice()'" type="java.lang.NoSuchMethodError">java.lang.NoSuchMethodError: 'boolean android.app.ActivityManager.isLowRamDevice()'
	at androidx.room.RoomDatabase$JournalMode.resolve$room_runtime(RoomDatabase.android.kt:849)
	at androidx.room.RoomDatabase$Builder.build(RoomDatabase.android.kt:1791)
	at com.shareconnect.database.ThemeRepository.&lt;init&gt;(ThemeRepository.kt:24)
	at com.shareconnect.database.ThemeRepository.&lt;init&gt;(ThemeRepository.kt:11)
	at com.shareconnect.database.ThemeRepositoryUnitTest.setUp(ThemeRepositoryUnitTest.kt:35)
	at java.base/jdk.internal.reflect.NativeMethodAccessorImpl.invoke0(Native Method)
	at java.base/jdk.internal.reflect.NativeMethodAccessorImpl.invoke(NativeMethodAccessorImpl.java:77)
	at java.base/jdk.internal.reflect.DelegatingMethodAccessorImpl.invoke(DelegatingMethodAccessorImpl.java:43)
	at java.base/java.lang.reflect.Method.invoke(Method.java:569)
	at org.junit.runners.model.FrameworkMethod$1.runReflectiveCall(FrameworkMethod.java:59)
	at org.junit.internal.runners.model.ReflectiveCallable.run(ReflectiveCallable.java:12)
	at org.junit.runners.model.FrameworkMethod.invokeExplosively(FrameworkMethod.java:56)
	at org.junit.internal.runners.statements.RunBefores.invokeMethod(RunBefores.java:33)
	at org.junit.internal.runners.statements.RunBefores.evaluate(RunBefores.java:24)
	at org.junit.runners.ParentRunner$3.evaluate(ParentRunner.java:306)
	at org.robolectric.RobolectricTestRunner$HelperTestRunner$1.evaluate(RobolectricTestRunner.java:589)
	at org.robolectric.internal.SandboxTestRunner$2.lambda$evaluate$2(SandboxTestRunner.java:290)
	at org.robolectric.internal.bytecode.Sandbox.lambda$runOnMainThread$0(Sandbox.java:99)
	at java.base/java.util.concurrent.FutureTask.run(FutureTask.java:264)
	at java.base/java.util.concurrent.ThreadPoolExecutor.runWorker(ThreadPoolExecutor.java:1136)
	at java.base/java.util.concurrent.ThreadPoolExecutor$Worker.run(ThreadPoolExecutor.java:635)
	at java.base/java.lang.Thread.run(Thread.java:840)
</failure>
  </testcase>
  <testcase name="testInitializeDefaultThemes" classname="com.shareconnect.database.ThemeRepositoryUnitTest" time="0.004">
    <failure message="java.lang.NoSuchMethodError: 'boolean android.app.ActivityManager.isLowRamDevice()'" type="java.lang.NoSuchMethodError">java.lang.NoSuchMethodError: 'boolean android.app.ActivityManager.isLowRamDevice()'
	at androidx.room.RoomDatabase$JournalMode.resolve$room_runtime(RoomDatabase.android.kt:849)
	at androidx.room.RoomDatabase$Builder.build(RoomDatabase.android.kt:1791)
	at com.shareconnect.database.ThemeRepository.&lt;init&gt;(ThemeRepository.kt:24)
	at com.shareconnect.database.ThemeRepository.&lt;init&gt;(ThemeRepository.kt:11)
	at com.shareconnect.database.ThemeRepositoryUnitTest.setUp(ThemeRepositoryUnitTest.kt:35)
	at java.base/jdk.internal.reflect.NativeMethodAccessorImpl.invoke0(Native Method)
	at java.base/jdk.internal.reflect.NativeMethodAccessorImpl.invoke(NativeMethodAccessorImpl.java:77)
	at java.base/jdk.internal.reflect.DelegatingMethodAccessorImpl.invoke(DelegatingMethodAccessorImpl.java:43)
	at java.base/java.lang.reflect.Method.invoke(Method.java:569)
	at org.junit.runners.model.FrameworkMethod$1.runReflectiveCall(FrameworkMethod.java:59)
	at org.junit.internal.runners.model.ReflectiveCallable.run(ReflectiveCallable.java:12)
	at org.junit.runners.model.FrameworkMethod.invokeExplosively(FrameworkMethod.java:56)
	at org.junit.internal.runners.statements.RunBefores.invokeMethod(RunBefores.java:33)
	at org.junit.internal.runners.statements.RunBefores.evaluate(RunBefores.java:24)
	at org.junit.runners.ParentRunner$3.evaluate(ParentRunner.java:306)
	at org.robolectric.RobolectricTestRunner$HelperTestRunner$1.evaluate(RobolectricTestRunner.java:589)
	at org.robolectric.internal.SandboxTestRunner$2.lambda$evaluate$2(SandboxTestRunner.java:290)
	at org.robolectric.internal.bytecode.Sandbox.lambda$runOnMainThread$0(Sandbox.java:99)
	at java.base/java.util.concurrent.FutureTask.run(FutureTask.java:264)
	at java.base/java.util.concurrent.ThreadPoolExecutor.runWorker(ThreadPoolExecutor.java:1136)
	at java.base/java.util.concurrent.ThreadPoolExecutor$Worker.run(ThreadPoolExecutor.java:635)
	at java.base/java.lang.Thread.run(Thread.java:840)
</failure>
  </testcase>
  <testcase name="testGetAllThemes" classname="com.shareconnect.database.ThemeRepositoryUnitTest" time="0.005">
    <failure message="java.lang.NoSuchMethodError: 'boolean android.app.ActivityManager.isLowRamDevice()'" type="java.lang.NoSuchMethodError">java.lang.NoSuchMethodError: 'boolean android.app.ActivityManager.isLowRamDevice()'
	at androidx.room.RoomDatabase$JournalMode.resolve$room_runtime(RoomDatabase.android.kt:849)
	at androidx.room.RoomDatabase$Builder.build(RoomDatabase.android.kt:1791)
	at com.shareconnect.database.ThemeRepository.&lt;init&gt;(ThemeRepository.kt:24)
	at com.shareconnect.database.ThemeRepository.&lt;init&gt;(ThemeRepository.kt:11)
	at com.shareconnect.database.ThemeRepositoryUnitTest.setUp(ThemeRepositoryUnitTest.kt:35)
	at java.base/jdk.internal.reflect.NativeMethodAccessorImpl.invoke0(Native Method)
	at java.base/jdk.internal.reflect.NativeMethodAccessorImpl.invoke(NativeMethodAccessorImpl.java:77)
	at java.base/jdk.internal.reflect.DelegatingMethodAccessorImpl.invoke(DelegatingMethodAccessorImpl.java:43)
	at java.base/java.lang.reflect.Method.invoke(Method.java:569)
	at org.junit.runners.model.FrameworkMethod$1.runReflectiveCall(FrameworkMethod.java:59)
	at org.junit.internal.runners.model.ReflectiveCallable.run(ReflectiveCallable.java:12)
	at org.junit.runners.model.FrameworkMethod.invokeExplosively(FrameworkMethod.java:56)
	at org.junit.internal.runners.statements.RunBefores.invokeMethod(RunBefores.java:33)
	at org.junit.internal.runners.statements.RunBefores.evaluate(RunBefores.java:24)
	at org.junit.runners.ParentRunner$3.evaluate(ParentRunner.java:306)
	at org.robolectric.RobolectricTestRunner$HelperTestRunner$1.evaluate(RobolectricTestRunner.java:589)
	at org.robolectric.internal.SandboxTestRunner$2.lambda$evaluate$2(SandboxTestRunner.java:290)
	at org.robolectric.internal.bytecode.Sandbox.lambda$runOnMainThread$0(Sandbox.java:99)
	at java.base/java.util.concurrent.FutureTask.run(FutureTask.java:264)
	at java.base/java.util.concurrent.ThreadPoolExecutor.runWorker(ThreadPoolExecutor.java:1136)
	at java.base/java.util.concurrent.ThreadPoolExecutor$Worker.run(ThreadPoolExecutor.java:635)
	at java.base/java.lang.Thread.run(Thread.java:840)
</failure>
  </testcase>
  <testcase name="testGetDefaultTheme" classname="com.shareconnect.database.ThemeRepositoryUnitTest" time="0.005">
    <failure message="java.lang.NoSuchMethodError: 'boolean android.app.ActivityManager.isLowRamDevice()'" type="java.lang.NoSuchMethodError">java.lang.NoSuchMethodError: 'boolean android.app.ActivityManager.isLowRamDevice()'
	at androidx.room.RoomDatabase$JournalMode.resolve$room_runtime(RoomDatabase.android.kt:849)
	at androidx.room.RoomDatabase$Builder.build(RoomDatabase.android.kt:1791)
	at com.shareconnect.database.ThemeRepository.&lt;init&gt;(ThemeRepository.kt:24)
	at com.shareconnect.database.ThemeRepository.&lt;init&gt;(ThemeRepository.kt:11)
	at com.shareconnect.database.ThemeRepositoryUnitTest.setUp(ThemeRepositoryUnitTest.kt:35)
	at java.base/jdk.internal.reflect.NativeMethodAccessorImpl.invoke0(Native Method)
	at java.base/jdk.internal.reflect.NativeMethodAccessorImpl.invoke(NativeMethodAccessorImpl.java:77)
	at java.base/jdk.internal.reflect.DelegatingMethodAccessorImpl.invoke(DelegatingMethodAccessorImpl.java:43)
	at java.base/java.lang.reflect.Method.invoke(Method.java:569)
	at org.junit.runners.model.FrameworkMethod$1.runReflectiveCall(FrameworkMethod.java:59)
	at org.junit.internal.runners.model.ReflectiveCallable.run(ReflectiveCallable.java:12)
	at org.junit.runners.model.FrameworkMethod.invokeExplosively(FrameworkMethod.java:56)
	at org.junit.internal.runners.statements.RunBefores.invokeMethod(RunBefores.java:33)
	at org.junit.internal.runners.statements.RunBefores.evaluate(RunBefores.java:24)
	at org.junit.runners.ParentRunner$3.evaluate(ParentRunner.java:306)
	at org.robolectric.RobolectricTestRunner$HelperTestRunner$1.evaluate(RobolectricTestRunner.java:589)
	at org.robolectric.internal.SandboxTestRunner$2.lambda$evaluate$2(SandboxTestRunner.java:290)
	at org.robolectric.internal.bytecode.Sandbox.lambda$runOnMainThread$0(Sandbox.java:99)
	at java.base/java.util.concurrent.FutureTask.run(FutureTask.java:264)
	at java.base/java.util.concurrent.ThreadPoolExecutor.runWorker(ThreadPoolExecutor.java:1136)
	at java.base/java.util.concurrent.ThreadPoolExecutor$Worker.run(ThreadPoolExecutor.java:635)
	at java.base/java.lang.Thread.run(Thread.java:840)
</failure>
  </testcase>
  <testcase name="testSetDefaultTheme" classname="com.shareconnect.database.ThemeRepositoryUnitTest" time="0.003">
    <failure message="java.lang.NoSuchMethodError: 'boolean android.app.ActivityManager.isLowRamDevice()'" type="java.lang.NoSuchMethodError">java.lang.NoSuchMethodError: 'boolean android.app.ActivityManager.isLowRamDevice()'
	at androidx.room.RoomDatabase$JournalMode.resolve$room_runtime(RoomDatabase.android.kt:849)
	at androidx.room.RoomDatabase$Builder.build(RoomDatabase.android.kt:1791)
	at com.shareconnect.database.ThemeRepository.&lt;init&gt;(ThemeRepository.kt:24)
	at com.shareconnect.database.ThemeRepository.&lt;init&gt;(ThemeRepository.kt:11)
	at com.shareconnect.database.ThemeRepositoryUnitTest.setUp(ThemeRepositoryUnitTest.kt:35)
	at java.base/jdk.internal.reflect.NativeMethodAccessorImpl.invoke0(Native Method)
	at java.base/jdk.internal.reflect.NativeMethodAccessorImpl.invoke(NativeMethodAccessorImpl.java:77)
	at java.base/jdk.internal.reflect.DelegatingMethodAccessorImpl.invoke(DelegatingMethodAccessorImpl.java:43)
	at java.base/java.lang.reflect.Method.invoke(Method.java:569)
	at org.junit.runners.model.FrameworkMethod$1.runReflectiveCall(FrameworkMethod.java:59)
	at org.junit.internal.runners.model.ReflectiveCallable.run(ReflectiveCallable.java:12)
	at org.junit.runners.model.FrameworkMethod.invokeExplosively(FrameworkMethod.java:56)
	at org.junit.internal.runners.statements.RunBefores.invokeMethod(RunBefores.java:33)
	at org.junit.internal.runners.statements.RunBefores.evaluate(RunBefores.java:24)
	at org.junit.runners.ParentRunner$3.evaluate(ParentRunner.java:306)
	at org.robolectric.RobolectricTestRunner$HelperTestRunner$1.evaluate(RobolectricTestRunner.java:589)
	at org.robolectric.internal.SandboxTestRunner$2.lambda$evaluate$2(SandboxTestRunner.java:290)
	at org.robolectric.internal.bytecode.Sandbox.lambda$runOnMainThread$0(Sandbox.java:99)
	at java.base/java.util.concurrent.FutureTask.run(FutureTask.java:264)
	at java.base/java.util.concurrent.ThreadPoolExecutor.runWorker(ThreadPoolExecutor.java:1136)
	at java.base/java.util.concurrent.ThreadPoolExecutor$Worker.run(ThreadPoolExecutor.java:635)
	at java.base/java.lang.Thread.run(Thread.java:840)
</failure>
  </testcase>
  <system-out><![CDATA[]]></system-out>
  <system-err><![CDATA[]]></system-err>
</testsuite>
