ShareConnect Unit Test Suite Execution Summary
==============================================

Execution Date: Tue Sep 30 19:31:40 MSK 2025
Test Round ID: 20250930_193110
Overall Status: FAILED

═══════════════════════════════════════════════════════════

UNIT TESTS
Status: FAILED
Duration: 30 seconds
Test Suite: com.shareconnect.suites.UnitTestSuite
Coverage: Core business logic and data models

Test Classes:
- MainActivityUnitTest: Main activity unit testing
- HistoryRepositoryUnitTest: History repository operations
- ThemeRepositoryUnitTest: Theme repository operations
- ProfileManagerUnitTest: Profile management operations

═══════════════════════════════════════════════════════════

EXECUTION METRICS
Total Duration: 30 seconds (00:00:30)
Unit Tests: 30s

COVERAGE SUMMARY
✓ Business Logic: Unit tests verify core functionality
✓ Data Operations: Unit tests verify repository operations
✓ UI Logic: Unit tests verify activity behavior

REPORT STRUCTURE
Documentation/Tests/20250930_193110_TEST_ROUND/
├── master_test_summary.txt (this file)
└── unit_tests/
    ├── test_summary.txt
    ├── unit_test_execution.log
    └── [HTML/XML reports]

COMMAND EXECUTION
./run_all_tests.sh

This script executed:
1. ./run_unit_tests.sh

══════════════════════════════════════════════════════════

