
> Configure project :Toolkit:Analytics
Facebook :: The 'ANALYTICS_FACEBOOK_APP_ID' env. variable is available :: Hash = -839676062
Facebook :: The 'FACEBOOK_CLIENT_TOKEN' env. variable is available :: Hash = 1673479682
Facebook :: The 'FB_LOGIN_PROTOCOL_SCHEME' env. variable is available :: Hash = 1266217766

> Configure project :Toolkit:JCommons
Creating the JCommons JAR archive

> Configure project :Toolkit:Main
The 'toolkit_project_name' is: 'ShareConnect'

[Incubating] Problems report is available at: file:///home/milosvasic/Projects/ShareConnect/build/reports/problems/problems-report.html

FAILURE: Build failed with an exception.

* What went wrong:
Cannot locate tasks that match ':Application:test' as project 'Application' not found in root project 'ShareConnect'.

* Try:
> Run gradlew projects to get a list of available projects.
> For more on name expansion, please refer to https://docs.gradle.org/8.14/userguide/command_line_interface.html#sec:name_abbreviation in the Gradle documentation.
> Run with --stacktrace option to get the stack trace.
> Run with --info or --debug option to get more log output.
> Run with --scan to get full insights.
> Get more help at https://help.gradle.org.

Deprecated Gradle features were used in this build, making it incompatible with Gradle 9.0.

You can use '--warning-mode all' to show the individual deprecation warnings and determine if they come from your own scripts or plugins.

For more on this, please refer to https://docs.gradle.org/8.14/userguide/command_line_interface.html#sec:command_line_warnings in the Gradle documentation.

BUILD FAILED in 2s
