<?xml version="1.0" encoding="UTF-8"?>
<testsuite name="com.shareconnect.manager.ProfileManagerUnitTest" tests="17" skipped="0" failures="0" errors="0" timestamp="2025-11-11T09:54:00.693Z" hostname="Mistborn.local" time="0.194">
  <properties/>
  <testcase name="testClearDefaultProfile" classname="com.shareconnect.manager.ProfileManagerUnitTest" time="0.081"/>
  <testcase name="testHasProfilesWithEmptyProfiles" classname="com.shareconnect.manager.ProfileManagerUnitTest" time="0.007"/>
  <testcase name="testSetDefaultProfile" classname="com.shareconnect.manager.ProfileManagerUnitTest" time="0.006"/>
  <testcase name="testDefaultProfileReturnsNullWhenNoProfiles" classname="com.shareconnect.manager.ProfileManagerUnitTest" time="0.006"/>
  <testcase name="testAllTorrentClientTypes" classname="com.shareconnect.manager.ProfileManagerUnitTest" time="0.006"/>
  <testcase name="testDefaultProfileFallsBackToSharedPreferences" classname="com.shareconnect.manager.ProfileManagerUnitTest" time="0.008"/>
  <testcase name="testHasProfilesWithExistingProfiles" classname="com.shareconnect.manager.ProfileManagerUnitTest" time="0.007"/>
  <testcase name="testDefaultProfileReturnsRepositoryDefault" classname="com.shareconnect.manager.ProfileManagerUnitTest" time="0.007"/>
  <testcase name="testUpdateProfile" classname="com.shareconnect.manager.ProfileManagerUnitTest" time="0.007"/>
  <testcase name="testAllServiceTypes" classname="com.shareconnect.manager.ProfileManagerUnitTest" time="0.007"/>
  <testcase name="testProfileManagerInitialization" classname="com.shareconnect.manager.ProfileManagerUnitTest" time="0.008"/>
  <testcase name="testGetProfiles" classname="com.shareconnect.manager.ProfileManagerUnitTest" time="0.007"/>
  <testcase name="testDefaultProfileFallsBackToFirstProfile" classname="com.shareconnect.manager.ProfileManagerUnitTest" time="0.008"/>
  <testcase name="testAddProfile" classname="com.shareconnect.manager.ProfileManagerUnitTest" time="0.007"/>
  <testcase name="testDeleteProfile" classname="com.shareconnect.manager.ProfileManagerUnitTest" time="0.007"/>
  <testcase name="testGetProfilesByServiceType" classname="com.shareconnect.manager.ProfileManagerUnitTest" time="0.007"/>
  <testcase name="testGetProfilesEmpty" classname="com.shareconnect.manager.ProfileManagerUnitTest" time="0.006"/>
  <system-out><![CDATA[]]></system-out>
  <system-err><![CDATA[]]></system-err>
</testsuite>
