<?xml version="1.0" encoding="UTF-8"?>
<testsuite name="com.shareconnect.utils.SystemAppDetectorTest" tests="8" skipped="0" failures="0" errors="0" timestamp="2025-11-11T09:54:01.994Z" hostname="Mistborn.local" time="0.578">
  <properties/>
  <testcase name="testGetCompatibleApps_StreamingUrl_IncludesMyJDownloader" classname="com.shareconnect.utils.SystemAppDetectorTest" time="0.418"/>
  <testcase name="testGetCompatibleApps_TorrentUrl_DoesNotIncludeMyJDownloader" classname="com.shareconnect.utils.SystemAppDetectorTest" time="0.024"/>
  <testcase name="testGetCompatibleApps_InvalidUrl_ReturnsEmptyList" classname="com.shareconnect.utils.SystemAppDetectorTest" time="0.015"/>
  <testcase name="testGetCompatibleApps_EmptyUrl_ReturnsEmptyList" classname="com.shareconnect.utils.SystemAppDetectorTest" time="0.025"/>
  <testcase name="testGetCompatibleApps_ContainerFormatUrl_IncludesMyJDownloader" classname="com.shareconnect.utils.SystemAppDetectorTest" time="0.018"/>
  <testcase name="testGetCompatibleApps_NullUrl_ReturnsEmptyList" classname="com.shareconnect.utils.SystemAppDetectorTest" time="0.049"/>
  <testcase name="testGetCompatibleApps_FileHostingUrl_IncludesMyJDownloader" classname="com.shareconnect.utils.SystemAppDetectorTest" time="0.007"/>
  <testcase name="testGetCompatibleApps_PremiumLinkUrl_IncludesMyJDownloader" classname="com.shareconnect.utils.SystemAppDetectorTest" time="0.021"/>
  <system-out><![CDATA[]]></system-out>
  <system-err><![CDATA[]]></system-err>
</testsuite>
