<?xml version="1.0" encoding="UTF-8"?>
<testsuite name="com.shareconnect.manager.ProfileManagerUnitTest" tests="17" skipped="1" failures="16" errors="0" timestamp="2025-10-13T18:34:49.550Z" hostname="thinker" time="0.628">
  <properties/>
  <testcase name="testProfileManagerInitialization" classname="com.shareconnect.manager.ProfileManagerUnitTest" time="0.0">
    <skipped/>
  </testcase>
  <testcase name="testClearDefaultProfile" classname="com.shareconnect.manager.ProfileManagerUnitTest" time="0.192">
    <failure message="java.lang.ClassCastException: class android.content.Context$MockitoMock$tUBsHXUi cannot be cast to class com.shareconnect.SCApplication (android.content.Context$MockitoMock$tUBsHXUi and com.shareconnect.SCApplication are in unnamed module of loader org.robolectric.internal.AndroidSandbox$SdkSandboxClassLoader @c2db68f)" type="java.lang.ClassCastException">java.lang.ClassCastException: class android.content.Context$MockitoMock$tUBsHXUi cannot be cast to class com.shareconnect.SCApplication (android.content.Context$MockitoMock$tUBsHXUi and com.shareconnect.SCApplication are in unnamed module of loader org.robolectric.internal.AndroidSandbox$SdkSandboxClassLoader @c2db68f)
	at com.shareconnect.database.ServerProfileRepository.&lt;init&gt;(ServerProfileRepository.kt:12)
	at com.shareconnect.ProfileManager.&lt;init&gt;(ProfileManager.kt:27)
	at com.shareconnect.ProfileManager.&lt;init&gt;(ProfileManager.kt:17)
	at com.shareconnect.manager.ProfileManagerUnitTest.setUp(ProfileManagerUnitTest.kt:59)
	at java.base/jdk.internal.reflect.DirectMethodHandleAccessor.invoke(Unknown Source)
	at java.base/java.lang.reflect.Method.invoke(Unknown Source)
	at org.junit.runners.model.FrameworkMethod$1.runReflectiveCall(FrameworkMethod.java:59)
	at org.junit.internal.runners.model.ReflectiveCallable.run(ReflectiveCallable.java:12)
	at org.junit.runners.model.FrameworkMethod.invokeExplosively(FrameworkMethod.java:56)
	at org.junit.internal.runners.statements.RunBefores.invokeMethod(RunBefores.java:33)
	at org.junit.internal.runners.statements.RunBefores.evaluate(RunBefores.java:24)
	at org.junit.runners.ParentRunner$3.evaluate(ParentRunner.java:306)
	at org.robolectric.RobolectricTestRunner$HelperTestRunner$1.evaluate(RobolectricTestRunner.java:524)
	at org.robolectric.internal.SandboxTestRunner.executeInSandbox(SandboxTestRunner.java:494)
	at org.robolectric.internal.SandboxTestRunner.access$900(SandboxTestRunner.java:67)
	at org.robolectric.internal.SandboxTestRunner$7.evaluate(SandboxTestRunner.java:442)
	at org.junit.runners.BlockJUnit4ClassRunner$1.evaluate(BlockJUnit4ClassRunner.java:100)
	at org.junit.runners.ParentRunner.runLeaf(ParentRunner.java:366)
	at org.junit.runners.BlockJUnit4ClassRunner.runChild(BlockJUnit4ClassRunner.java:103)
	at org.robolectric.internal.SandboxTestRunner.access$600(SandboxTestRunner.java:67)
	at org.robolectric.internal.SandboxTestRunner$6.evaluate(SandboxTestRunner.java:333)
	at org.robolectric.internal.SandboxTestRunner$3.evaluate(SandboxTestRunner.java:233)
	at org.robolectric.internal.SandboxTestRunner$5.lambda$evaluate$0(SandboxTestRunner.java:317)
	at org.robolectric.internal.bytecode.Sandbox.lambda$runOnMainThread$0(Sandbox.java:101)
	at java.base/java.util.concurrent.FutureTask.run(Unknown Source)
	at java.base/java.util.concurrent.ThreadPoolExecutor.runWorker(Unknown Source)
	at java.base/java.util.concurrent.ThreadPoolExecutor$Worker.run(Unknown Source)
	at java.base/java.lang.Thread.run(Unknown Source)
</failure>
  </testcase>
  <testcase name="testHasProfilesWithEmptyProfiles" classname="com.shareconnect.manager.ProfileManagerUnitTest" time="0.024">
    <failure message="java.lang.ClassCastException: class android.content.Context$MockitoMock$tUBsHXUi cannot be cast to class com.shareconnect.SCApplication (android.content.Context$MockitoMock$tUBsHXUi and com.shareconnect.SCApplication are in unnamed module of loader org.robolectric.internal.AndroidSandbox$SdkSandboxClassLoader @c2db68f)" type="java.lang.ClassCastException">java.lang.ClassCastException: class android.content.Context$MockitoMock$tUBsHXUi cannot be cast to class com.shareconnect.SCApplication (android.content.Context$MockitoMock$tUBsHXUi and com.shareconnect.SCApplication are in unnamed module of loader org.robolectric.internal.AndroidSandbox$SdkSandboxClassLoader @c2db68f)
	at com.shareconnect.database.ServerProfileRepository.&lt;init&gt;(ServerProfileRepository.kt:12)
	at com.shareconnect.ProfileManager.&lt;init&gt;(ProfileManager.kt:27)
	at com.shareconnect.ProfileManager.&lt;init&gt;(ProfileManager.kt:17)
	at com.shareconnect.manager.ProfileManagerUnitTest.setUp(ProfileManagerUnitTest.kt:59)
	at java.base/jdk.internal.reflect.DirectMethodHandleAccessor.invoke(Unknown Source)
	at java.base/java.lang.reflect.Method.invoke(Unknown Source)
	at org.junit.runners.model.FrameworkMethod$1.runReflectiveCall(FrameworkMethod.java:59)
	at org.junit.internal.runners.model.ReflectiveCallable.run(ReflectiveCallable.java:12)
	at org.junit.runners.model.FrameworkMethod.invokeExplosively(FrameworkMethod.java:56)
	at org.junit.internal.runners.statements.RunBefores.invokeMethod(RunBefores.java:33)
	at org.junit.internal.runners.statements.RunBefores.evaluate(RunBefores.java:24)
	at org.junit.runners.ParentRunner$3.evaluate(ParentRunner.java:306)
	at org.robolectric.RobolectricTestRunner$HelperTestRunner$1.evaluate(RobolectricTestRunner.java:524)
	at org.robolectric.internal.SandboxTestRunner.executeInSandbox(SandboxTestRunner.java:494)
	at org.robolectric.internal.SandboxTestRunner.access$900(SandboxTestRunner.java:67)
	at org.robolectric.internal.SandboxTestRunner$7.evaluate(SandboxTestRunner.java:442)
	at org.junit.runners.BlockJUnit4ClassRunner$1.evaluate(BlockJUnit4ClassRunner.java:100)
	at org.junit.runners.ParentRunner.runLeaf(ParentRunner.java:366)
	at org.junit.runners.BlockJUnit4ClassRunner.runChild(BlockJUnit4ClassRunner.java:103)
	at org.robolectric.internal.SandboxTestRunner.access$600(SandboxTestRunner.java:67)
	at org.robolectric.internal.SandboxTestRunner$6.evaluate(SandboxTestRunner.java:333)
	at org.robolectric.internal.SandboxTestRunner$3.evaluate(SandboxTestRunner.java:233)
	at org.robolectric.internal.SandboxTestRunner$5.lambda$evaluate$0(SandboxTestRunner.java:317)
	at org.robolectric.internal.bytecode.Sandbox.lambda$runOnMainThread$0(Sandbox.java:101)
	at java.base/java.util.concurrent.FutureTask.run(Unknown Source)
	at java.base/java.util.concurrent.ThreadPoolExecutor.runWorker(Unknown Source)
	at java.base/java.util.concurrent.ThreadPoolExecutor$Worker.run(Unknown Source)
	at java.base/java.lang.Thread.run(Unknown Source)
</failure>
  </testcase>
  <testcase name="testSetDefaultProfile" classname="com.shareconnect.manager.ProfileManagerUnitTest" time="0.024">
    <failure message="java.lang.ClassCastException: class android.content.Context$MockitoMock$tUBsHXUi cannot be cast to class com.shareconnect.SCApplication (android.content.Context$MockitoMock$tUBsHXUi and com.shareconnect.SCApplication are in unnamed module of loader org.robolectric.internal.AndroidSandbox$SdkSandboxClassLoader @c2db68f)" type="java.lang.ClassCastException">java.lang.ClassCastException: class android.content.Context$MockitoMock$tUBsHXUi cannot be cast to class com.shareconnect.SCApplication (android.content.Context$MockitoMock$tUBsHXUi and com.shareconnect.SCApplication are in unnamed module of loader org.robolectric.internal.AndroidSandbox$SdkSandboxClassLoader @c2db68f)
	at com.shareconnect.database.ServerProfileRepository.&lt;init&gt;(ServerProfileRepository.kt:12)
	at com.shareconnect.ProfileManager.&lt;init&gt;(ProfileManager.kt:27)
	at com.shareconnect.ProfileManager.&lt;init&gt;(ProfileManager.kt:17)
	at com.shareconnect.manager.ProfileManagerUnitTest.setUp(ProfileManagerUnitTest.kt:59)
	at java.base/jdk.internal.reflect.DirectMethodHandleAccessor.invoke(Unknown Source)
	at java.base/java.lang.reflect.Method.invoke(Unknown Source)
	at org.junit.runners.model.FrameworkMethod$1.runReflectiveCall(FrameworkMethod.java:59)
	at org.junit.internal.runners.model.ReflectiveCallable.run(ReflectiveCallable.java:12)
	at org.junit.runners.model.FrameworkMethod.invokeExplosively(FrameworkMethod.java:56)
	at org.junit.internal.runners.statements.RunBefores.invokeMethod(RunBefores.java:33)
	at org.junit.internal.runners.statements.RunBefores.evaluate(RunBefores.java:24)
	at org.junit.runners.ParentRunner$3.evaluate(ParentRunner.java:306)
	at org.robolectric.RobolectricTestRunner$HelperTestRunner$1.evaluate(RobolectricTestRunner.java:524)
	at org.robolectric.internal.SandboxTestRunner.executeInSandbox(SandboxTestRunner.java:494)
	at org.robolectric.internal.SandboxTestRunner.access$900(SandboxTestRunner.java:67)
	at org.robolectric.internal.SandboxTestRunner$7.evaluate(SandboxTestRunner.java:442)
	at org.junit.runners.BlockJUnit4ClassRunner$1.evaluate(BlockJUnit4ClassRunner.java:100)
	at org.junit.runners.ParentRunner.runLeaf(ParentRunner.java:366)
	at org.junit.runners.BlockJUnit4ClassRunner.runChild(BlockJUnit4ClassRunner.java:103)
	at org.robolectric.internal.SandboxTestRunner.access$600(SandboxTestRunner.java:67)
	at org.robolectric.internal.SandboxTestRunner$6.evaluate(SandboxTestRunner.java:333)
	at org.robolectric.internal.SandboxTestRunner$3.evaluate(SandboxTestRunner.java:233)
	at org.robolectric.internal.SandboxTestRunner$5.lambda$evaluate$0(SandboxTestRunner.java:317)
	at org.robolectric.internal.bytecode.Sandbox.lambda$runOnMainThread$0(Sandbox.java:101)
	at java.base/java.util.concurrent.FutureTask.run(Unknown Source)
	at java.base/java.util.concurrent.ThreadPoolExecutor.runWorker(Unknown Source)
	at java.base/java.util.concurrent.ThreadPoolExecutor$Worker.run(Unknown Source)
	at java.base/java.lang.Thread.run(Unknown Source)
</failure>
  </testcase>
  <testcase name="testDefaultProfileReturnsNullWhenNoProfiles" classname="com.shareconnect.manager.ProfileManagerUnitTest" time="0.023">
    <failure message="java.lang.ClassCastException: class android.content.Context$MockitoMock$tUBsHXUi cannot be cast to class com.shareconnect.SCApplication (android.content.Context$MockitoMock$tUBsHXUi and com.shareconnect.SCApplication are in unnamed module of loader org.robolectric.internal.AndroidSandbox$SdkSandboxClassLoader @c2db68f)" type="java.lang.ClassCastException">java.lang.ClassCastException: class android.content.Context$MockitoMock$tUBsHXUi cannot be cast to class com.shareconnect.SCApplication (android.content.Context$MockitoMock$tUBsHXUi and com.shareconnect.SCApplication are in unnamed module of loader org.robolectric.internal.AndroidSandbox$SdkSandboxClassLoader @c2db68f)
	at com.shareconnect.database.ServerProfileRepository.&lt;init&gt;(ServerProfileRepository.kt:12)
	at com.shareconnect.ProfileManager.&lt;init&gt;(ProfileManager.kt:27)
	at com.shareconnect.ProfileManager.&lt;init&gt;(ProfileManager.kt:17)
	at com.shareconnect.manager.ProfileManagerUnitTest.setUp(ProfileManagerUnitTest.kt:59)
	at java.base/jdk.internal.reflect.DirectMethodHandleAccessor.invoke(Unknown Source)
	at java.base/java.lang.reflect.Method.invoke(Unknown Source)
	at org.junit.runners.model.FrameworkMethod$1.runReflectiveCall(FrameworkMethod.java:59)
	at org.junit.internal.runners.model.ReflectiveCallable.run(ReflectiveCallable.java:12)
	at org.junit.runners.model.FrameworkMethod.invokeExplosively(FrameworkMethod.java:56)
	at org.junit.internal.runners.statements.RunBefores.invokeMethod(RunBefores.java:33)
	at org.junit.internal.runners.statements.RunBefores.evaluate(RunBefores.java:24)
	at org.junit.runners.ParentRunner$3.evaluate(ParentRunner.java:306)
	at org.robolectric.RobolectricTestRunner$HelperTestRunner$1.evaluate(RobolectricTestRunner.java:524)
	at org.robolectric.internal.SandboxTestRunner.executeInSandbox(SandboxTestRunner.java:494)
	at org.robolectric.internal.SandboxTestRunner.access$900(SandboxTestRunner.java:67)
	at org.robolectric.internal.SandboxTestRunner$7.evaluate(SandboxTestRunner.java:442)
	at org.junit.runners.BlockJUnit4ClassRunner$1.evaluate(BlockJUnit4ClassRunner.java:100)
	at org.junit.runners.ParentRunner.runLeaf(ParentRunner.java:366)
	at org.junit.runners.BlockJUnit4ClassRunner.runChild(BlockJUnit4ClassRunner.java:103)
	at org.robolectric.internal.SandboxTestRunner.access$600(SandboxTestRunner.java:67)
	at org.robolectric.internal.SandboxTestRunner$6.evaluate(SandboxTestRunner.java:333)
	at org.robolectric.internal.SandboxTestRunner$3.evaluate(SandboxTestRunner.java:233)
	at org.robolectric.internal.SandboxTestRunner$5.lambda$evaluate$0(SandboxTestRunner.java:317)
	at org.robolectric.internal.bytecode.Sandbox.lambda$runOnMainThread$0(Sandbox.java:101)
	at java.base/java.util.concurrent.FutureTask.run(Unknown Source)
	at java.base/java.util.concurrent.ThreadPoolExecutor.runWorker(Unknown Source)
	at java.base/java.util.concurrent.ThreadPoolExecutor$Worker.run(Unknown Source)
	at java.base/java.lang.Thread.run(Unknown Source)
</failure>
  </testcase>
  <testcase name="testAllTorrentClientTypes" classname="com.shareconnect.manager.ProfileManagerUnitTest" time="0.025">
    <failure message="java.lang.ClassCastException: class android.content.Context$MockitoMock$tUBsHXUi cannot be cast to class com.shareconnect.SCApplication (android.content.Context$MockitoMock$tUBsHXUi and com.shareconnect.SCApplication are in unnamed module of loader org.robolectric.internal.AndroidSandbox$SdkSandboxClassLoader @c2db68f)" type="java.lang.ClassCastException">java.lang.ClassCastException: class android.content.Context$MockitoMock$tUBsHXUi cannot be cast to class com.shareconnect.SCApplication (android.content.Context$MockitoMock$tUBsHXUi and com.shareconnect.SCApplication are in unnamed module of loader org.robolectric.internal.AndroidSandbox$SdkSandboxClassLoader @c2db68f)
	at com.shareconnect.database.ServerProfileRepository.&lt;init&gt;(ServerProfileRepository.kt:12)
	at com.shareconnect.ProfileManager.&lt;init&gt;(ProfileManager.kt:27)
	at com.shareconnect.ProfileManager.&lt;init&gt;(ProfileManager.kt:17)
	at com.shareconnect.manager.ProfileManagerUnitTest.setUp(ProfileManagerUnitTest.kt:59)
	at java.base/jdk.internal.reflect.DirectMethodHandleAccessor.invoke(Unknown Source)
	at java.base/java.lang.reflect.Method.invoke(Unknown Source)
	at org.junit.runners.model.FrameworkMethod$1.runReflectiveCall(FrameworkMethod.java:59)
	at org.junit.internal.runners.model.ReflectiveCallable.run(ReflectiveCallable.java:12)
	at org.junit.runners.model.FrameworkMethod.invokeExplosively(FrameworkMethod.java:56)
	at org.junit.internal.runners.statements.RunBefores.invokeMethod(RunBefores.java:33)
	at org.junit.internal.runners.statements.RunBefores.evaluate(RunBefores.java:24)
	at org.junit.runners.ParentRunner$3.evaluate(ParentRunner.java:306)
	at org.robolectric.RobolectricTestRunner$HelperTestRunner$1.evaluate(RobolectricTestRunner.java:524)
	at org.robolectric.internal.SandboxTestRunner.executeInSandbox(SandboxTestRunner.java:494)
	at org.robolectric.internal.SandboxTestRunner.access$900(SandboxTestRunner.java:67)
	at org.robolectric.internal.SandboxTestRunner$7.evaluate(SandboxTestRunner.java:442)
	at org.junit.runners.BlockJUnit4ClassRunner$1.evaluate(BlockJUnit4ClassRunner.java:100)
	at org.junit.runners.ParentRunner.runLeaf(ParentRunner.java:366)
	at org.junit.runners.BlockJUnit4ClassRunner.runChild(BlockJUnit4ClassRunner.java:103)
	at org.robolectric.internal.SandboxTestRunner.access$600(SandboxTestRunner.java:67)
	at org.robolectric.internal.SandboxTestRunner$6.evaluate(SandboxTestRunner.java:333)
	at org.robolectric.internal.SandboxTestRunner$3.evaluate(SandboxTestRunner.java:233)
	at org.robolectric.internal.SandboxTestRunner$5.lambda$evaluate$0(SandboxTestRunner.java:317)
	at org.robolectric.internal.bytecode.Sandbox.lambda$runOnMainThread$0(Sandbox.java:101)
	at java.base/java.util.concurrent.FutureTask.run(Unknown Source)
	at java.base/java.util.concurrent.ThreadPoolExecutor.runWorker(Unknown Source)
	at java.base/java.util.concurrent.ThreadPoolExecutor$Worker.run(Unknown Source)
	at java.base/java.lang.Thread.run(Unknown Source)
</failure>
  </testcase>
  <testcase name="testDefaultProfileFallsBackToSharedPreferences" classname="com.shareconnect.manager.ProfileManagerUnitTest" time="0.024">
    <failure message="java.lang.ClassCastException: class android.content.Context$MockitoMock$tUBsHXUi cannot be cast to class com.shareconnect.SCApplication (android.content.Context$MockitoMock$tUBsHXUi and com.shareconnect.SCApplication are in unnamed module of loader org.robolectric.internal.AndroidSandbox$SdkSandboxClassLoader @c2db68f)" type="java.lang.ClassCastException">java.lang.ClassCastException: class android.content.Context$MockitoMock$tUBsHXUi cannot be cast to class com.shareconnect.SCApplication (android.content.Context$MockitoMock$tUBsHXUi and com.shareconnect.SCApplication are in unnamed module of loader org.robolectric.internal.AndroidSandbox$SdkSandboxClassLoader @c2db68f)
	at com.shareconnect.database.ServerProfileRepository.&lt;init&gt;(ServerProfileRepository.kt:12)
	at com.shareconnect.ProfileManager.&lt;init&gt;(ProfileManager.kt:27)
	at com.shareconnect.ProfileManager.&lt;init&gt;(ProfileManager.kt:17)
	at com.shareconnect.manager.ProfileManagerUnitTest.setUp(ProfileManagerUnitTest.kt:59)
	at java.base/jdk.internal.reflect.DirectMethodHandleAccessor.invoke(Unknown Source)
	at java.base/java.lang.reflect.Method.invoke(Unknown Source)
	at org.junit.runners.model.FrameworkMethod$1.runReflectiveCall(FrameworkMethod.java:59)
	at org.junit.internal.runners.model.ReflectiveCallable.run(ReflectiveCallable.java:12)
	at org.junit.runners.model.FrameworkMethod.invokeExplosively(FrameworkMethod.java:56)
	at org.junit.internal.runners.statements.RunBefores.invokeMethod(RunBefores.java:33)
	at org.junit.internal.runners.statements.RunBefores.evaluate(RunBefores.java:24)
	at org.junit.runners.ParentRunner$3.evaluate(ParentRunner.java:306)
	at org.robolectric.RobolectricTestRunner$HelperTestRunner$1.evaluate(RobolectricTestRunner.java:524)
	at org.robolectric.internal.SandboxTestRunner.executeInSandbox(SandboxTestRunner.java:494)
	at org.robolectric.internal.SandboxTestRunner.access$900(SandboxTestRunner.java:67)
	at org.robolectric.internal.SandboxTestRunner$7.evaluate(SandboxTestRunner.java:442)
	at org.junit.runners.BlockJUnit4ClassRunner$1.evaluate(BlockJUnit4ClassRunner.java:100)
	at org.junit.runners.ParentRunner.runLeaf(ParentRunner.java:366)
	at org.junit.runners.BlockJUnit4ClassRunner.runChild(BlockJUnit4ClassRunner.java:103)
	at org.robolectric.internal.SandboxTestRunner.access$600(SandboxTestRunner.java:67)
	at org.robolectric.internal.SandboxTestRunner$6.evaluate(SandboxTestRunner.java:333)
	at org.robolectric.internal.SandboxTestRunner$3.evaluate(SandboxTestRunner.java:233)
	at org.robolectric.internal.SandboxTestRunner$5.lambda$evaluate$0(SandboxTestRunner.java:317)
	at org.robolectric.internal.bytecode.Sandbox.lambda$runOnMainThread$0(Sandbox.java:101)
	at java.base/java.util.concurrent.FutureTask.run(Unknown Source)
	at java.base/java.util.concurrent.ThreadPoolExecutor.runWorker(Unknown Source)
	at java.base/java.util.concurrent.ThreadPoolExecutor$Worker.run(Unknown Source)
	at java.base/java.lang.Thread.run(Unknown Source)
</failure>
  </testcase>
  <testcase name="testHasProfilesWithExistingProfiles" classname="com.shareconnect.manager.ProfileManagerUnitTest" time="0.025">
    <failure message="java.lang.ClassCastException: class android.content.Context$MockitoMock$tUBsHXUi cannot be cast to class com.shareconnect.SCApplication (android.content.Context$MockitoMock$tUBsHXUi and com.shareconnect.SCApplication are in unnamed module of loader org.robolectric.internal.AndroidSandbox$SdkSandboxClassLoader @c2db68f)" type="java.lang.ClassCastException">java.lang.ClassCastException: class android.content.Context$MockitoMock$tUBsHXUi cannot be cast to class com.shareconnect.SCApplication (android.content.Context$MockitoMock$tUBsHXUi and com.shareconnect.SCApplication are in unnamed module of loader org.robolectric.internal.AndroidSandbox$SdkSandboxClassLoader @c2db68f)
	at com.shareconnect.database.ServerProfileRepository.&lt;init&gt;(ServerProfileRepository.kt:12)
	at com.shareconnect.ProfileManager.&lt;init&gt;(ProfileManager.kt:27)
	at com.shareconnect.ProfileManager.&lt;init&gt;(ProfileManager.kt:17)
	at com.shareconnect.manager.ProfileManagerUnitTest.setUp(ProfileManagerUnitTest.kt:59)
	at java.base/jdk.internal.reflect.DirectMethodHandleAccessor.invoke(Unknown Source)
	at java.base/java.lang.reflect.Method.invoke(Unknown Source)
	at org.junit.runners.model.FrameworkMethod$1.runReflectiveCall(FrameworkMethod.java:59)
	at org.junit.internal.runners.model.ReflectiveCallable.run(ReflectiveCallable.java:12)
	at org.junit.runners.model.FrameworkMethod.invokeExplosively(FrameworkMethod.java:56)
	at org.junit.internal.runners.statements.RunBefores.invokeMethod(RunBefores.java:33)
	at org.junit.internal.runners.statements.RunBefores.evaluate(RunBefores.java:24)
	at org.junit.runners.ParentRunner$3.evaluate(ParentRunner.java:306)
	at org.robolectric.RobolectricTestRunner$HelperTestRunner$1.evaluate(RobolectricTestRunner.java:524)
	at org.robolectric.internal.SandboxTestRunner.executeInSandbox(SandboxTestRunner.java:494)
	at org.robolectric.internal.SandboxTestRunner.access$900(SandboxTestRunner.java:67)
	at org.robolectric.internal.SandboxTestRunner$7.evaluate(SandboxTestRunner.java:442)
	at org.junit.runners.BlockJUnit4ClassRunner$1.evaluate(BlockJUnit4ClassRunner.java:100)
	at org.junit.runners.ParentRunner.runLeaf(ParentRunner.java:366)
	at org.junit.runners.BlockJUnit4ClassRunner.runChild(BlockJUnit4ClassRunner.java:103)
	at org.robolectric.internal.SandboxTestRunner.access$600(SandboxTestRunner.java:67)
	at org.robolectric.internal.SandboxTestRunner$6.evaluate(SandboxTestRunner.java:333)
	at org.robolectric.internal.SandboxTestRunner$3.evaluate(SandboxTestRunner.java:233)
	at org.robolectric.internal.SandboxTestRunner$5.lambda$evaluate$0(SandboxTestRunner.java:317)
	at org.robolectric.internal.bytecode.Sandbox.lambda$runOnMainThread$0(Sandbox.java:101)
	at java.base/java.util.concurrent.FutureTask.run(Unknown Source)
	at java.base/java.util.concurrent.ThreadPoolExecutor.runWorker(Unknown Source)
	at java.base/java.util.concurrent.ThreadPoolExecutor$Worker.run(Unknown Source)
	at java.base/java.lang.Thread.run(Unknown Source)
</failure>
  </testcase>
  <testcase name="testDefaultProfileReturnsRepositoryDefault" classname="com.shareconnect.manager.ProfileManagerUnitTest" time="0.029">
    <failure message="java.lang.ClassCastException: class android.content.Context$MockitoMock$tUBsHXUi cannot be cast to class com.shareconnect.SCApplication (android.content.Context$MockitoMock$tUBsHXUi and com.shareconnect.SCApplication are in unnamed module of loader org.robolectric.internal.AndroidSandbox$SdkSandboxClassLoader @c2db68f)" type="java.lang.ClassCastException">java.lang.ClassCastException: class android.content.Context$MockitoMock$tUBsHXUi cannot be cast to class com.shareconnect.SCApplication (android.content.Context$MockitoMock$tUBsHXUi and com.shareconnect.SCApplication are in unnamed module of loader org.robolectric.internal.AndroidSandbox$SdkSandboxClassLoader @c2db68f)
	at com.shareconnect.database.ServerProfileRepository.&lt;init&gt;(ServerProfileRepository.kt:12)
	at com.shareconnect.ProfileManager.&lt;init&gt;(ProfileManager.kt:27)
	at com.shareconnect.ProfileManager.&lt;init&gt;(ProfileManager.kt:17)
	at com.shareconnect.manager.ProfileManagerUnitTest.setUp(ProfileManagerUnitTest.kt:59)
	at java.base/jdk.internal.reflect.DirectMethodHandleAccessor.invoke(Unknown Source)
	at java.base/java.lang.reflect.Method.invoke(Unknown Source)
	at org.junit.runners.model.FrameworkMethod$1.runReflectiveCall(FrameworkMethod.java:59)
	at org.junit.internal.runners.model.ReflectiveCallable.run(ReflectiveCallable.java:12)
	at org.junit.runners.model.FrameworkMethod.invokeExplosively(FrameworkMethod.java:56)
	at org.junit.internal.runners.statements.RunBefores.invokeMethod(RunBefores.java:33)
	at org.junit.internal.runners.statements.RunBefores.evaluate(RunBefores.java:24)
	at org.junit.runners.ParentRunner$3.evaluate(ParentRunner.java:306)
	at org.robolectric.RobolectricTestRunner$HelperTestRunner$1.evaluate(RobolectricTestRunner.java:524)
	at org.robolectric.internal.SandboxTestRunner.executeInSandbox(SandboxTestRunner.java:494)
	at org.robolectric.internal.SandboxTestRunner.access$900(SandboxTestRunner.java:67)
	at org.robolectric.internal.SandboxTestRunner$7.evaluate(SandboxTestRunner.java:442)
	at org.junit.runners.BlockJUnit4ClassRunner$1.evaluate(BlockJUnit4ClassRunner.java:100)
	at org.junit.runners.ParentRunner.runLeaf(ParentRunner.java:366)
	at org.junit.runners.BlockJUnit4ClassRunner.runChild(BlockJUnit4ClassRunner.java:103)
	at org.robolectric.internal.SandboxTestRunner.access$600(SandboxTestRunner.java:67)
	at org.robolectric.internal.SandboxTestRunner$6.evaluate(SandboxTestRunner.java:333)
	at org.robolectric.internal.SandboxTestRunner$3.evaluate(SandboxTestRunner.java:233)
	at org.robolectric.internal.SandboxTestRunner$5.lambda$evaluate$0(SandboxTestRunner.java:317)
	at org.robolectric.internal.bytecode.Sandbox.lambda$runOnMainThread$0(Sandbox.java:101)
	at java.base/java.util.concurrent.FutureTask.run(Unknown Source)
	at java.base/java.util.concurrent.ThreadPoolExecutor.runWorker(Unknown Source)
	at java.base/java.util.concurrent.ThreadPoolExecutor$Worker.run(Unknown Source)
	at java.base/java.lang.Thread.run(Unknown Source)
</failure>
  </testcase>
  <testcase name="testUpdateProfile" classname="com.shareconnect.manager.ProfileManagerUnitTest" time="0.025">
    <failure message="java.lang.ClassCastException: class android.content.Context$MockitoMock$tUBsHXUi cannot be cast to class com.shareconnect.SCApplication (android.content.Context$MockitoMock$tUBsHXUi and com.shareconnect.SCApplication are in unnamed module of loader org.robolectric.internal.AndroidSandbox$SdkSandboxClassLoader @c2db68f)" type="java.lang.ClassCastException">java.lang.ClassCastException: class android.content.Context$MockitoMock$tUBsHXUi cannot be cast to class com.shareconnect.SCApplication (android.content.Context$MockitoMock$tUBsHXUi and com.shareconnect.SCApplication are in unnamed module of loader org.robolectric.internal.AndroidSandbox$SdkSandboxClassLoader @c2db68f)
	at com.shareconnect.database.ServerProfileRepository.&lt;init&gt;(ServerProfileRepository.kt:12)
	at com.shareconnect.ProfileManager.&lt;init&gt;(ProfileManager.kt:27)
	at com.shareconnect.ProfileManager.&lt;init&gt;(ProfileManager.kt:17)
	at com.shareconnect.manager.ProfileManagerUnitTest.setUp(ProfileManagerUnitTest.kt:59)
	at java.base/jdk.internal.reflect.DirectMethodHandleAccessor.invoke(Unknown Source)
	at java.base/java.lang.reflect.Method.invoke(Unknown Source)
	at org.junit.runners.model.FrameworkMethod$1.runReflectiveCall(FrameworkMethod.java:59)
	at org.junit.internal.runners.model.ReflectiveCallable.run(ReflectiveCallable.java:12)
	at org.junit.runners.model.FrameworkMethod.invokeExplosively(FrameworkMethod.java:56)
	at org.junit.internal.runners.statements.RunBefores.invokeMethod(RunBefores.java:33)
	at org.junit.internal.runners.statements.RunBefores.evaluate(RunBefores.java:24)
	at org.junit.runners.ParentRunner$3.evaluate(ParentRunner.java:306)
	at org.robolectric.RobolectricTestRunner$HelperTestRunner$1.evaluate(RobolectricTestRunner.java:524)
	at org.robolectric.internal.SandboxTestRunner.executeInSandbox(SandboxTestRunner.java:494)
	at org.robolectric.internal.SandboxTestRunner.access$900(SandboxTestRunner.java:67)
	at org.robolectric.internal.SandboxTestRunner$7.evaluate(SandboxTestRunner.java:442)
	at org.junit.runners.BlockJUnit4ClassRunner$1.evaluate(BlockJUnit4ClassRunner.java:100)
	at org.junit.runners.ParentRunner.runLeaf(ParentRunner.java:366)
	at org.junit.runners.BlockJUnit4ClassRunner.runChild(BlockJUnit4ClassRunner.java:103)
	at org.robolectric.internal.SandboxTestRunner.access$600(SandboxTestRunner.java:67)
	at org.robolectric.internal.SandboxTestRunner$6.evaluate(SandboxTestRunner.java:333)
	at org.robolectric.internal.SandboxTestRunner$3.evaluate(SandboxTestRunner.java:233)
	at org.robolectric.internal.SandboxTestRunner$5.lambda$evaluate$0(SandboxTestRunner.java:317)
	at org.robolectric.internal.bytecode.Sandbox.lambda$runOnMainThread$0(Sandbox.java:101)
	at java.base/java.util.concurrent.FutureTask.run(Unknown Source)
	at java.base/java.util.concurrent.ThreadPoolExecutor.runWorker(Unknown Source)
	at java.base/java.util.concurrent.ThreadPoolExecutor$Worker.run(Unknown Source)
	at java.base/java.lang.Thread.run(Unknown Source)
</failure>
  </testcase>
  <testcase name="testAllServiceTypes" classname="com.shareconnect.manager.ProfileManagerUnitTest" time="0.029">
    <failure message="java.lang.ClassCastException: class android.content.Context$MockitoMock$tUBsHXUi cannot be cast to class com.shareconnect.SCApplication (android.content.Context$MockitoMock$tUBsHXUi and com.shareconnect.SCApplication are in unnamed module of loader org.robolectric.internal.AndroidSandbox$SdkSandboxClassLoader @c2db68f)" type="java.lang.ClassCastException">java.lang.ClassCastException: class android.content.Context$MockitoMock$tUBsHXUi cannot be cast to class com.shareconnect.SCApplication (android.content.Context$MockitoMock$tUBsHXUi and com.shareconnect.SCApplication are in unnamed module of loader org.robolectric.internal.AndroidSandbox$SdkSandboxClassLoader @c2db68f)
	at com.shareconnect.database.ServerProfileRepository.&lt;init&gt;(ServerProfileRepository.kt:12)
	at com.shareconnect.ProfileManager.&lt;init&gt;(ProfileManager.kt:27)
	at com.shareconnect.ProfileManager.&lt;init&gt;(ProfileManager.kt:17)
	at com.shareconnect.manager.ProfileManagerUnitTest.setUp(ProfileManagerUnitTest.kt:59)
	at java.base/jdk.internal.reflect.DirectMethodHandleAccessor.invoke(Unknown Source)
	at java.base/java.lang.reflect.Method.invoke(Unknown Source)
	at org.junit.runners.model.FrameworkMethod$1.runReflectiveCall(FrameworkMethod.java:59)
	at org.junit.internal.runners.model.ReflectiveCallable.run(ReflectiveCallable.java:12)
	at org.junit.runners.model.FrameworkMethod.invokeExplosively(FrameworkMethod.java:56)
	at org.junit.internal.runners.statements.RunBefores.invokeMethod(RunBefores.java:33)
	at org.junit.internal.runners.statements.RunBefores.evaluate(RunBefores.java:24)
	at org.junit.runners.ParentRunner$3.evaluate(ParentRunner.java:306)
	at org.robolectric.RobolectricTestRunner$HelperTestRunner$1.evaluate(RobolectricTestRunner.java:524)
	at org.robolectric.internal.SandboxTestRunner.executeInSandbox(SandboxTestRunner.java:494)
	at org.robolectric.internal.SandboxTestRunner.access$900(SandboxTestRunner.java:67)
	at org.robolectric.internal.SandboxTestRunner$7.evaluate(SandboxTestRunner.java:442)
	at org.junit.runners.BlockJUnit4ClassRunner$1.evaluate(BlockJUnit4ClassRunner.java:100)
	at org.junit.runners.ParentRunner.runLeaf(ParentRunner.java:366)
	at org.junit.runners.BlockJUnit4ClassRunner.runChild(BlockJUnit4ClassRunner.java:103)
	at org.robolectric.internal.SandboxTestRunner.access$600(SandboxTestRunner.java:67)
	at org.robolectric.internal.SandboxTestRunner$6.evaluate(SandboxTestRunner.java:333)
	at org.robolectric.internal.SandboxTestRunner$3.evaluate(SandboxTestRunner.java:233)
	at org.robolectric.internal.SandboxTestRunner$5.lambda$evaluate$0(SandboxTestRunner.java:317)
	at org.robolectric.internal.bytecode.Sandbox.lambda$runOnMainThread$0(Sandbox.java:101)
	at java.base/java.util.concurrent.FutureTask.run(Unknown Source)
	at java.base/java.util.concurrent.ThreadPoolExecutor.runWorker(Unknown Source)
	at java.base/java.util.concurrent.ThreadPoolExecutor$Worker.run(Unknown Source)
	at java.base/java.lang.Thread.run(Unknown Source)
</failure>
  </testcase>
  <testcase name="testGetProfiles" classname="com.shareconnect.manager.ProfileManagerUnitTest" time="0.03">
    <failure message="java.lang.ClassCastException: class android.content.Context$MockitoMock$tUBsHXUi cannot be cast to class com.shareconnect.SCApplication (android.content.Context$MockitoMock$tUBsHXUi and com.shareconnect.SCApplication are in unnamed module of loader org.robolectric.internal.AndroidSandbox$SdkSandboxClassLoader @c2db68f)" type="java.lang.ClassCastException">java.lang.ClassCastException: class android.content.Context$MockitoMock$tUBsHXUi cannot be cast to class com.shareconnect.SCApplication (android.content.Context$MockitoMock$tUBsHXUi and com.shareconnect.SCApplication are in unnamed module of loader org.robolectric.internal.AndroidSandbox$SdkSandboxClassLoader @c2db68f)
	at com.shareconnect.database.ServerProfileRepository.&lt;init&gt;(ServerProfileRepository.kt:12)
	at com.shareconnect.ProfileManager.&lt;init&gt;(ProfileManager.kt:27)
	at com.shareconnect.ProfileManager.&lt;init&gt;(ProfileManager.kt:17)
	at com.shareconnect.manager.ProfileManagerUnitTest.setUp(ProfileManagerUnitTest.kt:59)
	at java.base/jdk.internal.reflect.DirectMethodHandleAccessor.invoke(Unknown Source)
	at java.base/java.lang.reflect.Method.invoke(Unknown Source)
	at org.junit.runners.model.FrameworkMethod$1.runReflectiveCall(FrameworkMethod.java:59)
	at org.junit.internal.runners.model.ReflectiveCallable.run(ReflectiveCallable.java:12)
	at org.junit.runners.model.FrameworkMethod.invokeExplosively(FrameworkMethod.java:56)
	at org.junit.internal.runners.statements.RunBefores.invokeMethod(RunBefores.java:33)
	at org.junit.internal.runners.statements.RunBefores.evaluate(RunBefores.java:24)
	at org.junit.runners.ParentRunner$3.evaluate(ParentRunner.java:306)
	at org.robolectric.RobolectricTestRunner$HelperTestRunner$1.evaluate(RobolectricTestRunner.java:524)
	at org.robolectric.internal.SandboxTestRunner.executeInSandbox(SandboxTestRunner.java:494)
	at org.robolectric.internal.SandboxTestRunner.access$900(SandboxTestRunner.java:67)
	at org.robolectric.internal.SandboxTestRunner$7.evaluate(SandboxTestRunner.java:442)
	at org.junit.runners.BlockJUnit4ClassRunner$1.evaluate(BlockJUnit4ClassRunner.java:100)
	at org.junit.runners.ParentRunner.runLeaf(ParentRunner.java:366)
	at org.junit.runners.BlockJUnit4ClassRunner.runChild(BlockJUnit4ClassRunner.java:103)
	at org.robolectric.internal.SandboxTestRunner.access$600(SandboxTestRunner.java:67)
	at org.robolectric.internal.SandboxTestRunner$6.evaluate(SandboxTestRunner.java:333)
	at org.robolectric.internal.SandboxTestRunner$3.evaluate(SandboxTestRunner.java:233)
	at org.robolectric.internal.SandboxTestRunner$5.lambda$evaluate$0(SandboxTestRunner.java:317)
	at org.robolectric.internal.bytecode.Sandbox.lambda$runOnMainThread$0(Sandbox.java:101)
	at java.base/java.util.concurrent.FutureTask.run(Unknown Source)
	at java.base/java.util.concurrent.ThreadPoolExecutor.runWorker(Unknown Source)
	at java.base/java.util.concurrent.ThreadPoolExecutor$Worker.run(Unknown Source)
	at java.base/java.lang.Thread.run(Unknown Source)
</failure>
  </testcase>
  <testcase name="testDefaultProfileFallsBackToFirstProfile" classname="com.shareconnect.manager.ProfileManagerUnitTest" time="0.037">
    <failure message="java.lang.ClassCastException: class android.content.Context$MockitoMock$tUBsHXUi cannot be cast to class com.shareconnect.SCApplication (android.content.Context$MockitoMock$tUBsHXUi and com.shareconnect.SCApplication are in unnamed module of loader org.robolectric.internal.AndroidSandbox$SdkSandboxClassLoader @c2db68f)" type="java.lang.ClassCastException">java.lang.ClassCastException: class android.content.Context$MockitoMock$tUBsHXUi cannot be cast to class com.shareconnect.SCApplication (android.content.Context$MockitoMock$tUBsHXUi and com.shareconnect.SCApplication are in unnamed module of loader org.robolectric.internal.AndroidSandbox$SdkSandboxClassLoader @c2db68f)
	at com.shareconnect.database.ServerProfileRepository.&lt;init&gt;(ServerProfileRepository.kt:12)
	at com.shareconnect.ProfileManager.&lt;init&gt;(ProfileManager.kt:27)
	at com.shareconnect.ProfileManager.&lt;init&gt;(ProfileManager.kt:17)
	at com.shareconnect.manager.ProfileManagerUnitTest.setUp(ProfileManagerUnitTest.kt:59)
	at java.base/jdk.internal.reflect.DirectMethodHandleAccessor.invoke(Unknown Source)
	at java.base/java.lang.reflect.Method.invoke(Unknown Source)
	at org.junit.runners.model.FrameworkMethod$1.runReflectiveCall(FrameworkMethod.java:59)
	at org.junit.internal.runners.model.ReflectiveCallable.run(ReflectiveCallable.java:12)
	at org.junit.runners.model.FrameworkMethod.invokeExplosively(FrameworkMethod.java:56)
	at org.junit.internal.runners.statements.RunBefores.invokeMethod(RunBefores.java:33)
	at org.junit.internal.runners.statements.RunBefores.evaluate(RunBefores.java:24)
	at org.junit.runners.ParentRunner$3.evaluate(ParentRunner.java:306)
	at org.robolectric.RobolectricTestRunner$HelperTestRunner$1.evaluate(RobolectricTestRunner.java:524)
	at org.robolectric.internal.SandboxTestRunner.executeInSandbox(SandboxTestRunner.java:494)
	at org.robolectric.internal.SandboxTestRunner.access$900(SandboxTestRunner.java:67)
	at org.robolectric.internal.SandboxTestRunner$7.evaluate(SandboxTestRunner.java:442)
	at org.junit.runners.BlockJUnit4ClassRunner$1.evaluate(BlockJUnit4ClassRunner.java:100)
	at org.junit.runners.ParentRunner.runLeaf(ParentRunner.java:366)
	at org.junit.runners.BlockJUnit4ClassRunner.runChild(BlockJUnit4ClassRunner.java:103)
	at org.robolectric.internal.SandboxTestRunner.access$600(SandboxTestRunner.java:67)
	at org.robolectric.internal.SandboxTestRunner$6.evaluate(SandboxTestRunner.java:333)
	at org.robolectric.internal.SandboxTestRunner$3.evaluate(SandboxTestRunner.java:233)
	at org.robolectric.internal.SandboxTestRunner$5.lambda$evaluate$0(SandboxTestRunner.java:317)
	at org.robolectric.internal.bytecode.Sandbox.lambda$runOnMainThread$0(Sandbox.java:101)
	at java.base/java.util.concurrent.FutureTask.run(Unknown Source)
	at java.base/java.util.concurrent.ThreadPoolExecutor.runWorker(Unknown Source)
	at java.base/java.util.concurrent.ThreadPoolExecutor$Worker.run(Unknown Source)
	at java.base/java.lang.Thread.run(Unknown Source)
</failure>
  </testcase>
  <testcase name="testAddProfile" classname="com.shareconnect.manager.ProfileManagerUnitTest" time="0.035">
    <failure message="java.lang.ClassCastException: class android.content.Context$MockitoMock$tUBsHXUi cannot be cast to class com.shareconnect.SCApplication (android.content.Context$MockitoMock$tUBsHXUi and com.shareconnect.SCApplication are in unnamed module of loader org.robolectric.internal.AndroidSandbox$SdkSandboxClassLoader @c2db68f)" type="java.lang.ClassCastException">java.lang.ClassCastException: class android.content.Context$MockitoMock$tUBsHXUi cannot be cast to class com.shareconnect.SCApplication (android.content.Context$MockitoMock$tUBsHXUi and com.shareconnect.SCApplication are in unnamed module of loader org.robolectric.internal.AndroidSandbox$SdkSandboxClassLoader @c2db68f)
	at com.shareconnect.database.ServerProfileRepository.&lt;init&gt;(ServerProfileRepository.kt:12)
	at com.shareconnect.ProfileManager.&lt;init&gt;(ProfileManager.kt:27)
	at com.shareconnect.ProfileManager.&lt;init&gt;(ProfileManager.kt:17)
	at com.shareconnect.manager.ProfileManagerUnitTest.setUp(ProfileManagerUnitTest.kt:59)
	at java.base/jdk.internal.reflect.DirectMethodHandleAccessor.invoke(Unknown Source)
	at java.base/java.lang.reflect.Method.invoke(Unknown Source)
	at org.junit.runners.model.FrameworkMethod$1.runReflectiveCall(FrameworkMethod.java:59)
	at org.junit.internal.runners.model.ReflectiveCallable.run(ReflectiveCallable.java:12)
	at org.junit.runners.model.FrameworkMethod.invokeExplosively(FrameworkMethod.java:56)
	at org.junit.internal.runners.statements.RunBefores.invokeMethod(RunBefores.java:33)
	at org.junit.internal.runners.statements.RunBefores.evaluate(RunBefores.java:24)
	at org.junit.runners.ParentRunner$3.evaluate(ParentRunner.java:306)
	at org.robolectric.RobolectricTestRunner$HelperTestRunner$1.evaluate(RobolectricTestRunner.java:524)
	at org.robolectric.internal.SandboxTestRunner.executeInSandbox(SandboxTestRunner.java:494)
	at org.robolectric.internal.SandboxTestRunner.access$900(SandboxTestRunner.java:67)
	at org.robolectric.internal.SandboxTestRunner$7.evaluate(SandboxTestRunner.java:442)
	at org.junit.runners.BlockJUnit4ClassRunner$1.evaluate(BlockJUnit4ClassRunner.java:100)
	at org.junit.runners.ParentRunner.runLeaf(ParentRunner.java:366)
	at org.junit.runners.BlockJUnit4ClassRunner.runChild(BlockJUnit4ClassRunner.java:103)
	at org.robolectric.internal.SandboxTestRunner.access$600(SandboxTestRunner.java:67)
	at org.robolectric.internal.SandboxTestRunner$6.evaluate(SandboxTestRunner.java:333)
	at org.robolectric.internal.SandboxTestRunner$3.evaluate(SandboxTestRunner.java:233)
	at org.robolectric.internal.SandboxTestRunner$5.lambda$evaluate$0(SandboxTestRunner.java:317)
	at org.robolectric.internal.bytecode.Sandbox.lambda$runOnMainThread$0(Sandbox.java:101)
	at java.base/java.util.concurrent.FutureTask.run(Unknown Source)
	at java.base/java.util.concurrent.ThreadPoolExecutor.runWorker(Unknown Source)
	at java.base/java.util.concurrent.ThreadPoolExecutor$Worker.run(Unknown Source)
	at java.base/java.lang.Thread.run(Unknown Source)
</failure>
  </testcase>
  <testcase name="testDeleteProfile" classname="com.shareconnect.manager.ProfileManagerUnitTest" time="0.039">
    <failure message="java.lang.ClassCastException: class android.content.Context$MockitoMock$tUBsHXUi cannot be cast to class com.shareconnect.SCApplication (android.content.Context$MockitoMock$tUBsHXUi and com.shareconnect.SCApplication are in unnamed module of loader org.robolectric.internal.AndroidSandbox$SdkSandboxClassLoader @c2db68f)" type="java.lang.ClassCastException">java.lang.ClassCastException: class android.content.Context$MockitoMock$tUBsHXUi cannot be cast to class com.shareconnect.SCApplication (android.content.Context$MockitoMock$tUBsHXUi and com.shareconnect.SCApplication are in unnamed module of loader org.robolectric.internal.AndroidSandbox$SdkSandboxClassLoader @c2db68f)
	at com.shareconnect.database.ServerProfileRepository.&lt;init&gt;(ServerProfileRepository.kt:12)
	at com.shareconnect.ProfileManager.&lt;init&gt;(ProfileManager.kt:27)
	at com.shareconnect.ProfileManager.&lt;init&gt;(ProfileManager.kt:17)
	at com.shareconnect.manager.ProfileManagerUnitTest.setUp(ProfileManagerUnitTest.kt:59)
	at java.base/jdk.internal.reflect.DirectMethodHandleAccessor.invoke(Unknown Source)
	at java.base/java.lang.reflect.Method.invoke(Unknown Source)
	at org.junit.runners.model.FrameworkMethod$1.runReflectiveCall(FrameworkMethod.java:59)
	at org.junit.internal.runners.model.ReflectiveCallable.run(ReflectiveCallable.java:12)
	at org.junit.runners.model.FrameworkMethod.invokeExplosively(FrameworkMethod.java:56)
	at org.junit.internal.runners.statements.RunBefores.invokeMethod(RunBefores.java:33)
	at org.junit.internal.runners.statements.RunBefores.evaluate(RunBefores.java:24)
	at org.junit.runners.ParentRunner$3.evaluate(ParentRunner.java:306)
	at org.robolectric.RobolectricTestRunner$HelperTestRunner$1.evaluate(RobolectricTestRunner.java:524)
	at org.robolectric.internal.SandboxTestRunner.executeInSandbox(SandboxTestRunner.java:494)
	at org.robolectric.internal.SandboxTestRunner.access$900(SandboxTestRunner.java:67)
	at org.robolectric.internal.SandboxTestRunner$7.evaluate(SandboxTestRunner.java:442)
	at org.junit.runners.BlockJUnit4ClassRunner$1.evaluate(BlockJUnit4ClassRunner.java:100)
	at org.junit.runners.ParentRunner.runLeaf(ParentRunner.java:366)
	at org.junit.runners.BlockJUnit4ClassRunner.runChild(BlockJUnit4ClassRunner.java:103)
	at org.robolectric.internal.SandboxTestRunner.access$600(SandboxTestRunner.java:67)
	at org.robolectric.internal.SandboxTestRunner$6.evaluate(SandboxTestRunner.java:333)
	at org.robolectric.internal.SandboxTestRunner$3.evaluate(SandboxTestRunner.java:233)
	at org.robolectric.internal.SandboxTestRunner$5.lambda$evaluate$0(SandboxTestRunner.java:317)
	at org.robolectric.internal.bytecode.Sandbox.lambda$runOnMainThread$0(Sandbox.java:101)
	at java.base/java.util.concurrent.FutureTask.run(Unknown Source)
	at java.base/java.util.concurrent.ThreadPoolExecutor.runWorker(Unknown Source)
	at java.base/java.util.concurrent.ThreadPoolExecutor$Worker.run(Unknown Source)
	at java.base/java.lang.Thread.run(Unknown Source)
</failure>
  </testcase>
  <testcase name="testGetProfilesByServiceType" classname="com.shareconnect.manager.ProfileManagerUnitTest" time="0.039">
    <failure message="java.lang.ClassCastException: class android.content.Context$MockitoMock$tUBsHXUi cannot be cast to class com.shareconnect.SCApplication (android.content.Context$MockitoMock$tUBsHXUi and com.shareconnect.SCApplication are in unnamed module of loader org.robolectric.internal.AndroidSandbox$SdkSandboxClassLoader @c2db68f)" type="java.lang.ClassCastException">java.lang.ClassCastException: class android.content.Context$MockitoMock$tUBsHXUi cannot be cast to class com.shareconnect.SCApplication (android.content.Context$MockitoMock$tUBsHXUi and com.shareconnect.SCApplication are in unnamed module of loader org.robolectric.internal.AndroidSandbox$SdkSandboxClassLoader @c2db68f)
	at com.shareconnect.database.ServerProfileRepository.&lt;init&gt;(ServerProfileRepository.kt:12)
	at com.shareconnect.ProfileManager.&lt;init&gt;(ProfileManager.kt:27)
	at com.shareconnect.ProfileManager.&lt;init&gt;(ProfileManager.kt:17)
	at com.shareconnect.manager.ProfileManagerUnitTest.setUp(ProfileManagerUnitTest.kt:59)
	at java.base/jdk.internal.reflect.DirectMethodHandleAccessor.invoke(Unknown Source)
	at java.base/java.lang.reflect.Method.invoke(Unknown Source)
	at org.junit.runners.model.FrameworkMethod$1.runReflectiveCall(FrameworkMethod.java:59)
	at org.junit.internal.runners.model.ReflectiveCallable.run(ReflectiveCallable.java:12)
	at org.junit.runners.model.FrameworkMethod.invokeExplosively(FrameworkMethod.java:56)
	at org.junit.internal.runners.statements.RunBefores.invokeMethod(RunBefores.java:33)
	at org.junit.internal.runners.statements.RunBefores.evaluate(RunBefores.java:24)
	at org.junit.runners.ParentRunner$3.evaluate(ParentRunner.java:306)
	at org.robolectric.RobolectricTestRunner$HelperTestRunner$1.evaluate(RobolectricTestRunner.java:524)
	at org.robolectric.internal.SandboxTestRunner.executeInSandbox(SandboxTestRunner.java:494)
	at org.robolectric.internal.SandboxTestRunner.access$900(SandboxTestRunner.java:67)
	at org.robolectric.internal.SandboxTestRunner$7.evaluate(SandboxTestRunner.java:442)
	at org.junit.runners.BlockJUnit4ClassRunner$1.evaluate(BlockJUnit4ClassRunner.java:100)
	at org.junit.runners.ParentRunner.runLeaf(ParentRunner.java:366)
	at org.junit.runners.BlockJUnit4ClassRunner.runChild(BlockJUnit4ClassRunner.java:103)
	at org.robolectric.internal.SandboxTestRunner.access$600(SandboxTestRunner.java:67)
	at org.robolectric.internal.SandboxTestRunner$6.evaluate(SandboxTestRunner.java:333)
	at org.robolectric.internal.SandboxTestRunner$3.evaluate(SandboxTestRunner.java:233)
	at org.robolectric.internal.SandboxTestRunner$5.lambda$evaluate$0(SandboxTestRunner.java:317)
	at org.robolectric.internal.bytecode.Sandbox.lambda$runOnMainThread$0(Sandbox.java:101)
	at java.base/java.util.concurrent.FutureTask.run(Unknown Source)
	at java.base/java.util.concurrent.ThreadPoolExecutor.runWorker(Unknown Source)
	at java.base/java.util.concurrent.ThreadPoolExecutor$Worker.run(Unknown Source)
	at java.base/java.lang.Thread.run(Unknown Source)
</failure>
  </testcase>
  <testcase name="testGetProfilesEmpty" classname="com.shareconnect.manager.ProfileManagerUnitTest" time="0.02">
    <failure message="java.lang.ClassCastException: class android.content.Context$MockitoMock$tUBsHXUi cannot be cast to class com.shareconnect.SCApplication (android.content.Context$MockitoMock$tUBsHXUi and com.shareconnect.SCApplication are in unnamed module of loader org.robolectric.internal.AndroidSandbox$SdkSandboxClassLoader @c2db68f)" type="java.lang.ClassCastException">java.lang.ClassCastException: class android.content.Context$MockitoMock$tUBsHXUi cannot be cast to class com.shareconnect.SCApplication (android.content.Context$MockitoMock$tUBsHXUi and com.shareconnect.SCApplication are in unnamed module of loader org.robolectric.internal.AndroidSandbox$SdkSandboxClassLoader @c2db68f)
	at com.shareconnect.database.ServerProfileRepository.&lt;init&gt;(ServerProfileRepository.kt:12)
	at com.shareconnect.ProfileManager.&lt;init&gt;(ProfileManager.kt:27)
	at com.shareconnect.ProfileManager.&lt;init&gt;(ProfileManager.kt:17)
	at com.shareconnect.manager.ProfileManagerUnitTest.setUp(ProfileManagerUnitTest.kt:59)
	at java.base/jdk.internal.reflect.DirectMethodHandleAccessor.invoke(Unknown Source)
	at java.base/java.lang.reflect.Method.invoke(Unknown Source)
	at org.junit.runners.model.FrameworkMethod$1.runReflectiveCall(FrameworkMethod.java:59)
	at org.junit.internal.runners.model.ReflectiveCallable.run(ReflectiveCallable.java:12)
	at org.junit.runners.model.FrameworkMethod.invokeExplosively(FrameworkMethod.java:56)
	at org.junit.internal.runners.statements.RunBefores.invokeMethod(RunBefores.java:33)
	at org.junit.internal.runners.statements.RunBefores.evaluate(RunBefores.java:24)
	at org.junit.runners.ParentRunner$3.evaluate(ParentRunner.java:306)
	at org.robolectric.RobolectricTestRunner$HelperTestRunner$1.evaluate(RobolectricTestRunner.java:524)
	at org.robolectric.internal.SandboxTestRunner.executeInSandbox(SandboxTestRunner.java:494)
	at org.robolectric.internal.SandboxTestRunner.access$900(SandboxTestRunner.java:67)
	at org.robolectric.internal.SandboxTestRunner$7.evaluate(SandboxTestRunner.java:442)
	at org.junit.runners.BlockJUnit4ClassRunner$1.evaluate(BlockJUnit4ClassRunner.java:100)
	at org.junit.runners.ParentRunner.runLeaf(ParentRunner.java:366)
	at org.junit.runners.BlockJUnit4ClassRunner.runChild(BlockJUnit4ClassRunner.java:103)
	at org.robolectric.internal.SandboxTestRunner.access$600(SandboxTestRunner.java:67)
	at org.robolectric.internal.SandboxTestRunner$6.evaluate(SandboxTestRunner.java:333)
	at org.robolectric.internal.SandboxTestRunner$3.evaluate(SandboxTestRunner.java:233)
	at org.robolectric.internal.SandboxTestRunner$5.lambda$evaluate$0(SandboxTestRunner.java:317)
	at org.robolectric.internal.bytecode.Sandbox.lambda$runOnMainThread$0(Sandbox.java:101)
	at java.base/java.util.concurrent.FutureTask.run(Unknown Source)
	at java.base/java.util.concurrent.ThreadPoolExecutor.runWorker(Unknown Source)
	at java.base/java.util.concurrent.ThreadPoolExecutor$Worker.run(Unknown Source)
	at java.base/java.lang.Thread.run(Unknown Source)
</failure>
  </testcase>
  <system-out><![CDATA[]]></system-out>
  <system-err><![CDATA[]]></system-err>
</testsuite>
