
[Incubating] Problems report is available at: file:///home/milosvasic/Projects/ShareConnect/build/reports/problems/problems-report.html

FAILURE: Build completed with 2 failures.

1: Task failed with an exception.
-----------
* Where:
Build file '/home/milosvasic/Projects/ShareConnect/Connectors/MatrixConnect/MatrixConnector/build.gradle' line: 14

* What went wrong:
Could not compile build file '/home/milosvasic/Projects/ShareConnect/Connectors/MatrixConnect/MatrixConnector/build.gradle'.
> startup failed:
  build file '/home/milosvasic/Projects/ShareConnect/Connectors/MatrixConnect/MatrixConnector/build.gradle': 14: unable to resolve class configure 
   @ line 14, column 5.
         configure<JacocoTaskExtension> {
         ^
  
  1 error


* Try:
> Run with --stacktrace option to get the stack trace.
> Run with --info or --debug option to get more log output.
> Run with --scan to get full insights.
> Get more help at https://help.gradle.org.
==============================================================================

2: Task failed with an exception.
-----------
* What went wrong:
A problem occurred configuring project ':MatrixConnector'.
> Android Gradle Plugin: project ':MatrixConnector' does not specify `compileSdk` in build.gradle (/home/milosvasic/Projects/ShareConnect/Connectors/MatrixConnect/MatrixConnector/build.gradle).

* Try:
> Run with --stacktrace option to get the stack trace.
> Run with --info or --debug option to get more log output.
> Run with --scan to get full insights.
> Get more help at https://help.gradle.org.
==============================================================================

Deprecated Gradle features were used in this build, making it incompatible with Gradle 9.0.

You can use '--warning-mode all' to show the individual deprecation warnings and determine if they come from your own scripts or plugins.

For more on this, please refer to https://docs.gradle.org/8.14/userguide/command_line_interface.html#sec:command_line_warnings in the Gradle documentation.

BUILD FAILED in 988ms
