Creating the JCommons JAR archive
The 'toolkit_project_name' is: 'ShareConnect'
Creating the JCommons JAR archive
The 'toolkit_project_name' is: 'ShareConnect'
Note: Some input files use or override a deprecated API.
Note: Recompile with -Xlint:deprecation for details.
Note: Some input files use unchecked or unsafe operations.
Note: Recompile with -Xlint:unchecked for details.
Creating the JCommons JAR archive
The 'toolkit_project_name' is: 'ShareConnect'
Note: Some input files use or override a deprecated API.
Note: Recompile with -Xlint:deprecation for details.
Note: Some input files use unchecked or unsafe operations.
Note: Recompile with -Xlint:unchecked for details.
Creating the JCommons JAR archive
The 'toolkit_project_name' is: 'ShareConnect'
OpenJDK 64-Bit Server VM warning: Option AllowRedefinitionToAddDeleteMethods was deprecated in version 13.0 and will likely be removed in a future release.
OpenJDK 64-Bit Server VM warning: Sharing is only supported for boot loader classes because bootstrap classpath has been appended

53 tests completed, 25 failed

FAILURE: Build failed with an exception.

* What went wrong:
Execution failed for task ':qBitConnector:testReleaseUnitTest'.
> There were failing tests. See the report at: file:///home/milosvasic/Projects/ShareConnect/Connectors/qBitConnect/qBitConnector/build/reports/tests/testReleaseUnitTest/index.html

* Try:
> Run with --scan to get full insights.

BUILD FAILED in 9s
Creating the JCommons JAR archive
The 'toolkit_project_name' is: 'ShareConnect'
Creating the JCommons JAR archive
The 'toolkit_project_name' is: 'ShareConnect'

39 tests completed, 9 failed

FAILURE: Build failed with an exception.

* What went wrong:
Execution failed for task ':ThemeSync:testDebugUnitTest'.
> There were failing tests. See the report at: file:///home/milosvasic/Projects/ShareConnect/ThemeSync/build/reports/tests/testDebugUnitTest/index.html

* Try:
> Run with --scan to get full insights.

BUILD FAILED in 5s
Creating the JCommons JAR archive
The 'toolkit_project_name' is: 'ShareConnect'
Creating the JCommons JAR archive
The 'toolkit_project_name' is: 'ShareConnect'

18 tests completed, 7 failed

FAILURE: Build failed with an exception.

* What went wrong:
Execution failed for task ':HistorySync:testDebugUnitTest'.
> There were failing tests. See the report at: file:///home/milosvasic/Projects/ShareConnect/HistorySync/build/reports/tests/testDebugUnitTest/index.html

* Try:
> Run with --scan to get full insights.

BUILD FAILED in 4s
Creating the JCommons JAR archive
The 'toolkit_project_name' is: 'ShareConnect'

18 tests completed, 7 failed

FAILURE: Build failed with an exception.

* What went wrong:
Execution failed for task ':RSSSync:testDebugUnitTest'.
> There were failing tests. See the report at: file:///home/milosvasic/Projects/ShareConnect/RSSSync/build/reports/tests/testDebugUnitTest/index.html

* Try:
> Run with --scan to get full insights.

BUILD FAILED in 4s
Creating the JCommons JAR archive
The 'toolkit_project_name' is: 'ShareConnect'
e: file:///home/milosvasic/Projects/ShareConnect/BookmarkSync/src/test/kotlin/com/shareconnect/bookmarksync/BookmarkSyncManagerTest.kt:31:36 Unresolved reference 'SyncableBookmark'.
e: file:///home/milosvasic/Projects/ShareConnect/BookmarkSync/src/test/kotlin/com/shareconnect/bookmarksync/BookmarkSyncManagerTest.kt:31:36 Unresolved reference 'SyncableBookmark'.
e: file:///home/milosvasic/Projects/ShareConnect/BookmarkSync/src/test/kotlin/com/shareconnect/bookmarksync/BookmarkSyncManagerTest.kt:136:32 Unresolved reference 'SyncableBookmark'.
e: file:///home/milosvasic/Projects/ShareConnect/BookmarkSync/src/test/kotlin/com/shareconnect/bookmarksync/BookmarkSyncManagerTest.kt:142:72 Argument type mismatch: actual type is 'kotlin.String', but 'kotlin.String!' was expected.
e: file:///home/milosvasic/Projects/ShareConnect/BookmarkSync/src/test/kotlin/com/shareconnect/bookmarksync/BookmarkSyncManagerTest.kt:142:98 Unresolved reference 'SyncableBookmark'.
e: file:///home/milosvasic/Projects/ShareConnect/BookmarkSync/src/test/kotlin/com/shareconnect/bookmarksync/BookmarkSyncManagerTest.kt:142:98 Argument type mismatch: actual type is 'java.lang.Class<T>', but 'java.lang.Class<*>!' was expected.
e: file:///home/milosvasic/Projects/ShareConnect/BookmarkSync/src/test/kotlin/com/shareconnect/bookmarksync/BookmarkSyncManagerTest.kt:142:122 Unresolved reference. None of the following candidates is applicable because of a receiver type mismatch:
val <T> KClass<T>.java: Class<T>
e: file:///home/milosvasic/Projects/ShareConnect/BookmarkSync/src/test/kotlin/com/shareconnect/bookmarksync/BookmarkSyncManagerTest.kt:197:32 Unresolved reference 'SyncableBookmark'.
e: file:///home/milosvasic/Projects/ShareConnect/BookmarkSync/src/test/kotlin/com/shareconnect/bookmarksync/BookmarkSyncManagerTest.kt:203:72 Argument type mismatch: actual type is 'kotlin.String', but 'kotlin.String!' was expected.
e: file:///home/milosvasic/Projects/ShareConnect/BookmarkSync/src/test/kotlin/com/shareconnect/bookmarksync/BookmarkSyncManagerTest.kt:203:98 Unresolved reference 'SyncableBookmark'.
e: file:///home/milosvasic/Projects/ShareConnect/BookmarkSync/src/test/kotlin/com/shareconnect/bookmarksync/BookmarkSyncManagerTest.kt:203:98 Argument type mismatch: actual type is 'java.lang.Class<T>', but 'java.lang.Class<*>!' was expected.
e: file:///home/milosvasic/Projects/ShareConnect/BookmarkSync/src/test/kotlin/com/shareconnect/bookmarksync/BookmarkSyncManagerTest.kt:203:122 Unresolved reference. None of the following candidates is applicable because of a receiver type mismatch:
val <T> KClass<T>.java: Class<T>
e: file:///home/milosvasic/Projects/ShareConnect/BookmarkSync/src/test/kotlin/com/shareconnect/bookmarksync/BookmarkSyncManagerTest.kt:258:32 Unresolved reference 'SyncableBookmark'.
e: file:///home/milosvasic/Projects/ShareConnect/BookmarkSync/src/test/kotlin/com/shareconnect/bookmarksync/BookmarkSyncManagerTest.kt:263:72 Argument type mismatch: actual type is 'kotlin.String', but 'kotlin.String!' was expected.
e: file:///home/milosvasic/Projects/ShareConnect/BookmarkSync/src/test/kotlin/com/shareconnect/bookmarksync/BookmarkSyncManagerTest.kt:263:98 Unresolved reference 'SyncableBookmark'.
e: file:///home/milosvasic/Projects/ShareConnect/BookmarkSync/src/test/kotlin/com/shareconnect/bookmarksync/BookmarkSyncManagerTest.kt:263:98 Argument type mismatch: actual type is 'java.lang.Class<T>', but 'java.lang.Class<*>!' was expected.
e: file:///home/milosvasic/Projects/ShareConnect/BookmarkSync/src/test/kotlin/com/shareconnect/bookmarksync/BookmarkSyncManagerTest.kt:263:122 Unresolved reference. None of the following candidates is applicable because of a receiver type mismatch:
val <T> KClass<T>.java: Class<T>
e: file:///home/milosvasic/Projects/ShareConnect/BookmarkSync/src/test/kotlin/com/shareconnect/bookmarksync/BookmarkSyncManagerTest.kt:314:32 Unresolved reference 'SyncableBookmark'.
e: file:///home/milosvasic/Projects/ShareConnect/BookmarkSync/src/test/kotlin/com/shareconnect/bookmarksync/BookmarkSyncManagerTest.kt:320:38 '@Deprecated(...) @LowPriorityInOverloadResolution() fun launch(context: CoroutineContext = ..., start: CoroutineStart = ..., block: suspend CoroutineScope.() -> Unit): Job' is deprecated. 'launch' can not be called without the corresponding coroutine scope. Consider wrapping 'launch' in 'coroutineScope { }', using 'runBlocking { }', or using some other 'CoroutineScope'.
e: file:///home/milosvasic/Projects/ShareConnect/BookmarkSync/src/test/kotlin/com/shareconnect/bookmarksync/BookmarkSyncManagerTest.kt:325:72 Argument type mismatch: actual type is 'kotlin.String', but 'kotlin.String!' was expected.
e: file:///home/milosvasic/Projects/ShareConnect/BookmarkSync/src/test/kotlin/com/shareconnect/bookmarksync/BookmarkSyncManagerTest.kt:325:98 Unresolved reference 'SyncableBookmark'.
e: file:///home/milosvasic/Projects/ShareConnect/BookmarkSync/src/test/kotlin/com/shareconnect/bookmarksync/BookmarkSyncManagerTest.kt:136:32 Unresolved reference 'SyncableBookmark'.
e: file:///home/milosvasic/Projects/ShareConnect/BookmarkSync/src/test/kotlin/com/shareconnect/bookmarksync/BookmarkSyncManagerTest.kt:325:98 Argument type mismatch: actual type is 'java.lang.Class<T>', but 'java.lang.Class<*>!' was expected.
e: file:///home/milosvasic/Projects/ShareConnect/BookmarkSync/src/test/kotlin/com/shareconnect/bookmarksync/BookmarkSyncManagerTest.kt:325:122 Unresolved reference. None of the following candidates is applicable because of a receiver type mismatch:
val <T> KClass<T>.java: Class<T>
e: file:///home/milosvasic/Projects/ShareConnect/BookmarkSync/src/test/kotlin/com/shareconnect/bookmarksync/models/BookmarkDataTest.kt:116:13 No value passed for parameter 'description'.
e: file:///home/milosvasic/Projects/ShareConnect/BookmarkSync/src/test/kotlin/com/shareconnect/bookmarksync/models/BookmarkDataTest.kt:116:13 No value passed for parameter 'thumbnailUrl'.
e: file:///home/milosvasic/Projects/ShareConnect/BookmarkSync/src/test/kotlin/com/shareconnect/bookmarksync/models/BookmarkDataTest.kt:151:13 No value passed for parameter 'description'.
e: file:///home/milosvasic/Projects/ShareConnect/BookmarkSync/src/test/kotlin/com/shareconnect/bookmarksync/models/BookmarkDataTest.kt:151:13 No value passed for parameter 'thumbnailUrl'.
e: file:///home/milosvasic/Projects/ShareConnect/BookmarkSync/src/test/kotlin/com/shareconnect/bookmarksync/models/BookmarkDataTest.kt:159:13 No value passed for parameter 'description'.
e: file:///home/milosvasic/Projects/ShareConnect/BookmarkSync/src/test/kotlin/com/shareconnect/bookmarksync/models/BookmarkDataTest.kt:159:13 No value passed for parameter 'thumbnailUrl'.
e: file:///home/milosvasic/Projects/ShareConnect/BookmarkSync/src/test/kotlin/com/shareconnect/bookmarksync/models/BookmarkDataTest.kt:167:13 No value passed for parameter 'description'.
e: file:///home/milosvasic/Projects/ShareConnect/BookmarkSync/src/test/kotlin/com/shareconnect/bookmarksync/models/BookmarkDataTest.kt:167:13 No value passed for parameter 'thumbnailUrl'.
e: file:///home/milosvasic/Projects/ShareConnect/BookmarkSync/src/test/kotlin/com/shareconnect/bookmarksync/models/BookmarkDataTest.kt:186:13 No value passed for parameter 'description'.
e: file:///home/milosvasic/Projects/ShareConnect/BookmarkSync/src/test/kotlin/com/shareconnect/bookmarksync/models/BookmarkDataTest.kt:186:13 No value passed for parameter 'thumbnailUrl'.
e: file:///home/milosvasic/Projects/ShareConnect/BookmarkSync/src/test/kotlin/com/shareconnect/bookmarksync/repository/BookmarkRepositoryTest.kt:240:38 Unresolved reference 'size'.
e: file:///home/milosvasic/Projects/ShareConnect/BookmarkSync/src/test/kotlin/com/shareconnect/bookmarksync/repository/BookmarkRepositoryTest.kt:241:33 None of the following candidates is applicable:
@SinceKotlin(...) @InlineOnly() fun <T : Any, R : ClosedRange<T>, Iterable<T>> R.contains(element: T?): Boolean
@SinceKotlin(...) @WasExperimental(...) @InlineOnly() fun <T : Any, R : OpenEndRange<T>, Iterable<T>> R.contains(element: T?): Boolean
e: file:///home/milosvasic/Projects/ShareConnect/BookmarkSync/src/test/kotlin/com/shareconnect/bookmarksync/repository/BookmarkRepositoryTest.kt:242:33 None of the following candidates is applicable:
@SinceKotlin(...) @InlineOnly() fun <T : Any, R : ClosedRange<T>, Iterable<T>> R.contains(element: T?): Boolean
@SinceKotlin(...) @WasExperimental(...) @InlineOnly() fun <T : Any, R : OpenEndRange<T>, Iterable<T>> R.contains(element: T?): Boolean
e: file:///home/milosvasic/Projects/ShareConnect/BookmarkSync/src/test/kotlin/com/shareconnect/bookmarksync/BookmarkSyncManagerTest.kt:142:72 Argument type mismatch: actual type is 'kotlin.String', but 'kotlin.String!' was expected.
e: file:///home/milosvasic/Projects/ShareConnect/BookmarkSync/src/test/kotlin/com/shareconnect/bookmarksync/repository/BookmarkRepositoryTest.kt:261:13 No parameter with name 'timestamp' found.
e: file:///home/milosvasic/Projects/ShareConnect/BookmarkSync/src/test/kotlin/com/shareconnect/bookmarksync/repository/BookmarkRepositoryTest.kt:263:13 No value passed for parameter 'description'.
e: file:///home/milosvasic/Projects/ShareConnect/BookmarkSync/src/test/kotlin/com/shareconnect/bookmarksync/repository/BookmarkRepositoryTest.kt:263:13 No value passed for parameter 'thumbnailUrl'.
e: file:///home/milosvasic/Projects/ShareConnect/BookmarkSync/src/test/kotlin/com/shareconnect/bookmarksync/repository/BookmarkRepositoryTest.kt:263:13 No value passed for parameter 'type'.
e: file:///home/milosvasic/Projects/ShareConnect/BookmarkSync/src/test/kotlin/com/shareconnect/bookmarksync/repository/BookmarkRepositoryTest.kt:263:13 No value passed for parameter 'sourceApp'.
e: file:///home/milosvasic/Projects/ShareConnect/BookmarkSync/src/test/kotlin/com/shareconnect/bookmarksync/repository/BookmarkRepositoryTest.kt:268:35 Unresolved reference 'getBookmarkByUrl'.
e: file:///home/milosvasic/Projects/ShareConnect/BookmarkSync/src/test/kotlin/com/shareconnect/bookmarksync/repository/BookmarkRepositoryTest.kt:279:35 Unresolved reference 'getBookmarkByUrl'.
e: file:///home/milosvasic/Projects/ShareConnect/BookmarkSync/src/test/kotlin/com/shareconnect/bookmarksync/BookmarkSyncManagerTest.kt:142:98 Unresolved reference 'SyncableBookmark'.
e: file:///home/milosvasic/Projects/ShareConnect/BookmarkSync/src/test/kotlin/com/shareconnect/bookmarksync/BookmarkSyncManagerTest.kt:142:98 Argument type mismatch: actual type is 'java.lang.Class<T>', but 'java.lang.Class<*>!' was expected.
e: file:///home/milosvasic/Projects/ShareConnect/BookmarkSync/src/test/kotlin/com/shareconnect/bookmarksync/BookmarkSyncManagerTest.kt:142:122 Unresolved reference. None of the following candidates is applicable because of a receiver type mismatch:
val <T> KClass<T>.java: Class<T>
e: file:///home/milosvasic/Projects/ShareConnect/BookmarkSync/src/test/kotlin/com/shareconnect/bookmarksync/BookmarkSyncManagerTest.kt:197:32 Unresolved reference 'SyncableBookmark'.
e: file:///home/milosvasic/Projects/ShareConnect/BookmarkSync/src/test/kotlin/com/shareconnect/bookmarksync/BookmarkSyncManagerTest.kt:203:72 Argument type mismatch: actual type is 'kotlin.String', but 'kotlin.String!' was expected.
e: file:///home/milosvasic/Projects/ShareConnect/BookmarkSync/src/test/kotlin/com/shareconnect/bookmarksync/BookmarkSyncManagerTest.kt:203:98 Unresolved reference 'SyncableBookmark'.
e: file:///home/milosvasic/Projects/ShareConnect/BookmarkSync/src/test/kotlin/com/shareconnect/bookmarksync/BookmarkSyncManagerTest.kt:203:98 Argument type mismatch: actual type is 'java.lang.Class<T>', but 'java.lang.Class<*>!' was expected.
e: file:///home/milosvasic/Projects/ShareConnect/BookmarkSync/src/test/kotlin/com/shareconnect/bookmarksync/BookmarkSyncManagerTest.kt:203:122 Unresolved reference. None of the following candidates is applicable because of a receiver type mismatch:
val <T> KClass<T>.java: Class<T>
e: file:///home/milosvasic/Projects/ShareConnect/BookmarkSync/src/test/kotlin/com/shareconnect/bookmarksync/BookmarkSyncManagerTest.kt:258:32 Unresolved reference 'SyncableBookmark'.
e: file:///home/milosvasic/Projects/ShareConnect/BookmarkSync/src/test/kotlin/com/shareconnect/bookmarksync/BookmarkSyncManagerTest.kt:263:72 Argument type mismatch: actual type is 'kotlin.String', but 'kotlin.String!' was expected.
e: file:///home/milosvasic/Projects/ShareConnect/BookmarkSync/src/test/kotlin/com/shareconnect/bookmarksync/BookmarkSyncManagerTest.kt:263:98 Unresolved reference 'SyncableBookmark'.
e: file:///home/milosvasic/Projects/ShareConnect/BookmarkSync/src/test/kotlin/com/shareconnect/bookmarksync/BookmarkSyncManagerTest.kt:263:98 Argument type mismatch: actual type is 'java.lang.Class<T>', but 'java.lang.Class<*>!' was expected.
e: file:///home/milosvasic/Projects/ShareConnect/BookmarkSync/src/test/kotlin/com/shareconnect/bookmarksync/BookmarkSyncManagerTest.kt:263:122 Unresolved reference. None of the following candidates is applicable because of a receiver type mismatch:
val <T> KClass<T>.java: Class<T>
e: file:///home/milosvasic/Projects/ShareConnect/BookmarkSync/src/test/kotlin/com/shareconnect/bookmarksync/BookmarkSyncManagerTest.kt:314:32 Unresolved reference 'SyncableBookmark'.
e: file:///home/milosvasic/Projects/ShareConnect/BookmarkSync/src/test/kotlin/com/shareconnect/bookmarksync/BookmarkSyncManagerTest.kt:320:38 '@Deprecated(...) @LowPriorityInOverloadResolution() fun launch(context: CoroutineContext = ..., start: CoroutineStart = ..., block: suspend CoroutineScope.() -> Unit): Job' is deprecated. 'launch' can not be called without the corresponding coroutine scope. Consider wrapping 'launch' in 'coroutineScope { }', using 'runBlocking { }', or using some other 'CoroutineScope'.
e: file:///home/milosvasic/Projects/ShareConnect/BookmarkSync/src/test/kotlin/com/shareconnect/bookmarksync/BookmarkSyncManagerTest.kt:325:72 Argument type mismatch: actual type is 'kotlin.String', but 'kotlin.String!' was expected.
e: file:///home/milosvasic/Projects/ShareConnect/BookmarkSync/src/test/kotlin/com/shareconnect/bookmarksync/BookmarkSyncManagerTest.kt:325:98 Unresolved reference 'SyncableBookmark'.
e: file:///home/milosvasic/Projects/ShareConnect/BookmarkSync/src/test/kotlin/com/shareconnect/bookmarksync/BookmarkSyncManagerTest.kt:325:98 Argument type mismatch: actual type is 'java.lang.Class<T>', but 'java.lang.Class<*>!' was expected.
e: file:///home/milosvasic/Projects/ShareConnect/BookmarkSync/src/test/kotlin/com/shareconnect/bookmarksync/BookmarkSyncManagerTest.kt:325:122 Unresolved reference. None of the following candidates is applicable because of a receiver type mismatch:
val <T> KClass<T>.java: Class<T>
e: file:///home/milosvasic/Projects/ShareConnect/BookmarkSync/src/test/kotlin/com/shareconnect/bookmarksync/models/BookmarkDataTest.kt:116:13 No value passed for parameter 'description'.
e: file:///home/milosvasic/Projects/ShareConnect/BookmarkSync/src/test/kotlin/com/shareconnect/bookmarksync/models/BookmarkDataTest.kt:116:13 No value passed for parameter 'thumbnailUrl'.
e: file:///home/milosvasic/Projects/ShareConnect/BookmarkSync/src/test/kotlin/com/shareconnect/bookmarksync/models/BookmarkDataTest.kt:151:13 No value passed for parameter 'description'.
e: file:///home/milosvasic/Projects/ShareConnect/BookmarkSync/src/test/kotlin/com/shareconnect/bookmarksync/models/BookmarkDataTest.kt:151:13 No value passed for parameter 'thumbnailUrl'.
e: file:///home/milosvasic/Projects/ShareConnect/BookmarkSync/src/test/kotlin/com/shareconnect/bookmarksync/models/BookmarkDataTest.kt:159:13 No value passed for parameter 'description'.
e: file:///home/milosvasic/Projects/ShareConnect/BookmarkSync/src/test/kotlin/com/shareconnect/bookmarksync/models/BookmarkDataTest.kt:159:13 No value passed for parameter 'thumbnailUrl'.
e: file:///home/milosvasic/Projects/ShareConnect/BookmarkSync/src/test/kotlin/com/shareconnect/bookmarksync/models/BookmarkDataTest.kt:167:13 No value passed for parameter 'description'.
e: file:///home/milosvasic/Projects/ShareConnect/BookmarkSync/src/test/kotlin/com/shareconnect/bookmarksync/models/BookmarkDataTest.kt:167:13 No value passed for parameter 'thumbnailUrl'.
e: file:///home/milosvasic/Projects/ShareConnect/BookmarkSync/src/test/kotlin/com/shareconnect/bookmarksync/models/BookmarkDataTest.kt:186:13 No value passed for parameter 'description'.
e: file:///home/milosvasic/Projects/ShareConnect/BookmarkSync/src/test/kotlin/com/shareconnect/bookmarksync/models/BookmarkDataTest.kt:186:13 No value passed for parameter 'thumbnailUrl'.
e: file:///home/milosvasic/Projects/ShareConnect/BookmarkSync/src/test/kotlin/com/shareconnect/bookmarksync/repository/BookmarkRepositoryTest.kt:240:38 Unresolved reference 'size'.
e: file:///home/milosvasic/Projects/ShareConnect/BookmarkSync/src/test/kotlin/com/shareconnect/bookmarksync/repository/BookmarkRepositoryTest.kt:241:33 None of the following candidates is applicable:
@SinceKotlin(...) @InlineOnly() fun <T : Any, R : ClosedRange<T>, Iterable<T>> R.contains(element: T?): Boolean
@SinceKotlin(...) @WasExperimental(...) @InlineOnly() fun <T : Any, R : OpenEndRange<T>, Iterable<T>> R.contains(element: T?): Boolean
e: file:///home/milosvasic/Projects/ShareConnect/BookmarkSync/src/test/kotlin/com/shareconnect/bookmarksync/repository/BookmarkRepositoryTest.kt:242:33 None of the following candidates is applicable:
@SinceKotlin(...) @InlineOnly() fun <T : Any, R : ClosedRange<T>, Iterable<T>> R.contains(element: T?): Boolean
@SinceKotlin(...) @WasExperimental(...) @InlineOnly() fun <T : Any, R : OpenEndRange<T>, Iterable<T>> R.contains(element: T?): Boolean
e: file:///home/milosvasic/Projects/ShareConnect/BookmarkSync/src/test/kotlin/com/shareconnect/bookmarksync/repository/BookmarkRepositoryTest.kt:261:13 No parameter with name 'timestamp' found.
e: file:///home/milosvasic/Projects/ShareConnect/BookmarkSync/src/test/kotlin/com/shareconnect/bookmarksync/repository/BookmarkRepositoryTest.kt:263:13 No value passed for parameter 'description'.
e: file:///home/milosvasic/Projects/ShareConnect/BookmarkSync/src/test/kotlin/com/shareconnect/bookmarksync/repository/BookmarkRepositoryTest.kt:263:13 No value passed for parameter 'thumbnailUrl'.
e: file:///home/milosvasic/Projects/ShareConnect/BookmarkSync/src/test/kotlin/com/shareconnect/bookmarksync/repository/BookmarkRepositoryTest.kt:263:13 No value passed for parameter 'type'.
e: file:///home/milosvasic/Projects/ShareConnect/BookmarkSync/src/test/kotlin/com/shareconnect/bookmarksync/repository/BookmarkRepositoryTest.kt:263:13 No value passed for parameter 'sourceApp'.
e: file:///home/milosvasic/Projects/ShareConnect/BookmarkSync/src/test/kotlin/com/shareconnect/bookmarksync/repository/BookmarkRepositoryTest.kt:268:35 Unresolved reference 'getBookmarkByUrl'.
e: file:///home/milosvasic/Projects/ShareConnect/BookmarkSync/src/test/kotlin/com/shareconnect/bookmarksync/repository/BookmarkRepositoryTest.kt:279:35 Unresolved reference 'getBookmarkByUrl'.

FAILURE: Build completed with 2 failures.

1: Task failed with an exception.
-----------
* What went wrong:
Execution failed for task ':BookmarkSync:compileDebugUnitTestKotlin'.
> A failure occurred while executing org.jetbrains.kotlin.compilerRunner.GradleCompilerRunnerWithWorkers$GradleKotlinCompilerWorkAction
   > Compilation error. See log for more details

* Try:
> Run with --stacktrace option to get the stack trace.
> Run with --info or --debug option to get more log output.
> Run with --scan to get full insights.
> Get more help at https://help.gradle.org.
==============================================================================

2: Task failed with an exception.
-----------
* What went wrong:
Execution failed for task ':BookmarkSync:compileReleaseUnitTestKotlin'.
> A failure occurred while executing org.jetbrains.kotlin.compilerRunner.GradleCompilerRunnerWithWorkers$GradleKotlinCompilerWorkAction
   > Compilation error. See log for more details

* Try:
> Run with --stacktrace option to get the stack trace.
> Run with --info or --debug option to get more log output.
> Run with --scan to get full insights.
> Get more help at https://help.gradle.org.
==============================================================================

BUILD FAILED in 2s
Creating the JCommons JAR archive
The 'toolkit_project_name' is: 'ShareConnect'
e: file:///home/milosvasic/Projects/ShareConnect/PreferencesSync/src/test/kotlin/com/shareconnect/preferencessync/PreferencesSyncManagerTest.kt:60:34 Cannot access 'constructor(context: Context, appIdentifier: String, appName: String, appVersion: String, asinkaClient: AsinkaClient, repository: PreferencesRepository): PreferencesSyncManager': it is private in 'com/shareconnect/preferencessync/PreferencesSyncManager'.
e: file:///home/milosvasic/Projects/ShareConnect/PreferencesSync/src/test/kotlin/com/shareconnect/preferencessync/PreferencesSyncManagerTest.kt:109:13 No parameter with name 'timestamp' found.
e: file:///home/milosvasic/Projects/ShareConnect/PreferencesSync/src/test/kotlin/com/shareconnect/preferencessync/PreferencesSyncManagerTest.kt:111:13 No value passed for parameter 'category'.
e: file:///home/milosvasic/Projects/ShareConnect/PreferencesSync/src/test/kotlin/com/shareconnect/preferencessync/PreferencesSyncManagerTest.kt:111:13 No value passed for parameter 'sourceApp'.
e: file:///home/milosvasic/Projects/ShareConnect/PreferencesSync/src/test/kotlin/com/shareconnect/preferencessync/PreferencesSyncManagerTest.kt:113:33 Unresolved reference 'getPreferencesById'.
e: file:///home/milosvasic/Projects/ShareConnect/PreferencesSync/src/test/kotlin/com/shareconnect/preferencessync/PreferencesSyncManagerTest.kt:114:33 Unresolved reference 'insertPreferences'.
e: file:///home/milosvasic/Projects/ShareConnect/PreferencesSync/src/test/kotlin/com/shareconnect/preferencessync/PreferencesSyncManagerTest.kt:117:32 Unresolved reference 'handleReceivedPreferences'.
e: file:///home/milosvasic/Projects/ShareConnect/PreferencesSync/src/test/kotlin/com/shareconnect/preferencessync/PreferencesSyncManagerTest.kt:120:32 Unresolved reference 'insertPreferences'.
e: file:///home/milosvasic/Projects/ShareConnect/PreferencesSync/src/test/kotlin/com/shareconnect/preferencessync/PreferencesSyncManagerTest.kt:131:13 No parameter with name 'timestamp' found.
e: file:///home/milosvasic/Projects/ShareConnect/PreferencesSync/src/test/kotlin/com/shareconnect/preferencessync/PreferencesSyncManagerTest.kt:133:13 No value passed for parameter 'category'.
e: file:///home/milosvasic/Projects/ShareConnect/PreferencesSync/src/test/kotlin/com/shareconnect/preferencessync/PreferencesSyncManagerTest.kt:133:13 No value passed for parameter 'sourceApp'.
e: file:///home/milosvasic/Projects/ShareConnect/PreferencesSync/src/test/kotlin/com/shareconnect/preferencessync/PreferencesSyncManagerTest.kt:140:13 No parameter with name 'timestamp' found.
e: file:///home/milosvasic/Projects/ShareConnect/PreferencesSync/src/test/kotlin/com/shareconnect/preferencessync/PreferencesSyncManagerTest.kt:142:13 No value passed for parameter 'category'.
e: file:///home/milosvasic/Projects/ShareConnect/PreferencesSync/src/test/kotlin/com/shareconnect/preferencessync/PreferencesSyncManagerTest.kt:142:13 No value passed for parameter 'sourceApp'.
e: file:///home/milosvasic/Projects/ShareConnect/PreferencesSync/src/test/kotlin/com/shareconnect/preferencessync/PreferencesSyncManagerTest.kt:145:33 Unresolved reference 'getPreferencesById'.
e: file:///home/milosvasic/Projects/ShareConnect/PreferencesSync/src/test/kotlin/com/shareconnect/preferencessync/PreferencesSyncManagerTest.kt:146:33 Unresolved reference 'updatePreferences'.
e: file:///home/milosvasic/Projects/ShareConnect/PreferencesSync/src/test/kotlin/com/shareconnect/preferencessync/PreferencesSyncManagerTest.kt:149:32 Unresolved reference 'handleReceivedPreferences'.
e: file:///home/milosvasic/Projects/ShareConnect/PreferencesSync/src/test/kotlin/com/shareconnect/preferencessync/PreferencesSyncManagerTest.kt:152:32 Unresolved reference 'updatePreferences'.
e: file:///home/milosvasic/Projects/ShareConnect/PreferencesSync/src/test/kotlin/com/shareconnect/preferencessync/PreferencesSyncManagerTest.kt:163:13 No parameter with name 'timestamp' found.
e: file:///home/milosvasic/Projects/ShareConnect/PreferencesSync/src/test/kotlin/com/shareconnect/preferencessync/PreferencesSyncManagerTest.kt:165:13 No value passed for parameter 'category'.
e: file:///home/milosvasic/Projects/ShareConnect/PreferencesSync/src/test/kotlin/com/shareconnect/preferencessync/PreferencesSyncManagerTest.kt:165:13 No value passed for parameter 'sourceApp'.
e: file:///home/milosvasic/Projects/ShareConnect/PreferencesSync/src/test/kotlin/com/shareconnect/preferencessync/PreferencesSyncManagerTest.kt:172:13 No parameter with name 'timestamp' found.
e: file:///home/milosvasic/Projects/ShareConnect/PreferencesSync/src/test/kotlin/com/shareconnect/preferencessync/PreferencesSyncManagerTest.kt:174:13 No value passed for parameter 'category'.
e: file:///home/milosvasic/Projects/ShareConnect/PreferencesSync/src/test/kotlin/com/shareconnect/preferencessync/PreferencesSyncManagerTest.kt:174:13 No value passed for parameter 'sourceApp'.
e: file:///home/milosvasic/Projects/ShareConnect/PreferencesSync/src/test/kotlin/com/shareconnect/preferencessync/PreferencesSyncManagerTest.kt:177:33 Unresolved reference 'getPreferencesById'.
e: file:///home/milosvasic/Projects/ShareConnect/PreferencesSync/src/test/kotlin/com/shareconnect/preferencessync/PreferencesSyncManagerTest.kt:180:32 Unresolved reference 'handleReceivedPreferences'.
e: file:///home/milosvasic/Projects/ShareConnect/PreferencesSync/src/test/kotlin/com/shareconnect/preferencessync/PreferencesSyncManagerTest.kt:183:41 Unresolved reference 'updatePreferences'.
e: file:///home/milosvasic/Projects/ShareConnect/PreferencesSync/src/test/kotlin/com/shareconnect/preferencessync/PreferencesSyncManagerTest.kt:184:41 Unresolved reference 'insertPreferences'.
e: file:///home/milosvasic/Projects/ShareConnect/PreferencesSync/src/test/kotlin/com/shareconnect/preferencessync/PreferencesSyncManagerTest.kt:190:33 Unresolved reference 'deletePreferences'.
e: file:///home/milosvasic/Projects/ShareConnect/PreferencesSync/src/test/kotlin/com/shareconnect/preferencessync/PreferencesSyncManagerTest.kt:193:32 Unresolved reference 'handleDeletedPreferences'.
e: file:///home/milosvasic/Projects/ShareConnect/PreferencesSync/src/test/kotlin/com/shareconnect/preferencessync/PreferencesSyncManagerTest.kt:196:32 Unresolved reference 'deletePreferences'.
e: file:///home/milosvasic/Projects/ShareConnect/PreferencesSync/src/test/kotlin/com/shareconnect/preferencessync/PreferencesSyncManagerTest.kt:207:13 No parameter with name 'timestamp' found.
e: file:///home/milosvasic/Projects/ShareConnect/PreferencesSync/src/test/kotlin/com/shareconnect/preferencessync/PreferencesSyncManagerTest.kt:209:13 No value passed for parameter 'category'.
e: file:///home/milosvasic/Projects/ShareConnect/PreferencesSync/src/test/kotlin/com/shareconnect/preferencessync/PreferencesSyncManagerTest.kt:209:13 No value passed for parameter 'sourceApp'.
e: file:///home/milosvasic/Projects/ShareConnect/PreferencesSync/src/test/kotlin/com/shareconnect/preferencessync/PreferencesSyncManagerTest.kt:212:33 Unresolved reference 'getPreferencesById'.
e: file:///home/milosvasic/Projects/ShareConnect/PreferencesSync/src/test/kotlin/com/shareconnect/preferencessync/PreferencesSyncManagerTest.kt:213:33 Unresolved reference 'insertPreferences'.
e: file:///home/milosvasic/Projects/ShareConnect/PreferencesSync/src/test/kotlin/com/shareconnect/preferencessync/PreferencesSyncManagerTest.kt:216:38 '@Deprecated(...) @LowPriorityInOverloadResolution() fun launch(context: CoroutineContext = ..., start: CoroutineStart = ..., block: suspend CoroutineScope.() -> Unit): Job' is deprecated. 'launch' can not be called without the corresponding coroutine scope. Consider wrapping 'launch' in 'coroutineScope { }', using 'runBlocking { }', or using some other 'CoroutineScope'.
e: file:///home/milosvasic/Projects/ShareConnect/PreferencesSync/src/test/kotlin/com/shareconnect/preferencessync/PreferencesSyncManagerTest.kt:221:32 Unresolved reference 'handleReceivedPreferences'.
e: file:///home/milosvasic/Projects/ShareConnect/PreferencesSync/src/test/kotlin/com/shareconnect/preferencessync/models/PreferencesDataTest.kt:58:13 No parameter with name 'isSensitive' found.
e: file:///home/milosvasic/Projects/ShareConnect/PreferencesSync/src/test/kotlin/com/shareconnect/preferencessync/models/PreferencesDataTest.kt:59:13 No parameter with name 'defaultValue' found.
e: file:///home/milosvasic/Projects/ShareConnect/PreferencesSync/src/test/kotlin/com/shareconnect/preferencessync/models/PreferencesDataTest.kt:60:13 No parameter with name 'allowedValues' found.
e: file:///home/milosvasic/Projects/ShareConnect/PreferencesSync/src/test/kotlin/com/shareconnect/preferencessync/models/PreferencesDataTest.kt:61:13 No parameter with name 'validationPattern' found.
e: file:///home/milosvasic/Projects/ShareConnect/PreferencesSync/src/test/kotlin/com/shareconnect/preferencessync/models/PreferencesDataTest.kt:62:13 No parameter with name 'minValue' found.
e: file:///home/milosvasic/Projects/ShareConnect/PreferencesSync/src/test/kotlin/com/shareconnect/preferencessync/models/PreferencesDataTest.kt:63:13 No parameter with name 'maxValue' found.
e: file:///home/milosvasic/Projects/ShareConnect/PreferencesSync/src/test/kotlin/com/shareconnect/preferencessync/models/PreferencesDataTest.kt:64:13 No parameter with name 'timestamp' found.
e: file:///home/milosvasic/Projects/ShareConnect/PreferencesSync/src/test/kotlin/com/shareconnect/preferencessync/models/PreferencesDataTest.kt:66:13 No value passed for parameter 'sourceApp'.
e: file:///home/milosvasic/Projects/ShareConnect/PreferencesSync/src/test/kotlin/com/shareconnect/preferencessync/models/PreferencesDataTest.kt:76:51 Unresolved reference 'isSensitive'.
e: file:///home/milosvasic/Projects/ShareConnect/PreferencesSync/src/test/kotlin/com/shareconnect/preferencessync/models/PreferencesDataTest.kt:77:52 Unresolved reference 'defaultValue'.
e: file:///home/milosvasic/Projects/ShareConnect/PreferencesSync/src/test/kotlin/com/shareconnect/preferencessync/models/PreferencesDataTest.kt:78:53 Unresolved reference 'allowedValues'.
e: file:///home/milosvasic/Projects/ShareConnect/PreferencesSync/src/test/kotlin/com/shareconnect/preferencessync/models/PreferencesDataTest.kt:79:57 Unresolved reference 'validationPattern'.
e: file:///home/milosvasic/Projects/ShareConnect/PreferencesSync/src/test/kotlin/com/shareconnect/preferencessync/models/PreferencesDataTest.kt:80:48 Unresolved reference 'minValue'.
e: file:///home/milosvasic/Projects/ShareConnect/PreferencesSync/src/test/kotlin/com/shareconnect/preferencessync/models/PreferencesDataTest.kt:81:48 Unresolved reference 'maxValue'.
e: file:///home/milosvasic/Projects/ShareConnect/PreferencesSync/src/test/kotlin/com/shareconnect/preferencessync/models/PreferencesDataTest.kt:82:49 Unresolved reference 'timestamp'.
e: file:///home/milosvasic/Projects/ShareConnect/PreferencesSync/src/test/kotlin/com/shareconnect/preferencessync/models/PreferencesDataTest.kt:102:13 No parameter with name 'timestamp' found.
e: file:///home/milosvasic/Projects/ShareConnect/PreferencesSync/src/test/kotlin/com/shareconnect/preferencessync/models/PreferencesDataTest.kt:102:13 No value passed for parameter 'category'.
e: file:///home/milosvasic/Projects/ShareConnect/PreferencesSync/src/test/kotlin/com/shareconnect/preferencessync/models/PreferencesDataTest.kt:102:13 No value passed for parameter 'sourceApp'.
e: file:///home/milosvasic/Projects/ShareConnect/PreferencesSync/src/test/kotlin/com/shareconnect/preferencessync/models/PreferencesDataTest.kt:110:49 Unresolved reference 'timestamp'.
e: file:///home/milosvasic/Projects/ShareConnect/PreferencesSync/src/test/kotlin/com/shareconnect/preferencessync/models/PreferencesDataTest.kt:113:37 Unresolved reference 'isSensitive'.
e: file:///home/milosvasic/Projects/ShareConnect/PreferencesSync/src/test/kotlin/com/shareconnect/preferencessync/models/PreferencesDataTest.kt:114:36 Unresolved reference 'defaultValue'.
e: file:///home/milosvasic/Projects/ShareConnect/PreferencesSync/src/test/kotlin/com/shareconnect/preferencessync/models/PreferencesDataTest.kt:115:36 Unresolved reference 'allowedValues'.
e: file:///home/milosvasic/Projects/ShareConnect/PreferencesSync/src/test/kotlin/com/shareconnect/preferencessync/models/PreferencesDataTest.kt:116:36 Unresolved reference 'validationPattern'.
e: file:///home/milosvasic/Projects/ShareConnect/PreferencesSync/src/test/kotlin/com/shareconnect/preferencessync/models/PreferencesDataTest.kt:117:36 Unresolved reference 'minValue'.
e: file:///home/milosvasic/Projects/ShareConnect/PreferencesSync/src/test/kotlin/com/shareconnect/preferencessync/models/PreferencesDataTest.kt:118:36 Unresolved reference 'maxValue'.
e: file:///home/milosvasic/Projects/ShareConnect/PreferencesSync/src/test/kotlin/com/shareconnect/preferencessync/models/PreferencesDataTest.kt:131:13 No parameter with name 'timestamp' found.
e: file:///home/milosvasic/Projects/ShareConnect/PreferencesSync/src/test/kotlin/com/shareconnect/preferencessync/models/PreferencesDataTest.kt:131:13 No value passed for parameter 'category'.
e: file:///home/milosvasic/Projects/ShareConnect/PreferencesSync/src/test/kotlin/com/shareconnect/preferencessync/models/PreferencesDataTest.kt:131:13 No value passed for parameter 'sourceApp'.
e: file:///home/milosvasic/Projects/ShareConnect/PreferencesSync/src/test/kotlin/com/shareconnect/preferencessync/models/PreferencesDataTest.kt:138:13 No parameter with name 'timestamp' found.
e: file:///home/milosvasic/Projects/ShareConnect/PreferencesSync/src/test/kotlin/com/shareconnect/preferencessync/models/PreferencesDataTest.kt:138:13 No value passed for parameter 'category'.
e: file:///home/milosvasic/Projects/ShareConnect/PreferencesSync/src/test/kotlin/com/shareconnect/preferencessync/models/PreferencesDataTest.kt:138:13 No value passed for parameter 'sourceApp'.
e: file:///home/milosvasic/Projects/ShareConnect/PreferencesSync/src/test/kotlin/com/shareconnect/preferencessync/models/PreferencesDataTest.kt:145:13 No parameter with name 'timestamp' found.
e: file:///home/milosvasic/Projects/ShareConnect/PreferencesSync/src/test/kotlin/com/shareconnect/preferencessync/models/PreferencesDataTest.kt:145:13 No value passed for parameter 'category'.
e: file:///home/milosvasic/Projects/ShareConnect/PreferencesSync/src/test/kotlin/com/shareconnect/preferencessync/models/PreferencesDataTest.kt:145:13 No value passed for parameter 'sourceApp'.
e: file:///home/milosvasic/Projects/ShareConnect/PreferencesSync/src/test/kotlin/com/shareconnect/preferencessync/models/PreferencesDataTest.kt:163:13 No parameter with name 'timestamp' found.
e: file:///home/milosvasic/Projects/ShareConnect/PreferencesSync/src/test/kotlin/com/shareconnect/preferencessync/models/PreferencesDataTest.kt:163:13 No value passed for parameter 'category'.
e: file:///home/milosvasic/Projects/ShareConnect/PreferencesSync/src/test/kotlin/com/shareconnect/preferencessync/models/PreferencesDataTest.kt:163:13 No value passed for parameter 'sourceApp'.
e: file:///home/milosvasic/Projects/ShareConnect/PreferencesSync/src/test/kotlin/com/shareconnect/preferencessync/repository/PreferencesRepositoryTest.kt:67:13 No parameter with name 'timestamp' found.
e: file:///home/milosvasic/Projects/ShareConnect/PreferencesSync/src/test/kotlin/com/shareconnect/preferencessync/repository/PreferencesRepositoryTest.kt:69:13 No value passed for parameter 'category'.
e: file:///home/milosvasic/Projects/ShareConnect/PreferencesSync/src/test/kotlin/com/shareconnect/preferencessync/repository/PreferencesRepositoryTest.kt:69:13 No value passed for parameter 'sourceApp'.
e: file:///home/milosvasic/Projects/ShareConnect/PreferencesSync/src/test/kotlin/com/shareconnect/preferencessync/repository/PreferencesRepositoryTest.kt:73:20 Unresolved reference 'insertPreferences'.
e: file:///home/milosvasic/Projects/ShareConnect/PreferencesSync/src/test/kotlin/com/shareconnect/preferencessync/repository/PreferencesRepositoryTest.kt:76:43 Unresolved reference 'getPreferencesById'.
e: file:///home/milosvasic/Projects/ShareConnect/PreferencesSync/src/test/kotlin/com/shareconnect/preferencessync/repository/PreferencesRepositoryTest.kt:92:13 No parameter with name 'timestamp' found.
e: file:///home/milosvasic/Projects/ShareConnect/PreferencesSync/src/test/kotlin/com/shareconnect/preferencessync/repository/PreferencesRepositoryTest.kt:94:13 No value passed for parameter 'category'.
e: file:///home/milosvasic/Projects/ShareConnect/PreferencesSync/src/test/kotlin/com/shareconnect/preferencessync/repository/PreferencesRepositoryTest.kt:94:13 No value passed for parameter 'sourceApp'.
e: file:///home/milosvasic/Projects/ShareConnect/PreferencesSync/src/test/kotlin/com/shareconnect/preferencessync/repository/PreferencesRepositoryTest.kt:96:20 Unresolved reference 'insertPreferences'.
e: file:///home/milosvasic/Projects/ShareConnect/PreferencesSync/src/test/kotlin/com/shareconnect/preferencessync/repository/PreferencesRepositoryTest.kt:103:13 No parameter with name 'timestamp' found.
e: file:///home/milosvasic/Projects/ShareConnect/PreferencesSync/src/test/kotlin/com/shareconnect/preferencessync/repository/PreferencesRepositoryTest.kt:105:13 No value passed for parameter 'category'.
e: file:///home/milosvasic/Projects/ShareConnect/PreferencesSync/src/test/kotlin/com/shareconnect/preferencessync/repository/PreferencesRepositoryTest.kt:105:13 No value passed for parameter 'sourceApp'.
e: file:///home/milosvasic/Projects/ShareConnect/PreferencesSync/src/test/kotlin/com/shareconnect/preferencessync/repository/PreferencesRepositoryTest.kt:109:20 Unresolved reference 'updatePreferences'.
e: file:///home/milosvasic/Projects/ShareConnect/PreferencesSync/src/test/kotlin/com/shareconnect/preferencessync/repository/PreferencesRepositoryTest.kt:112:43 Unresolved reference 'getPreferencesById'.
e: file:///home/milosvasic/Projects/ShareConnect/PreferencesSync/src/test/kotlin/com/shareconnect/preferencessync/repository/PreferencesRepositoryTest.kt:126:13 No parameter with name 'timestamp' found.
e: file:///home/milosvasic/Projects/ShareConnect/PreferencesSync/src/test/kotlin/com/shareconnect/preferencessync/repository/PreferencesRepositoryTest.kt:128:13 No value passed for parameter 'category'.
e: file:///home/milosvasic/Projects/ShareConnect/PreferencesSync/src/test/kotlin/com/shareconnect/preferencessync/repository/PreferencesRepositoryTest.kt:128:13 No value passed for parameter 'sourceApp'.
e: file:///home/milosvasic/Projects/ShareConnect/PreferencesSync/src/test/kotlin/com/shareconnect/preferencessync/repository/PreferencesRepositoryTest.kt:130:20 Unresolved reference 'insertPreferences'.
e: file:///home/milosvasic/Projects/ShareConnect/PreferencesSync/src/test/kotlin/com/shareconnect/preferencessync/repository/PreferencesRepositoryTest.kt:133:34 Unresolved reference 'getPreferencesById'.
e: file:///home/milosvasic/Projects/ShareConnect/PreferencesSync/src/test/kotlin/com/shareconnect/preferencessync/repository/PreferencesRepositoryTest.kt:136:20 Unresolved reference 'deletePreferences'.
e: file:///home/milosvasic/Projects/ShareConnect/PreferencesSync/src/test/kotlin/com/shareconnect/preferencessync/repository/PreferencesRepositoryTest.kt:139:45 Unresolved reference 'getPreferencesById'.
e: file:///home/milosvasic/Projects/ShareConnect/PreferencesSync/src/test/kotlin/com/shareconnect/preferencessync/repository/PreferencesRepositoryTest.kt:151:13 No parameter with name 'timestamp' found.
e: file:///home/milosvasic/Projects/ShareConnect/PreferencesSync/src/test/kotlin/com/shareconnect/preferencessync/repository/PreferencesRepositoryTest.kt:153:13 No value passed for parameter 'category'.
e: file:///home/milosvasic/Projects/ShareConnect/PreferencesSync/src/test/kotlin/com/shareconnect/preferencessync/repository/PreferencesRepositoryTest.kt:153:13 No value passed for parameter 'sourceApp'.
e: file:///home/milosvasic/Projects/ShareConnect/PreferencesSync/src/test/kotlin/com/shareconnect/preferencessync/repository/PreferencesRepositoryTest.kt:160:13 No parameter with name 'timestamp' found.
e: file:///home/milosvasic/Projects/ShareConnect/PreferencesSync/src/test/kotlin/com/shareconnect/preferencessync/repository/PreferencesRepositoryTest.kt:162:13 No value passed for parameter 'category'.
e: file:///home/milosvasic/Projects/ShareConnect/PreferencesSync/src/test/kotlin/com/shareconnect/preferencessync/repository/PreferencesRepositoryTest.kt:162:13 No value passed for parameter 'sourceApp'.
e: file:///home/milosvasic/Projects/ShareConnect/PreferencesSync/src/test/kotlin/com/shareconnect/preferencessync/repository/PreferencesRepositoryTest.kt:165:20 Unresolved reference 'insertPreferences'.
e: file:///home/milosvasic/Projects/ShareConnect/PreferencesSync/src/test/kotlin/com/shareconnect/preferencessync/repository/PreferencesRepositoryTest.kt:166:20 Unresolved reference 'insertPreferences'.
e: file:///home/milosvasic/Projects/ShareConnect/PreferencesSync/src/test/kotlin/com/shareconnect/preferencessync/repository/PreferencesRepositoryTest.kt:172:40 Unresolved reference 'size'.
e: file:///home/milosvasic/Projects/ShareConnect/PreferencesSync/src/test/kotlin/com/shareconnect/preferencessync/repository/PreferencesRepositoryTest.kt:173:35 Unresolved reference 'any'.
e: file:///home/milosvasic/Projects/ShareConnect/PreferencesSync/src/test/kotlin/com/shareconnect/preferencessync/repository/PreferencesRepositoryTest.kt:173:41 Unresolved reference 'it'.
e: file:///home/milosvasic/Projects/ShareConnect/PreferencesSync/src/test/kotlin/com/shareconnect/preferencessync/repository/PreferencesRepositoryTest.kt:174:35 Unresolved reference 'any'.
e: file:///home/milosvasic/Projects/ShareConnect/PreferencesSync/src/test/kotlin/com/shareconnect/preferencessync/repository/PreferencesRepositoryTest.kt:174:41 Unresolved reference 'it'.
e: file:///home/milosvasic/Projects/ShareConnect/PreferencesSync/src/test/kotlin/com/shareconnect/preferencessync/repository/PreferencesRepositoryTest.kt:180:38 Unresolved reference 'getPreferencesById'.
e: file:///home/milosvasic/Projects/ShareConnect/PreferencesSync/src/test/kotlin/com/shareconnect/preferencessync/repository/PreferencesRepositoryTest.kt:194:13 No parameter with name 'timestamp' found.
e: file:///home/milosvasic/Projects/ShareConnect/PreferencesSync/src/test/kotlin/com/shareconnect/preferencessync/repository/PreferencesRepositoryTest.kt:196:13 No value passed for parameter 'category'.
e: file:///home/milosvasic/Projects/ShareConnect/PreferencesSync/src/test/kotlin/com/shareconnect/preferencessync/repository/PreferencesRepositoryTest.kt:196:13 No value passed for parameter 'sourceApp'.
e: file:///home/milosvasic/Projects/ShareConnect/PreferencesSync/src/test/kotlin/com/shareconnect/preferencessync/repository/PreferencesRepositoryTest.kt:198:20 Unresolved reference 'insertPreferences'.
e: file:///home/milosvasic/Projects/ShareConnect/PreferencesSync/src/test/kotlin/com/shareconnect/preferencessync/repository/PreferencesRepositoryTest.kt:201:38 Unresolved reference 'getPreferencesByKey'.
e: file:///home/milosvasic/Projects/ShareConnect/PreferencesSync/src/test/kotlin/com/shareconnect/preferencessync/repository/PreferencesRepositoryTest.kt:213:38 Unresolved reference 'getPreferencesByKey'.
e: file:///home/milosvasic/Projects/ShareConnect/PreferencesSync/src/test/kotlin/com/shareconnect/preferencessync/PreferencesSyncManagerTest.kt:60:34 Cannot access 'constructor(context: Context, appIdentifier: String, appName: String, appVersion: String, asinkaClient: AsinkaClient, repository: PreferencesRepository): PreferencesSyncManager': it is private in 'com/shareconnect/preferencessync/PreferencesSyncManager'.
e: file:///home/milosvasic/Projects/ShareConnect/PreferencesSync/src/test/kotlin/com/shareconnect/preferencessync/PreferencesSyncManagerTest.kt:109:13 No parameter with name 'timestamp' found.
e: file:///home/milosvasic/Projects/ShareConnect/PreferencesSync/src/test/kotlin/com/shareconnect/preferencessync/PreferencesSyncManagerTest.kt:111:13 No value passed for parameter 'category'.
e: file:///home/milosvasic/Projects/ShareConnect/PreferencesSync/src/test/kotlin/com/shareconnect/preferencessync/PreferencesSyncManagerTest.kt:111:13 No value passed for parameter 'sourceApp'.
e: file:///home/milosvasic/Projects/ShareConnect/PreferencesSync/src/test/kotlin/com/shareconnect/preferencessync/PreferencesSyncManagerTest.kt:113:33 Unresolved reference 'getPreferencesById'.
e: file:///home/milosvasic/Projects/ShareConnect/PreferencesSync/src/test/kotlin/com/shareconnect/preferencessync/PreferencesSyncManagerTest.kt:114:33 Unresolved reference 'insertPreferences'.
e: file:///home/milosvasic/Projects/ShareConnect/PreferencesSync/src/test/kotlin/com/shareconnect/preferencessync/PreferencesSyncManagerTest.kt:117:32 Unresolved reference 'handleReceivedPreferences'.
e: file:///home/milosvasic/Projects/ShareConnect/PreferencesSync/src/test/kotlin/com/shareconnect/preferencessync/PreferencesSyncManagerTest.kt:120:32 Unresolved reference 'insertPreferences'.
e: file:///home/milosvasic/Projects/ShareConnect/PreferencesSync/src/test/kotlin/com/shareconnect/preferencessync/PreferencesSyncManagerTest.kt:131:13 No parameter with name 'timestamp' found.
e: file:///home/milosvasic/Projects/ShareConnect/PreferencesSync/src/test/kotlin/com/shareconnect/preferencessync/PreferencesSyncManagerTest.kt:133:13 No value passed for parameter 'category'.
e: file:///home/milosvasic/Projects/ShareConnect/PreferencesSync/src/test/kotlin/com/shareconnect/preferencessync/PreferencesSyncManagerTest.kt:133:13 No value passed for parameter 'sourceApp'.
e: file:///home/milosvasic/Projects/ShareConnect/PreferencesSync/src/test/kotlin/com/shareconnect/preferencessync/PreferencesSyncManagerTest.kt:140:13 No parameter with name 'timestamp' found.
e: file:///home/milosvasic/Projects/ShareConnect/PreferencesSync/src/test/kotlin/com/shareconnect/preferencessync/PreferencesSyncManagerTest.kt:142:13 No value passed for parameter 'category'.
e: file:///home/milosvasic/Projects/ShareConnect/PreferencesSync/src/test/kotlin/com/shareconnect/preferencessync/PreferencesSyncManagerTest.kt:142:13 No value passed for parameter 'sourceApp'.
e: file:///home/milosvasic/Projects/ShareConnect/PreferencesSync/src/test/kotlin/com/shareconnect/preferencessync/PreferencesSyncManagerTest.kt:145:33 Unresolved reference 'getPreferencesById'.
e: file:///home/milosvasic/Projects/ShareConnect/PreferencesSync/src/test/kotlin/com/shareconnect/preferencessync/PreferencesSyncManagerTest.kt:146:33 Unresolved reference 'updatePreferences'.
e: file:///home/milosvasic/Projects/ShareConnect/PreferencesSync/src/test/kotlin/com/shareconnect/preferencessync/PreferencesSyncManagerTest.kt:149:32 Unresolved reference 'handleReceivedPreferences'.
e: file:///home/milosvasic/Projects/ShareConnect/PreferencesSync/src/test/kotlin/com/shareconnect/preferencessync/PreferencesSyncManagerTest.kt:152:32 Unresolved reference 'updatePreferences'.
e: file:///home/milosvasic/Projects/ShareConnect/PreferencesSync/src/test/kotlin/com/shareconnect/preferencessync/PreferencesSyncManagerTest.kt:163:13 No parameter with name 'timestamp' found.
e: file:///home/milosvasic/Projects/ShareConnect/PreferencesSync/src/test/kotlin/com/shareconnect/preferencessync/PreferencesSyncManagerTest.kt:165:13 No value passed for parameter 'category'.
e: file:///home/milosvasic/Projects/ShareConnect/PreferencesSync/src/test/kotlin/com/shareconnect/preferencessync/PreferencesSyncManagerTest.kt:165:13 No value passed for parameter 'sourceApp'.
e: file:///home/milosvasic/Projects/ShareConnect/PreferencesSync/src/test/kotlin/com/shareconnect/preferencessync/PreferencesSyncManagerTest.kt:172:13 No parameter with name 'timestamp' found.
e: file:///home/milosvasic/Projects/ShareConnect/PreferencesSync/src/test/kotlin/com/shareconnect/preferencessync/PreferencesSyncManagerTest.kt:174:13 No value passed for parameter 'category'.
e: file:///home/milosvasic/Projects/ShareConnect/PreferencesSync/src/test/kotlin/com/shareconnect/preferencessync/PreferencesSyncManagerTest.kt:174:13 No value passed for parameter 'sourceApp'.
e: file:///home/milosvasic/Projects/ShareConnect/PreferencesSync/src/test/kotlin/com/shareconnect/preferencessync/PreferencesSyncManagerTest.kt:177:33 Unresolved reference 'getPreferencesById'.
e: file:///home/milosvasic/Projects/ShareConnect/PreferencesSync/src/test/kotlin/com/shareconnect/preferencessync/PreferencesSyncManagerTest.kt:180:32 Unresolved reference 'handleReceivedPreferences'.
e: file:///home/milosvasic/Projects/ShareConnect/PreferencesSync/src/test/kotlin/com/shareconnect/preferencessync/PreferencesSyncManagerTest.kt:183:41 Unresolved reference 'updatePreferences'.
e: file:///home/milosvasic/Projects/ShareConnect/PreferencesSync/src/test/kotlin/com/shareconnect/preferencessync/PreferencesSyncManagerTest.kt:184:41 Unresolved reference 'insertPreferences'.
e: file:///home/milosvasic/Projects/ShareConnect/PreferencesSync/src/test/kotlin/com/shareconnect/preferencessync/PreferencesSyncManagerTest.kt:190:33 Unresolved reference 'deletePreferences'.
e: file:///home/milosvasic/Projects/ShareConnect/PreferencesSync/src/test/kotlin/com/shareconnect/preferencessync/PreferencesSyncManagerTest.kt:193:32 Unresolved reference 'handleDeletedPreferences'.
e: file:///home/milosvasic/Projects/ShareConnect/PreferencesSync/src/test/kotlin/com/shareconnect/preferencessync/PreferencesSyncManagerTest.kt:196:32 Unresolved reference 'deletePreferences'.
e: file:///home/milosvasic/Projects/ShareConnect/PreferencesSync/src/test/kotlin/com/shareconnect/preferencessync/PreferencesSyncManagerTest.kt:207:13 No parameter with name 'timestamp' found.
e: file:///home/milosvasic/Projects/ShareConnect/PreferencesSync/src/test/kotlin/com/shareconnect/preferencessync/PreferencesSyncManagerTest.kt:209:13 No value passed for parameter 'category'.
e: file:///home/milosvasic/Projects/ShareConnect/PreferencesSync/src/test/kotlin/com/shareconnect/preferencessync/PreferencesSyncManagerTest.kt:209:13 No value passed for parameter 'sourceApp'.
e: file:///home/milosvasic/Projects/ShareConnect/PreferencesSync/src/test/kotlin/com/shareconnect/preferencessync/PreferencesSyncManagerTest.kt:212:33 Unresolved reference 'getPreferencesById'.
e: file:///home/milosvasic/Projects/ShareConnect/PreferencesSync/src/test/kotlin/com/shareconnect/preferencessync/PreferencesSyncManagerTest.kt:213:33 Unresolved reference 'insertPreferences'.
e: file:///home/milosvasic/Projects/ShareConnect/PreferencesSync/src/test/kotlin/com/shareconnect/preferencessync/PreferencesSyncManagerTest.kt:216:38 '@Deprecated(...) @LowPriorityInOverloadResolution() fun launch(context: CoroutineContext = ..., start: CoroutineStart = ..., block: suspend CoroutineScope.() -> Unit): Job' is deprecated. 'launch' can not be called without the corresponding coroutine scope. Consider wrapping 'launch' in 'coroutineScope { }', using 'runBlocking { }', or using some other 'CoroutineScope'.
e: file:///home/milosvasic/Projects/ShareConnect/PreferencesSync/src/test/kotlin/com/shareconnect/preferencessync/PreferencesSyncManagerTest.kt:221:32 Unresolved reference 'handleReceivedPreferences'.
e: file:///home/milosvasic/Projects/ShareConnect/PreferencesSync/src/test/kotlin/com/shareconnect/preferencessync/models/PreferencesDataTest.kt:58:13 No parameter with name 'isSensitive' found.
e: file:///home/milosvasic/Projects/ShareConnect/PreferencesSync/src/test/kotlin/com/shareconnect/preferencessync/models/PreferencesDataTest.kt:59:13 No parameter with name 'defaultValue' found.
e: file:///home/milosvasic/Projects/ShareConnect/PreferencesSync/src/test/kotlin/com/shareconnect/preferencessync/models/PreferencesDataTest.kt:60:13 No parameter with name 'allowedValues' found.
e: file:///home/milosvasic/Projects/ShareConnect/PreferencesSync/src/test/kotlin/com/shareconnect/preferencessync/models/PreferencesDataTest.kt:61:13 No parameter with name 'validationPattern' found.
e: file:///home/milosvasic/Projects/ShareConnect/PreferencesSync/src/test/kotlin/com/shareconnect/preferencessync/models/PreferencesDataTest.kt:62:13 No parameter with name 'minValue' found.
e: file:///home/milosvasic/Projects/ShareConnect/PreferencesSync/src/test/kotlin/com/shareconnect/preferencessync/models/PreferencesDataTest.kt:63:13 No parameter with name 'maxValue' found.
e: file:///home/milosvasic/Projects/ShareConnect/PreferencesSync/src/test/kotlin/com/shareconnect/preferencessync/models/PreferencesDataTest.kt:64:13 No parameter with name 'timestamp' found.
e: file:///home/milosvasic/Projects/ShareConnect/PreferencesSync/src/test/kotlin/com/shareconnect/preferencessync/models/PreferencesDataTest.kt:66:13 No value passed for parameter 'sourceApp'.
e: file:///home/milosvasic/Projects/ShareConnect/PreferencesSync/src/test/kotlin/com/shareconnect/preferencessync/models/PreferencesDataTest.kt:76:51 Unresolved reference 'isSensitive'.
e: file:///home/milosvasic/Projects/ShareConnect/PreferencesSync/src/test/kotlin/com/shareconnect/preferencessync/models/PreferencesDataTest.kt:77:52 Unresolved reference 'defaultValue'.
e: file:///home/milosvasic/Projects/ShareConnect/PreferencesSync/src/test/kotlin/com/shareconnect/preferencessync/models/PreferencesDataTest.kt:78:53 Unresolved reference 'allowedValues'.
e: file:///home/milosvasic/Projects/ShareConnect/PreferencesSync/src/test/kotlin/com/shareconnect/preferencessync/models/PreferencesDataTest.kt:79:57 Unresolved reference 'validationPattern'.
e: file:///home/milosvasic/Projects/ShareConnect/PreferencesSync/src/test/kotlin/com/shareconnect/preferencessync/models/PreferencesDataTest.kt:80:48 Unresolved reference 'minValue'.
e: file:///home/milosvasic/Projects/ShareConnect/PreferencesSync/src/test/kotlin/com/shareconnect/preferencessync/models/PreferencesDataTest.kt:81:48 Unresolved reference 'maxValue'.
e: file:///home/milosvasic/Projects/ShareConnect/PreferencesSync/src/test/kotlin/com/shareconnect/preferencessync/models/PreferencesDataTest.kt:82:49 Unresolved reference 'timestamp'.
e: file:///home/milosvasic/Projects/ShareConnect/PreferencesSync/src/test/kotlin/com/shareconnect/preferencessync/models/PreferencesDataTest.kt:102:13 No parameter with name 'timestamp' found.
e: file:///home/milosvasic/Projects/ShareConnect/PreferencesSync/src/test/kotlin/com/shareconnect/preferencessync/models/PreferencesDataTest.kt:102:13 No value passed for parameter 'category'.
e: file:///home/milosvasic/Projects/ShareConnect/PreferencesSync/src/test/kotlin/com/shareconnect/preferencessync/models/PreferencesDataTest.kt:102:13 No value passed for parameter 'sourceApp'.
e: file:///home/milosvasic/Projects/ShareConnect/PreferencesSync/src/test/kotlin/com/shareconnect/preferencessync/models/PreferencesDataTest.kt:110:49 Unresolved reference 'timestamp'.
e: file:///home/milosvasic/Projects/ShareConnect/PreferencesSync/src/test/kotlin/com/shareconnect/preferencessync/models/PreferencesDataTest.kt:113:37 Unresolved reference 'isSensitive'.
e: file:///home/milosvasic/Projects/ShareConnect/PreferencesSync/src/test/kotlin/com/shareconnect/preferencessync/models/PreferencesDataTest.kt:114:36 Unresolved reference 'defaultValue'.
e: file:///home/milosvasic/Projects/ShareConnect/PreferencesSync/src/test/kotlin/com/shareconnect/preferencessync/models/PreferencesDataTest.kt:115:36 Unresolved reference 'allowedValues'.
e: file:///home/milosvasic/Projects/ShareConnect/PreferencesSync/src/test/kotlin/com/shareconnect/preferencessync/models/PreferencesDataTest.kt:116:36 Unresolved reference 'validationPattern'.
e: file:///home/milosvasic/Projects/ShareConnect/PreferencesSync/src/test/kotlin/com/shareconnect/preferencessync/models/PreferencesDataTest.kt:117:36 Unresolved reference 'minValue'.
e: file:///home/milosvasic/Projects/ShareConnect/PreferencesSync/src/test/kotlin/com/shareconnect/preferencessync/models/PreferencesDataTest.kt:118:36 Unresolved reference 'maxValue'.
e: file:///home/milosvasic/Projects/ShareConnect/PreferencesSync/src/test/kotlin/com/shareconnect/preferencessync/models/PreferencesDataTest.kt:131:13 No parameter with name 'timestamp' found.
e: file:///home/milosvasic/Projects/ShareConnect/PreferencesSync/src/test/kotlin/com/shareconnect/preferencessync/models/PreferencesDataTest.kt:131:13 No value passed for parameter 'category'.
e: file:///home/milosvasic/Projects/ShareConnect/PreferencesSync/src/test/kotlin/com/shareconnect/preferencessync/models/PreferencesDataTest.kt:131:13 No value passed for parameter 'sourceApp'.
e: file:///home/milosvasic/Projects/ShareConnect/PreferencesSync/src/test/kotlin/com/shareconnect/preferencessync/models/PreferencesDataTest.kt:138:13 No parameter with name 'timestamp' found.
e: file:///home/milosvasic/Projects/ShareConnect/PreferencesSync/src/test/kotlin/com/shareconnect/preferencessync/models/PreferencesDataTest.kt:138:13 No value passed for parameter 'category'.
e: file:///home/milosvasic/Projects/ShareConnect/PreferencesSync/src/test/kotlin/com/shareconnect/preferencessync/models/PreferencesDataTest.kt:138:13 No value passed for parameter 'sourceApp'.
e: file:///home/milosvasic/Projects/ShareConnect/PreferencesSync/src/test/kotlin/com/shareconnect/preferencessync/models/PreferencesDataTest.kt:145:13 No parameter with name 'timestamp' found.
e: file:///home/milosvasic/Projects/ShareConnect/PreferencesSync/src/test/kotlin/com/shareconnect/preferencessync/models/PreferencesDataTest.kt:145:13 No value passed for parameter 'category'.
e: file:///home/milosvasic/Projects/ShareConnect/PreferencesSync/src/test/kotlin/com/shareconnect/preferencessync/models/PreferencesDataTest.kt:145:13 No value passed for parameter 'sourceApp'.
e: file:///home/milosvasic/Projects/ShareConnect/PreferencesSync/src/test/kotlin/com/shareconnect/preferencessync/models/PreferencesDataTest.kt:163:13 No parameter with name 'timestamp' found.
e: file:///home/milosvasic/Projects/ShareConnect/PreferencesSync/src/test/kotlin/com/shareconnect/preferencessync/models/PreferencesDataTest.kt:163:13 No value passed for parameter 'category'.
e: file:///home/milosvasic/Projects/ShareConnect/PreferencesSync/src/test/kotlin/com/shareconnect/preferencessync/models/PreferencesDataTest.kt:163:13 No value passed for parameter 'sourceApp'.
e: file:///home/milosvasic/Projects/ShareConnect/PreferencesSync/src/test/kotlin/com/shareconnect/preferencessync/repository/PreferencesRepositoryTest.kt:67:13 No parameter with name 'timestamp' found.
e: file:///home/milosvasic/Projects/ShareConnect/PreferencesSync/src/test/kotlin/com/shareconnect/preferencessync/repository/PreferencesRepositoryTest.kt:69:13 No value passed for parameter 'category'.
e: file:///home/milosvasic/Projects/ShareConnect/PreferencesSync/src/test/kotlin/com/shareconnect/preferencessync/repository/PreferencesRepositoryTest.kt:69:13 No value passed for parameter 'sourceApp'.
e: file:///home/milosvasic/Projects/ShareConnect/PreferencesSync/src/test/kotlin/com/shareconnect/preferencessync/repository/PreferencesRepositoryTest.kt:73:20 Unresolved reference 'insertPreferences'.
e: file:///home/milosvasic/Projects/ShareConnect/PreferencesSync/src/test/kotlin/com/shareconnect/preferencessync/repository/PreferencesRepositoryTest.kt:76:43 Unresolved reference 'getPreferencesById'.
e: file:///home/milosvasic/Projects/ShareConnect/PreferencesSync/src/test/kotlin/com/shareconnect/preferencessync/repository/PreferencesRepositoryTest.kt:92:13 No parameter with name 'timestamp' found.
e: file:///home/milosvasic/Projects/ShareConnect/PreferencesSync/src/test/kotlin/com/shareconnect/preferencessync/repository/PreferencesRepositoryTest.kt:94:13 No value passed for parameter 'category'.
e: file:///home/milosvasic/Projects/ShareConnect/PreferencesSync/src/test/kotlin/com/shareconnect/preferencessync/repository/PreferencesRepositoryTest.kt:94:13 No value passed for parameter 'sourceApp'.
e: file:///home/milosvasic/Projects/ShareConnect/PreferencesSync/src/test/kotlin/com/shareconnect/preferencessync/repository/PreferencesRepositoryTest.kt:96:20 Unresolved reference 'insertPreferences'.
e: file:///home/milosvasic/Projects/ShareConnect/PreferencesSync/src/test/kotlin/com/shareconnect/preferencessync/repository/PreferencesRepositoryTest.kt:103:13 No parameter with name 'timestamp' found.
e: file:///home/milosvasic/Projects/ShareConnect/PreferencesSync/src/test/kotlin/com/shareconnect/preferencessync/repository/PreferencesRepositoryTest.kt:105:13 No value passed for parameter 'category'.
e: file:///home/milosvasic/Projects/ShareConnect/PreferencesSync/src/test/kotlin/com/shareconnect/preferencessync/repository/PreferencesRepositoryTest.kt:105:13 No value passed for parameter 'sourceApp'.
e: file:///home/milosvasic/Projects/ShareConnect/PreferencesSync/src/test/kotlin/com/shareconnect/preferencessync/repository/PreferencesRepositoryTest.kt:109:20 Unresolved reference 'updatePreferences'.
e: file:///home/milosvasic/Projects/ShareConnect/PreferencesSync/src/test/kotlin/com/shareconnect/preferencessync/repository/PreferencesRepositoryTest.kt:112:43 Unresolved reference 'getPreferencesById'.
e: file:///home/milosvasic/Projects/ShareConnect/PreferencesSync/src/test/kotlin/com/shareconnect/preferencessync/repository/PreferencesRepositoryTest.kt:126:13 No parameter with name 'timestamp' found.
e: file:///home/milosvasic/Projects/ShareConnect/PreferencesSync/src/test/kotlin/com/shareconnect/preferencessync/repository/PreferencesRepositoryTest.kt:128:13 No value passed for parameter 'category'.
e: file:///home/milosvasic/Projects/ShareConnect/PreferencesSync/src/test/kotlin/com/shareconnect/preferencessync/repository/PreferencesRepositoryTest.kt:128:13 No value passed for parameter 'sourceApp'.
e: file:///home/milosvasic/Projects/ShareConnect/PreferencesSync/src/test/kotlin/com/shareconnect/preferencessync/repository/PreferencesRepositoryTest.kt:130:20 Unresolved reference 'insertPreferences'.
e: file:///home/milosvasic/Projects/ShareConnect/PreferencesSync/src/test/kotlin/com/shareconnect/preferencessync/repository/PreferencesRepositoryTest.kt:133:34 Unresolved reference 'getPreferencesById'.
e: file:///home/milosvasic/Projects/ShareConnect/PreferencesSync/src/test/kotlin/com/shareconnect/preferencessync/repository/PreferencesRepositoryTest.kt:136:20 Unresolved reference 'deletePreferences'.
e: file:///home/milosvasic/Projects/ShareConnect/PreferencesSync/src/test/kotlin/com/shareconnect/preferencessync/repository/PreferencesRepositoryTest.kt:139:45 Unresolved reference 'getPreferencesById'.
e: file:///home/milosvasic/Projects/ShareConnect/PreferencesSync/src/test/kotlin/com/shareconnect/preferencessync/repository/PreferencesRepositoryTest.kt:151:13 No parameter with name 'timestamp' found.
e: file:///home/milosvasic/Projects/ShareConnect/PreferencesSync/src/test/kotlin/com/shareconnect/preferencessync/repository/PreferencesRepositoryTest.kt:153:13 No value passed for parameter 'category'.
e: file:///home/milosvasic/Projects/ShareConnect/PreferencesSync/src/test/kotlin/com/shareconnect/preferencessync/repository/PreferencesRepositoryTest.kt:153:13 No value passed for parameter 'sourceApp'.
e: file:///home/milosvasic/Projects/ShareConnect/PreferencesSync/src/test/kotlin/com/shareconnect/preferencessync/repository/PreferencesRepositoryTest.kt:160:13 No parameter with name 'timestamp' found.
e: file:///home/milosvasic/Projects/ShareConnect/PreferencesSync/src/test/kotlin/com/shareconnect/preferencessync/repository/PreferencesRepositoryTest.kt:162:13 No value passed for parameter 'category'.
e: file:///home/milosvasic/Projects/ShareConnect/PreferencesSync/src/test/kotlin/com/shareconnect/preferencessync/repository/PreferencesRepositoryTest.kt:162:13 No value passed for parameter 'sourceApp'.
e: file:///home/milosvasic/Projects/ShareConnect/PreferencesSync/src/test/kotlin/com/shareconnect/preferencessync/repository/PreferencesRepositoryTest.kt:165:20 Unresolved reference 'insertPreferences'.
e: file:///home/milosvasic/Projects/ShareConnect/PreferencesSync/src/test/kotlin/com/shareconnect/preferencessync/repository/PreferencesRepositoryTest.kt:166:20 Unresolved reference 'insertPreferences'.
e: file:///home/milosvasic/Projects/ShareConnect/PreferencesSync/src/test/kotlin/com/shareconnect/preferencessync/repository/PreferencesRepositoryTest.kt:172:40 Unresolved reference 'size'.
e: file:///home/milosvasic/Projects/ShareConnect/PreferencesSync/src/test/kotlin/com/shareconnect/preferencessync/repository/PreferencesRepositoryTest.kt:173:35 Unresolved reference 'any'.
e: file:///home/milosvasic/Projects/ShareConnect/PreferencesSync/src/test/kotlin/com/shareconnect/preferencessync/repository/PreferencesRepositoryTest.kt:173:41 Unresolved reference 'it'.
e: file:///home/milosvasic/Projects/ShareConnect/PreferencesSync/src/test/kotlin/com/shareconnect/preferencessync/repository/PreferencesRepositoryTest.kt:174:35 Unresolved reference 'any'.
e: file:///home/milosvasic/Projects/ShareConnect/PreferencesSync/src/test/kotlin/com/shareconnect/preferencessync/repository/PreferencesRepositoryTest.kt:174:41 Unresolved reference 'it'.
e: file:///home/milosvasic/Projects/ShareConnect/PreferencesSync/src/test/kotlin/com/shareconnect/preferencessync/repository/PreferencesRepositoryTest.kt:180:38 Unresolved reference 'getPreferencesById'.
e: file:///home/milosvasic/Projects/ShareConnect/PreferencesSync/src/test/kotlin/com/shareconnect/preferencessync/repository/PreferencesRepositoryTest.kt:194:13 No parameter with name 'timestamp' found.
e: file:///home/milosvasic/Projects/ShareConnect/PreferencesSync/src/test/kotlin/com/shareconnect/preferencessync/repository/PreferencesRepositoryTest.kt:196:13 No value passed for parameter 'category'.
e: file:///home/milosvasic/Projects/ShareConnect/PreferencesSync/src/test/kotlin/com/shareconnect/preferencessync/repository/PreferencesRepositoryTest.kt:196:13 No value passed for parameter 'sourceApp'.
e: file:///home/milosvasic/Projects/ShareConnect/PreferencesSync/src/test/kotlin/com/shareconnect/preferencessync/repository/PreferencesRepositoryTest.kt:198:20 Unresolved reference 'insertPreferences'.
e: file:///home/milosvasic/Projects/ShareConnect/PreferencesSync/src/test/kotlin/com/shareconnect/preferencessync/repository/PreferencesRepositoryTest.kt:201:38 Unresolved reference 'getPreferencesByKey'.
e: file:///home/milosvasic/Projects/ShareConnect/PreferencesSync/src/test/kotlin/com/shareconnect/preferencessync/repository/PreferencesRepositoryTest.kt:213:38 Unresolved reference 'getPreferencesByKey'.

FAILURE: Build completed with 2 failures.

1: Task failed with an exception.
-----------
* What went wrong:
Execution failed for task ':PreferencesSync:compileDebugUnitTestKotlin'.
> A failure occurred while executing org.jetbrains.kotlin.compilerRunner.GradleCompilerRunnerWithWorkers$GradleKotlinCompilerWorkAction
   > Compilation error. See log for more details

* Try:
> Run with --stacktrace option to get the stack trace.
> Run with --info or --debug option to get more log output.
> Run with --scan to get full insights.
> Get more help at https://help.gradle.org.
==============================================================================

2: Task failed with an exception.
-----------
* What went wrong:
Execution failed for task ':PreferencesSync:compileReleaseUnitTestKotlin'.
> A failure occurred while executing org.jetbrains.kotlin.compilerRunner.GradleCompilerRunnerWithWorkers$GradleKotlinCompilerWorkAction
   > Compilation error. See log for more details

* Try:
> Run with --stacktrace option to get the stack trace.
> Run with --info or --debug option to get more log output.
> Run with --scan to get full insights.
> Get more help at https://help.gradle.org.
==============================================================================

BUILD FAILED in 2s
Creating the JCommons JAR archive
The 'toolkit_project_name' is: 'ShareConnect'

23 tests completed, 7 failed

FAILURE: Build failed with an exception.

* What went wrong:
Execution failed for task ':LanguageSync:testDebugUnitTest'.
> There were failing tests. See the report at: file:///home/milosvasic/Projects/ShareConnect/LanguageSync/build/reports/tests/testDebugUnitTest/index.html

* Try:
> Run with --scan to get full insights.

BUILD FAILED in 2s
Creating the JCommons JAR archive
The 'toolkit_project_name' is: 'ShareConnect'
e: file:///home/milosvasic/Projects/ShareConnect/TorrentSharingSync/src/test/kotlin/com/shareconnect/torrentsharingsync/TorrentSharingSyncManagerTest.kt:60:37 Cannot access 'constructor(context: Context, appIdentifier: String, appName: String, appVersion: String, asinkaClient: AsinkaClient, repository: TorrentSharingRepository): TorrentSharingSyncManager': it is private in 'com/shareconnect/torrentsharingsync/TorrentSharingSyncManager'.
e: file:///home/milosvasic/Projects/ShareConnect/TorrentSharingSync/src/test/kotlin/com/shareconnect/torrentsharingsync/TorrentSharingSyncManagerTest.kt:106:13 No parameter with name 'torrentName' found.
e: file:///home/milosvasic/Projects/ShareConnect/TorrentSharingSync/src/test/kotlin/com/shareconnect/torrentsharingsync/TorrentSharingSyncManagerTest.kt:107:13 No parameter with name 'torrentHash' found.
e: file:///home/milosvasic/Projects/ShareConnect/TorrentSharingSync/src/test/kotlin/com/shareconnect/torrentsharingsync/TorrentSharingSyncManagerTest.kt:108:13 No parameter with name 'magnetUri' found.
e: file:///home/milosvasic/Projects/ShareConnect/TorrentSharingSync/src/test/kotlin/com/shareconnect/torrentsharingsync/TorrentSharingSyncManagerTest.kt:109:13 No parameter with name 'timestamp' found.
e: file:///home/milosvasic/Projects/ShareConnect/TorrentSharingSync/src/test/kotlin/com/shareconnect/torrentsharingsync/TorrentSharingSyncManagerTest.kt:113:33 Unresolved reference 'getTorrentSharingById'.
e: file:///home/milosvasic/Projects/ShareConnect/TorrentSharingSync/src/test/kotlin/com/shareconnect/torrentsharingsync/TorrentSharingSyncManagerTest.kt:114:33 Unresolved reference 'insertTorrentSharing'.
e: file:///home/milosvasic/Projects/ShareConnect/TorrentSharingSync/src/test/kotlin/com/shareconnect/torrentsharingsync/TorrentSharingSyncManagerTest.kt:117:35 Unresolved reference 'handleReceivedTorrentSharing'.
e: file:///home/milosvasic/Projects/ShareConnect/TorrentSharingSync/src/test/kotlin/com/shareconnect/torrentsharingsync/TorrentSharingSyncManagerTest.kt:120:32 Unresolved reference 'insertTorrentSharing'.
e: file:///home/milosvasic/Projects/ShareConnect/TorrentSharingSync/src/test/kotlin/com/shareconnect/torrentsharingsync/TorrentSharingSyncManagerTest.kt:128:13 No parameter with name 'torrentName' found.
e: file:///home/milosvasic/Projects/ShareConnect/TorrentSharingSync/src/test/kotlin/com/shareconnect/torrentsharingsync/TorrentSharingSyncManagerTest.kt:129:13 No parameter with name 'torrentHash' found.
e: file:///home/milosvasic/Projects/ShareConnect/TorrentSharingSync/src/test/kotlin/com/shareconnect/torrentsharingsync/TorrentSharingSyncManagerTest.kt:130:13 No parameter with name 'magnetUri' found.
e: file:///home/milosvasic/Projects/ShareConnect/TorrentSharingSync/src/test/kotlin/com/shareconnect/torrentsharingsync/TorrentSharingSyncManagerTest.kt:131:13 No parameter with name 'timestamp' found.
e: file:///home/milosvasic/Projects/ShareConnect/TorrentSharingSync/src/test/kotlin/com/shareconnect/torrentsharingsync/TorrentSharingSyncManagerTest.kt:137:13 No parameter with name 'torrentName' found.
e: file:///home/milosvasic/Projects/ShareConnect/TorrentSharingSync/src/test/kotlin/com/shareconnect/torrentsharingsync/TorrentSharingSyncManagerTest.kt:138:13 No parameter with name 'torrentHash' found.
e: file:///home/milosvasic/Projects/ShareConnect/TorrentSharingSync/src/test/kotlin/com/shareconnect/torrentsharingsync/TorrentSharingSyncManagerTest.kt:139:13 No parameter with name 'magnetUri' found.
e: file:///home/milosvasic/Projects/ShareConnect/TorrentSharingSync/src/test/kotlin/com/shareconnect/torrentsharingsync/TorrentSharingSyncManagerTest.kt:140:13 No parameter with name 'timestamp' found.
e: file:///home/milosvasic/Projects/ShareConnect/TorrentSharingSync/src/test/kotlin/com/shareconnect/torrentsharingsync/TorrentSharingSyncManagerTest.kt:145:33 Unresolved reference 'getTorrentSharingById'.
e: file:///home/milosvasic/Projects/ShareConnect/TorrentSharingSync/src/test/kotlin/com/shareconnect/torrentsharingsync/TorrentSharingSyncManagerTest.kt:146:33 Unresolved reference 'updateTorrentSharing'.
e: file:///home/milosvasic/Projects/ShareConnect/TorrentSharingSync/src/test/kotlin/com/shareconnect/torrentsharingsync/TorrentSharingSyncManagerTest.kt:149:35 Unresolved reference 'handleReceivedTorrentSharing'.
e: file:///home/milosvasic/Projects/ShareConnect/TorrentSharingSync/src/test/kotlin/com/shareconnect/torrentsharingsync/TorrentSharingSyncManagerTest.kt:152:32 Unresolved reference 'updateTorrentSharing'.
e: file:///home/milosvasic/Projects/ShareConnect/TorrentSharingSync/src/test/kotlin/com/shareconnect/torrentsharingsync/TorrentSharingSyncManagerTest.kt:160:13 No parameter with name 'torrentName' found.
e: file:///home/milosvasic/Projects/ShareConnect/TorrentSharingSync/src/test/kotlin/com/shareconnect/torrentsharingsync/TorrentSharingSyncManagerTest.kt:161:13 No parameter with name 'torrentHash' found.
e: file:///home/milosvasic/Projects/ShareConnect/TorrentSharingSync/src/test/kotlin/com/shareconnect/torrentsharingsync/TorrentSharingSyncManagerTest.kt:162:13 No parameter with name 'magnetUri' found.
e: file:///home/milosvasic/Projects/ShareConnect/TorrentSharingSync/src/test/kotlin/com/shareconnect/torrentsharingsync/TorrentSharingSyncManagerTest.kt:163:13 No parameter with name 'timestamp' found.
e: file:///home/milosvasic/Projects/ShareConnect/TorrentSharingSync/src/test/kotlin/com/shareconnect/torrentsharingsync/TorrentSharingSyncManagerTest.kt:169:13 No parameter with name 'torrentName' found.
e: file:///home/milosvasic/Projects/ShareConnect/TorrentSharingSync/src/test/kotlin/com/shareconnect/torrentsharingsync/TorrentSharingSyncManagerTest.kt:170:13 No parameter with name 'torrentHash' found.
e: file:///home/milosvasic/Projects/ShareConnect/TorrentSharingSync/src/test/kotlin/com/shareconnect/torrentsharingsync/TorrentSharingSyncManagerTest.kt:171:13 No parameter with name 'magnetUri' found.
e: file:///home/milosvasic/Projects/ShareConnect/TorrentSharingSync/src/test/kotlin/com/shareconnect/torrentsharingsync/TorrentSharingSyncManagerTest.kt:172:13 No parameter with name 'timestamp' found.
e: file:///home/milosvasic/Projects/ShareConnect/TorrentSharingSync/src/test/kotlin/com/shareconnect/torrentsharingsync/TorrentSharingSyncManagerTest.kt:177:33 Unresolved reference 'getTorrentSharingById'.
e: file:///home/milosvasic/Projects/ShareConnect/TorrentSharingSync/src/test/kotlin/com/shareconnect/torrentsharingsync/TorrentSharingSyncManagerTest.kt:180:35 Unresolved reference 'handleReceivedTorrentSharing'.
e: file:///home/milosvasic/Projects/ShareConnect/TorrentSharingSync/src/test/kotlin/com/shareconnect/torrentsharingsync/TorrentSharingSyncManagerTest.kt:183:41 Unresolved reference 'updateTorrentSharing'.
e: file:///home/milosvasic/Projects/ShareConnect/TorrentSharingSync/src/test/kotlin/com/shareconnect/torrentsharingsync/TorrentSharingSyncManagerTest.kt:184:41 Unresolved reference 'insertTorrentSharing'.
e: file:///home/milosvasic/Projects/ShareConnect/TorrentSharingSync/src/test/kotlin/com/shareconnect/torrentsharingsync/TorrentSharingSyncManagerTest.kt:190:33 Unresolved reference 'deleteTorrentSharing'.
e: file:///home/milosvasic/Projects/ShareConnect/TorrentSharingSync/src/test/kotlin/com/shareconnect/torrentsharingsync/TorrentSharingSyncManagerTest.kt:193:35 Unresolved reference 'handleDeletedTorrentSharing'.
e: file:///home/milosvasic/Projects/ShareConnect/TorrentSharingSync/src/test/kotlin/com/shareconnect/torrentsharingsync/TorrentSharingSyncManagerTest.kt:196:32 Unresolved reference 'deleteTorrentSharing'.
e: file:///home/milosvasic/Projects/ShareConnect/TorrentSharingSync/src/test/kotlin/com/shareconnect/torrentsharingsync/TorrentSharingSyncManagerTest.kt:204:13 No parameter with name 'torrentName' found.
e: file:///home/milosvasic/Projects/ShareConnect/TorrentSharingSync/src/test/kotlin/com/shareconnect/torrentsharingsync/TorrentSharingSyncManagerTest.kt:205:13 No parameter with name 'torrentHash' found.
e: file:///home/milosvasic/Projects/ShareConnect/TorrentSharingSync/src/test/kotlin/com/shareconnect/torrentsharingsync/TorrentSharingSyncManagerTest.kt:206:13 No parameter with name 'magnetUri' found.
e: file:///home/milosvasic/Projects/ShareConnect/TorrentSharingSync/src/test/kotlin/com/shareconnect/torrentsharingsync/TorrentSharingSyncManagerTest.kt:207:13 No parameter with name 'timestamp' found.
e: file:///home/milosvasic/Projects/ShareConnect/TorrentSharingSync/src/test/kotlin/com/shareconnect/torrentsharingsync/TorrentSharingSyncManagerTest.kt:212:33 Unresolved reference 'getTorrentSharingById'.
e: file:///home/milosvasic/Projects/ShareConnect/TorrentSharingSync/src/test/kotlin/com/shareconnect/torrentsharingsync/TorrentSharingSyncManagerTest.kt:213:33 Unresolved reference 'insertTorrentSharing'.
e: file:///home/milosvasic/Projects/ShareConnect/TorrentSharingSync/src/test/kotlin/com/shareconnect/torrentsharingsync/TorrentSharingSyncManagerTest.kt:216:38 '@Deprecated(...) @LowPriorityInOverloadResolution() fun launch(context: CoroutineContext = ..., start: CoroutineStart = ..., block: suspend CoroutineScope.() -> Unit): Job' is deprecated. 'launch' can not be called without the corresponding coroutine scope. Consider wrapping 'launch' in 'coroutineScope { }', using 'runBlocking { }', or using some other 'CoroutineScope'.
e: file:///home/milosvasic/Projects/ShareConnect/TorrentSharingSync/src/test/kotlin/com/shareconnect/torrentsharingsync/TorrentSharingSyncManagerTest.kt:221:35 Unresolved reference 'handleReceivedTorrentSharing'.
e: file:///home/milosvasic/Projects/ShareConnect/TorrentSharingSync/src/test/kotlin/com/shareconnect/torrentsharingsync/TorrentSharingSyncManagerTest.kt:229:51 Unresolved reference 'torrentName'.
e: file:///home/milosvasic/Projects/ShareConnect/TorrentSharingSync/src/test/kotlin/com/shareconnect/torrentsharingsync/TorrentSharingSyncManagerTest.kt:230:45 Unresolved reference 'torrentHash'.
e: file:///home/milosvasic/Projects/ShareConnect/TorrentSharingSync/src/test/kotlin/com/shareconnect/torrentsharingsync/models/TorrentSharingDataTest.kt:64:13 No parameter with name 'torrentName' found.
e: file:///home/milosvasic/Projects/ShareConnect/TorrentSharingSync/src/test/kotlin/com/shareconnect/torrentsharingsync/models/TorrentSharingDataTest.kt:65:13 No parameter with name 'torrentHash' found.
e: file:///home/milosvasic/Projects/ShareConnect/TorrentSharingSync/src/test/kotlin/com/shareconnect/torrentsharingsync/models/TorrentSharingDataTest.kt:66:13 No parameter with name 'magnetUri' found.
e: file:///home/milosvasic/Projects/ShareConnect/TorrentSharingSync/src/test/kotlin/com/shareconnect/torrentsharingsync/models/TorrentSharingDataTest.kt:67:13 No parameter with name 'torrentUrl' found.
e: file:///home/milosvasic/Projects/ShareConnect/TorrentSharingSync/src/test/kotlin/com/shareconnect/torrentsharingsync/models/TorrentSharingDataTest.kt:68:13 No parameter with name 'fileSize' found.
e: file:///home/milosvasic/Projects/ShareConnect/TorrentSharingSync/src/test/kotlin/com/shareconnect/torrentsharingsync/models/TorrentSharingDataTest.kt:69:13 No parameter with name 'fileCount' found.
e: file:///home/milosvasic/Projects/ShareConnect/TorrentSharingSync/src/test/kotlin/com/shareconnect/torrentsharingsync/models/TorrentSharingDataTest.kt:70:13 No parameter with name 'category' found.
e: file:///home/milosvasic/Projects/ShareConnect/TorrentSharingSync/src/test/kotlin/com/shareconnect/torrentsharingsync/models/TorrentSharingDataTest.kt:71:13 No parameter with name 'tags' found.
e: file:///home/milosvasic/Projects/ShareConnect/TorrentSharingSync/src/test/kotlin/com/shareconnect/torrentsharingsync/models/TorrentSharingDataTest.kt:72:13 No parameter with name 'description' found.
e: file:///home/milosvasic/Projects/ShareConnect/TorrentSharingSync/src/test/kotlin/com/shareconnect/torrentsharingsync/models/TorrentSharingDataTest.kt:73:13 No parameter with name 'source' found.
e: file:///home/milosvasic/Projects/ShareConnect/TorrentSharingSync/src/test/kotlin/com/shareconnect/torrentsharingsync/models/TorrentSharingDataTest.kt:74:13 No parameter with name 'isPrivate' found.
e: file:///home/milosvasic/Projects/ShareConnect/TorrentSharingSync/src/test/kotlin/com/shareconnect/torrentsharingsync/models/TorrentSharingDataTest.kt:75:13 No parameter with name 'isSeeded' found.
e: file:///home/milosvasic/Projects/ShareConnect/TorrentSharingSync/src/test/kotlin/com/shareconnect/torrentsharingsync/models/TorrentSharingDataTest.kt:76:13 No parameter with name 'seedCount' found.
e: file:///home/milosvasic/Projects/ShareConnect/TorrentSharingSync/src/test/kotlin/com/shareconnect/torrentsharingsync/models/TorrentSharingDataTest.kt:77:13 No parameter with name 'peerCount' found.
e: file:///home/milosvasic/Projects/ShareConnect/TorrentSharingSync/src/test/kotlin/com/shareconnect/torrentsharingsync/models/TorrentSharingDataTest.kt:78:13 No parameter with name 'downloadSpeed' found.
e: file:///home/milosvasic/Projects/ShareConnect/TorrentSharingSync/src/test/kotlin/com/shareconnect/torrentsharingsync/models/TorrentSharingDataTest.kt:79:13 No parameter with name 'uploadSpeed' found.
e: file:///home/milosvasic/Projects/ShareConnect/TorrentSharingSync/src/test/kotlin/com/shareconnect/torrentsharingsync/models/TorrentSharingDataTest.kt:80:13 No parameter with name 'eta' found.
e: file:///home/milosvasic/Projects/ShareConnect/TorrentSharingSync/src/test/kotlin/com/shareconnect/torrentsharingsync/models/TorrentSharingDataTest.kt:81:13 No parameter with name 'progress' found.
e: file:///home/milosvasic/Projects/ShareConnect/TorrentSharingSync/src/test/kotlin/com/shareconnect/torrentsharingsync/models/TorrentSharingDataTest.kt:82:13 No parameter with name 'ratio' found.
e: file:///home/milosvasic/Projects/ShareConnect/TorrentSharingSync/src/test/kotlin/com/shareconnect/torrentsharingsync/models/TorrentSharingDataTest.kt:83:13 No parameter with name 'downloaded' found.
e: file:///home/milosvasic/Projects/ShareConnect/TorrentSharingSync/src/test/kotlin/com/shareconnect/torrentsharingsync/models/TorrentSharingDataTest.kt:84:13 No parameter with name 'uploaded' found.
e: file:///home/milosvasic/Projects/ShareConnect/TorrentSharingSync/src/test/kotlin/com/shareconnect/torrentsharingsync/models/TorrentSharingDataTest.kt:85:13 No parameter with name 'availability' found.
e: file:///home/milosvasic/Projects/ShareConnect/TorrentSharingSync/src/test/kotlin/com/shareconnect/torrentsharingsync/models/TorrentSharingDataTest.kt:86:13 No parameter with name 'timestamp' found.
e: file:///home/milosvasic/Projects/ShareConnect/TorrentSharingSync/src/test/kotlin/com/shareconnect/torrentsharingsync/models/TorrentSharingDataTest.kt:93:54 Unresolved reference 'torrentName'.
e: file:///home/milosvasic/Projects/ShareConnect/TorrentSharingSync/src/test/kotlin/com/shareconnect/torrentsharingsync/models/TorrentSharingDataTest.kt:94:54 Unresolved reference 'torrentHash'.
e: file:///home/milosvasic/Projects/ShareConnect/TorrentSharingSync/src/test/kotlin/com/shareconnect/torrentsharingsync/models/TorrentSharingDataTest.kt:95:52 Unresolved reference 'magnetUri'.
e: file:///home/milosvasic/Projects/ShareConnect/TorrentSharingSync/src/test/kotlin/com/shareconnect/torrentsharingsync/models/TorrentSharingDataTest.kt:96:53 Unresolved reference 'torrentUrl'.
e: file:///home/milosvasic/Projects/ShareConnect/TorrentSharingSync/src/test/kotlin/com/shareconnect/torrentsharingsync/models/TorrentSharingDataTest.kt:97:51 Unresolved reference 'fileSize'.
e: file:///home/milosvasic/Projects/ShareConnect/TorrentSharingSync/src/test/kotlin/com/shareconnect/torrentsharingsync/models/TorrentSharingDataTest.kt:98:52 Unresolved reference 'fileCount'.
e: file:///home/milosvasic/Projects/ShareConnect/TorrentSharingSync/src/test/kotlin/com/shareconnect/torrentsharingsync/models/TorrentSharingDataTest.kt:99:51 Unresolved reference 'category'.
e: file:///home/milosvasic/Projects/ShareConnect/TorrentSharingSync/src/test/kotlin/com/shareconnect/torrentsharingsync/models/TorrentSharingDataTest.kt:100:47 Unresolved reference 'tags'.
e: file:///home/milosvasic/Projects/ShareConnect/TorrentSharingSync/src/test/kotlin/com/shareconnect/torrentsharingsync/models/TorrentSharingDataTest.kt:101:54 Unresolved reference 'description'.
e: file:///home/milosvasic/Projects/ShareConnect/TorrentSharingSync/src/test/kotlin/com/shareconnect/torrentsharingsync/models/TorrentSharingDataTest.kt:102:49 Unresolved reference 'source'.
e: file:///home/milosvasic/Projects/ShareConnect/TorrentSharingSync/src/test/kotlin/com/shareconnect/torrentsharingsync/models/TorrentSharingDataTest.kt:103:52 Unresolved reference 'isPrivate'.
e: file:///home/milosvasic/Projects/ShareConnect/TorrentSharingSync/src/test/kotlin/com/shareconnect/torrentsharingsync/models/TorrentSharingDataTest.kt:104:51 Unresolved reference 'isSeeded'.
e: file:///home/milosvasic/Projects/ShareConnect/TorrentSharingSync/src/test/kotlin/com/shareconnect/torrentsharingsync/models/TorrentSharingDataTest.kt:105:52 Unresolved reference 'seedCount'.
e: file:///home/milosvasic/Projects/ShareConnect/TorrentSharingSync/src/test/kotlin/com/shareconnect/torrentsharingsync/models/TorrentSharingDataTest.kt:106:52 Unresolved reference 'peerCount'.
e: file:///home/milosvasic/Projects/ShareConnect/TorrentSharingSync/src/test/kotlin/com/shareconnect/torrentsharingsync/models/TorrentSharingDataTest.kt:107:56 Unresolved reference 'downloadSpeed'.
e: file:///home/milosvasic/Projects/ShareConnect/TorrentSharingSync/src/test/kotlin/com/shareconnect/torrentsharingsync/models/TorrentSharingDataTest.kt:108:54 Unresolved reference 'uploadSpeed'.
e: file:///home/milosvasic/Projects/ShareConnect/TorrentSharingSync/src/test/kotlin/com/shareconnect/torrentsharingsync/models/TorrentSharingDataTest.kt:109:46 Unresolved reference 'eta'.
e: file:///home/milosvasic/Projects/ShareConnect/TorrentSharingSync/src/test/kotlin/com/shareconnect/torrentsharingsync/models/TorrentSharingDataTest.kt:110:51 Unresolved reference 'progress'.
e: file:///home/milosvasic/Projects/ShareConnect/TorrentSharingSync/src/test/kotlin/com/shareconnect/torrentsharingsync/models/TorrentSharingDataTest.kt:111:48 Unresolved reference 'ratio'.
e: file:///home/milosvasic/Projects/ShareConnect/TorrentSharingSync/src/test/kotlin/com/shareconnect/torrentsharingsync/models/TorrentSharingDataTest.kt:112:53 Unresolved reference 'downloaded'.
e: file:///home/milosvasic/Projects/ShareConnect/TorrentSharingSync/src/test/kotlin/com/shareconnect/torrentsharingsync/models/TorrentSharingDataTest.kt:113:51 Unresolved reference 'uploaded'.
e: file:///home/milosvasic/Projects/ShareConnect/TorrentSharingSync/src/test/kotlin/com/shareconnect/torrentsharingsync/models/TorrentSharingDataTest.kt:114:55 Unresolved reference 'availability'.
e: file:///home/milosvasic/Projects/ShareConnect/TorrentSharingSync/src/test/kotlin/com/shareconnect/torrentsharingsync/models/TorrentSharingDataTest.kt:115:52 Unresolved reference 'timestamp'.
e: file:///home/milosvasic/Projects/ShareConnect/TorrentSharingSync/src/test/kotlin/com/shareconnect/torrentsharingsync/models/TorrentSharingDataTest.kt:132:13 No parameter with name 'torrentName' found.
e: file:///home/milosvasic/Projects/ShareConnect/TorrentSharingSync/src/test/kotlin/com/shareconnect/torrentsharingsync/models/TorrentSharingDataTest.kt:133:13 No parameter with name 'torrentHash' found.
e: file:///home/milosvasic/Projects/ShareConnect/TorrentSharingSync/src/test/kotlin/com/shareconnect/torrentsharingsync/models/TorrentSharingDataTest.kt:134:13 No parameter with name 'magnetUri' found.
e: file:///home/milosvasic/Projects/ShareConnect/TorrentSharingSync/src/test/kotlin/com/shareconnect/torrentsharingsync/models/TorrentSharingDataTest.kt:135:13 No parameter with name 'timestamp' found.
e: file:///home/milosvasic/Projects/ShareConnect/TorrentSharingSync/src/test/kotlin/com/shareconnect/torrentsharingsync/models/TorrentSharingDataTest.kt:140:54 Unresolved reference 'torrentName'.
e: file:///home/milosvasic/Projects/ShareConnect/TorrentSharingSync/src/test/kotlin/com/shareconnect/torrentsharingsync/models/TorrentSharingDataTest.kt:141:54 Unresolved reference 'torrentHash'.
e: file:///home/milosvasic/Projects/ShareConnect/TorrentSharingSync/src/test/kotlin/com/shareconnect/torrentsharingsync/models/TorrentSharingDataTest.kt:142:52 Unresolved reference 'magnetUri'.
e: file:///home/milosvasic/Projects/ShareConnect/TorrentSharingSync/src/test/kotlin/com/shareconnect/torrentsharingsync/models/TorrentSharingDataTest.kt:143:52 Unresolved reference 'timestamp'.
e: file:///home/milosvasic/Projects/ShareConnect/TorrentSharingSync/src/test/kotlin/com/shareconnect/torrentsharingsync/models/TorrentSharingDataTest.kt:144:39 Unresolved reference 'torrentUrl'.
e: file:///home/milosvasic/Projects/ShareConnect/TorrentSharingSync/src/test/kotlin/com/shareconnect/torrentsharingsync/models/TorrentSharingDataTest.kt:145:45 Unresolved reference 'fileSize'.
e: file:///home/milosvasic/Projects/ShareConnect/TorrentSharingSync/src/test/kotlin/com/shareconnect/torrentsharingsync/models/TorrentSharingDataTest.kt:146:44 Unresolved reference 'fileCount'.
e: file:///home/milosvasic/Projects/ShareConnect/TorrentSharingSync/src/test/kotlin/com/shareconnect/torrentsharingsync/models/TorrentSharingDataTest.kt:147:39 Unresolved reference 'category'.
e: file:///home/milosvasic/Projects/ShareConnect/TorrentSharingSync/src/test/kotlin/com/shareconnect/torrentsharingsync/models/TorrentSharingDataTest.kt:148:39 Unresolved reference 'tags'.
e: file:///home/milosvasic/Projects/ShareConnect/TorrentSharingSync/src/test/kotlin/com/shareconnect/torrentsharingsync/models/TorrentSharingDataTest.kt:149:39 Unresolved reference 'description'.
e: file:///home/milosvasic/Projects/ShareConnect/TorrentSharingSync/src/test/kotlin/com/shareconnect/torrentsharingsync/models/TorrentSharingDataTest.kt:150:39 Unresolved reference 'source'.
e: file:///home/milosvasic/Projects/ShareConnect/TorrentSharingSync/src/test/kotlin/com/shareconnect/torrentsharingsync/models/TorrentSharingDataTest.kt:151:40 Unresolved reference 'isPrivate'.
e: file:///home/milosvasic/Projects/ShareConnect/TorrentSharingSync/src/test/kotlin/com/shareconnect/torrentsharingsync/models/TorrentSharingDataTest.kt:152:40 Unresolved reference 'isSeeded'.
e: file:///home/milosvasic/Projects/ShareConnect/TorrentSharingSync/src/test/kotlin/com/shareconnect/torrentsharingsync/models/TorrentSharingDataTest.kt:153:44 Unresolved reference 'seedCount'.
e: file:///home/milosvasic/Projects/ShareConnect/TorrentSharingSync/src/test/kotlin/com/shareconnect/torrentsharingsync/models/TorrentSharingDataTest.kt:154:44 Unresolved reference 'peerCount'.
e: file:///home/milosvasic/Projects/ShareConnect/TorrentSharingSync/src/test/kotlin/com/shareconnect/torrentsharingsync/models/TorrentSharingDataTest.kt:155:45 Unresolved reference 'downloadSpeed'.
e: file:///home/milosvasic/Projects/ShareConnect/TorrentSharingSync/src/test/kotlin/com/shareconnect/torrentsharingsync/models/TorrentSharingDataTest.kt:156:45 Unresolved reference 'uploadSpeed'.
e: file:///home/milosvasic/Projects/ShareConnect/TorrentSharingSync/src/test/kotlin/com/shareconnect/torrentsharingsync/models/TorrentSharingDataTest.kt:157:45 Unresolved reference 'eta'.
e: file:///home/milosvasic/Projects/ShareConnect/TorrentSharingSync/src/test/kotlin/com/shareconnect/torrentsharingsync/models/TorrentSharingDataTest.kt:158:47 Unresolved reference 'progress'.
e: file:///home/milosvasic/Projects/ShareConnect/TorrentSharingSync/src/test/kotlin/com/shareconnect/torrentsharingsync/models/TorrentSharingDataTest.kt:159:47 Unresolved reference 'ratio'.
e: file:///home/milosvasic/Projects/ShareConnect/TorrentSharingSync/src/test/kotlin/com/shareconnect/torrentsharingsync/models/TorrentSharingDataTest.kt:160:45 Unresolved reference 'downloaded'.
e: file:///home/milosvasic/Projects/ShareConnect/TorrentSharingSync/src/test/kotlin/com/shareconnect/torrentsharingsync/models/TorrentSharingDataTest.kt:161:45 Unresolved reference 'uploaded'.
e: file:///home/milosvasic/Projects/ShareConnect/TorrentSharingSync/src/test/kotlin/com/shareconnect/torrentsharingsync/models/TorrentSharingDataTest.kt:162:47 Unresolved reference 'availability'.
e: file:///home/milosvasic/Projects/ShareConnect/TorrentSharingSync/src/test/kotlin/com/shareconnect/torrentsharingsync/models/TorrentSharingDataTest.kt:172:13 No parameter with name 'torrentName' found.
e: file:///home/milosvasic/Projects/ShareConnect/TorrentSharingSync/src/test/kotlin/com/shareconnect/torrentsharingsync/models/TorrentSharingDataTest.kt:173:13 No parameter with name 'torrentHash' found.
e: file:///home/milosvasic/Projects/ShareConnect/TorrentSharingSync/src/test/kotlin/com/shareconnect/torrentsharingsync/models/TorrentSharingDataTest.kt:174:13 No parameter with name 'magnetUri' found.
e: file:///home/milosvasic/Projects/ShareConnect/TorrentSharingSync/src/test/kotlin/com/shareconnect/torrentsharingsync/models/TorrentSharingDataTest.kt:175:13 No parameter with name 'timestamp' found.
e: file:///home/milosvasic/Projects/ShareConnect/TorrentSharingSync/src/test/kotlin/com/shareconnect/torrentsharingsync/models/TorrentSharingDataTest.kt:179:13 No parameter with name 'torrentName' found.
e: file:///home/milosvasic/Projects/ShareConnect/TorrentSharingSync/src/test/kotlin/com/shareconnect/torrentsharingsync/models/TorrentSharingDataTest.kt:180:13 No parameter with name 'torrentHash' found.
e: file:///home/milosvasic/Projects/ShareConnect/TorrentSharingSync/src/test/kotlin/com/shareconnect/torrentsharingsync/models/TorrentSharingDataTest.kt:181:13 No parameter with name 'magnetUri' found.
e: file:///home/milosvasic/Projects/ShareConnect/TorrentSharingSync/src/test/kotlin/com/shareconnect/torrentsharingsync/models/TorrentSharingDataTest.kt:182:13 No parameter with name 'timestamp' found.
e: file:///home/milosvasic/Projects/ShareConnect/TorrentSharingSync/src/test/kotlin/com/shareconnect/torrentsharingsync/models/TorrentSharingDataTest.kt:186:13 No parameter with name 'torrentName' found.
e: file:///home/milosvasic/Projects/ShareConnect/TorrentSharingSync/src/test/kotlin/com/shareconnect/torrentsharingsync/models/TorrentSharingDataTest.kt:187:13 No parameter with name 'torrentHash' found.
e: file:///home/milosvasic/Projects/ShareConnect/TorrentSharingSync/src/test/kotlin/com/shareconnect/torrentsharingsync/models/TorrentSharingDataTest.kt:188:13 No parameter with name 'magnetUri' found.
e: file:///home/milosvasic/Projects/ShareConnect/TorrentSharingSync/src/test/kotlin/com/shareconnect/torrentsharingsync/models/TorrentSharingDataTest.kt:189:13 No parameter with name 'timestamp' found.
e: file:///home/milosvasic/Projects/ShareConnect/TorrentSharingSync/src/test/kotlin/com/shareconnect/torrentsharingsync/models/TorrentSharingDataTest.kt:204:13 No parameter with name 'torrentName' found.
e: file:///home/milosvasic/Projects/ShareConnect/TorrentSharingSync/src/test/kotlin/com/shareconnect/torrentsharingsync/models/TorrentSharingDataTest.kt:205:13 No parameter with name 'torrentHash' found.
e: file:///home/milosvasic/Projects/ShareConnect/TorrentSharingSync/src/test/kotlin/com/shareconnect/torrentsharingsync/models/TorrentSharingDataTest.kt:206:13 No parameter with name 'magnetUri' found.
e: file:///home/milosvasic/Projects/ShareConnect/TorrentSharingSync/src/test/kotlin/com/shareconnect/torrentsharingsync/models/TorrentSharingDataTest.kt:207:13 No parameter with name 'timestamp' found.
e: file:///home/milosvasic/Projects/ShareConnect/TorrentSharingSync/src/test/kotlin/com/shareconnect/torrentsharingsync/repository/TorrentSharingRepositoryTest.kt:64:13 No parameter with name 'torrentName' found.
e: file:///home/milosvasic/Projects/ShareConnect/TorrentSharingSync/src/test/kotlin/com/shareconnect/torrentsharingsync/repository/TorrentSharingRepositoryTest.kt:65:13 No parameter with name 'torrentHash' found.
e: file:///home/milosvasic/Projects/ShareConnect/TorrentSharingSync/src/test/kotlin/com/shareconnect/torrentsharingsync/repository/TorrentSharingRepositoryTest.kt:66:13 No parameter with name 'magnetUri' found.
e: file:///home/milosvasic/Projects/ShareConnect/TorrentSharingSync/src/test/kotlin/com/shareconnect/torrentsharingsync/repository/TorrentSharingRepositoryTest.kt:67:13 No parameter with name 'timestamp' found.
e: file:///home/milosvasic/Projects/ShareConnect/TorrentSharingSync/src/test/kotlin/com/shareconnect/torrentsharingsync/repository/TorrentSharingRepositoryTest.kt:73:20 Unresolved reference 'insertTorrentSharing'.
e: file:///home/milosvasic/Projects/ShareConnect/TorrentSharingSync/src/test/kotlin/com/shareconnect/torrentsharingsync/repository/TorrentSharingRepositoryTest.kt:76:36 Unresolved reference 'getTorrentSharingById'.
e: file:///home/milosvasic/Projects/ShareConnect/TorrentSharingSync/src/test/kotlin/com/shareconnect/torrentsharingsync/repository/TorrentSharingRepositoryTest.kt:89:13 No parameter with name 'torrentName' found.
e: file:///home/milosvasic/Projects/ShareConnect/TorrentSharingSync/src/test/kotlin/com/shareconnect/torrentsharingsync/repository/TorrentSharingRepositoryTest.kt:90:13 No parameter with name 'torrentHash' found.
e: file:///home/milosvasic/Projects/ShareConnect/TorrentSharingSync/src/test/kotlin/com/shareconnect/torrentsharingsync/repository/TorrentSharingRepositoryTest.kt:91:13 No parameter with name 'magnetUri' found.
e: file:///home/milosvasic/Projects/ShareConnect/TorrentSharingSync/src/test/kotlin/com/shareconnect/torrentsharingsync/repository/TorrentSharingRepositoryTest.kt:92:13 No parameter with name 'timestamp' found.
e: file:///home/milosvasic/Projects/ShareConnect/TorrentSharingSync/src/test/kotlin/com/shareconnect/torrentsharingsync/repository/TorrentSharingRepositoryTest.kt:96:20 Unresolved reference 'insertTorrentSharing'.
e: file:///home/milosvasic/Projects/ShareConnect/TorrentSharingSync/src/test/kotlin/com/shareconnect/torrentsharingsync/repository/TorrentSharingRepositoryTest.kt:100:13 No parameter with name 'torrentName' found.
e: file:///home/milosvasic/Projects/ShareConnect/TorrentSharingSync/src/test/kotlin/com/shareconnect/torrentsharingsync/repository/TorrentSharingRepositoryTest.kt:101:13 No parameter with name 'torrentHash' found.
e: file:///home/milosvasic/Projects/ShareConnect/TorrentSharingSync/src/test/kotlin/com/shareconnect/torrentsharingsync/repository/TorrentSharingRepositoryTest.kt:102:13 No parameter with name 'magnetUri' found.
e: file:///home/milosvasic/Projects/ShareConnect/TorrentSharingSync/src/test/kotlin/com/shareconnect/torrentsharingsync/repository/TorrentSharingRepositoryTest.kt:103:13 No parameter with name 'timestamp' found.
e: file:///home/milosvasic/Projects/ShareConnect/TorrentSharingSync/src/test/kotlin/com/shareconnect/torrentsharingsync/repository/TorrentSharingRepositoryTest.kt:109:20 Unresolved reference 'updateTorrentSharing'.
e: file:///home/milosvasic/Projects/ShareConnect/TorrentSharingSync/src/test/kotlin/com/shareconnect/torrentsharingsync/repository/TorrentSharingRepositoryTest.kt:112:36 Unresolved reference 'getTorrentSharingById'.
e: file:///home/milosvasic/Projects/ShareConnect/TorrentSharingSync/src/test/kotlin/com/shareconnect/torrentsharingsync/repository/TorrentSharingRepositoryTest.kt:125:13 No parameter with name 'torrentName' found.
e: file:///home/milosvasic/Projects/ShareConnect/TorrentSharingSync/src/test/kotlin/com/shareconnect/torrentsharingsync/repository/TorrentSharingRepositoryTest.kt:126:13 No parameter with name 'torrentHash' found.
e: file:///home/milosvasic/Projects/ShareConnect/TorrentSharingSync/src/test/kotlin/com/shareconnect/torrentsharingsync/repository/TorrentSharingRepositoryTest.kt:127:13 No parameter with name 'magnetUri' found.
e: file:///home/milosvasic/Projects/ShareConnect/TorrentSharingSync/src/test/kotlin/com/shareconnect/torrentsharingsync/repository/TorrentSharingRepositoryTest.kt:128:13 No parameter with name 'timestamp' found.
e: file:///home/milosvasic/Projects/ShareConnect/TorrentSharingSync/src/test/kotlin/com/shareconnect/torrentsharingsync/repository/TorrentSharingRepositoryTest.kt:132:20 Unresolved reference 'insertTorrentSharing'.
e: file:///home/milosvasic/Projects/ShareConnect/TorrentSharingSync/src/test/kotlin/com/shareconnect/torrentsharingsync/repository/TorrentSharingRepositoryTest.kt:135:34 Unresolved reference 'getTorrentSharingById'.
e: file:///home/milosvasic/Projects/ShareConnect/TorrentSharingSync/src/test/kotlin/com/shareconnect/torrentsharingsync/repository/TorrentSharingRepositoryTest.kt:138:20 Unresolved reference 'deleteTorrentSharing'.
e: file:///home/milosvasic/Projects/ShareConnect/TorrentSharingSync/src/test/kotlin/com/shareconnect/torrentsharingsync/repository/TorrentSharingRepositoryTest.kt:141:38 Unresolved reference 'getTorrentSharingById'.
e: file:///home/milosvasic/Projects/ShareConnect/TorrentSharingSync/src/test/kotlin/com/shareconnect/torrentsharingsync/repository/TorrentSharingRepositoryTest.kt:150:13 No parameter with name 'torrentName' found.
e: file:///home/milosvasic/Projects/ShareConnect/TorrentSharingSync/src/test/kotlin/com/shareconnect/torrentsharingsync/repository/TorrentSharingRepositoryTest.kt:151:13 No parameter with name 'torrentHash' found.
e: file:///home/milosvasic/Projects/ShareConnect/TorrentSharingSync/src/test/kotlin/com/shareconnect/torrentsharingsync/repository/TorrentSharingRepositoryTest.kt:152:13 No parameter with name 'magnetUri' found.
e: file:///home/milosvasic/Projects/ShareConnect/TorrentSharingSync/src/test/kotlin/com/shareconnect/torrentsharingsync/repository/TorrentSharingRepositoryTest.kt:153:13 No parameter with name 'timestamp' found.
e: file:///home/milosvasic/Projects/ShareConnect/TorrentSharingSync/src/test/kotlin/com/shareconnect/torrentsharingsync/repository/TorrentSharingRepositoryTest.kt:159:13 No parameter with name 'torrentName' found.
e: file:///home/milosvasic/Projects/ShareConnect/TorrentSharingSync/src/test/kotlin/com/shareconnect/torrentsharingsync/repository/TorrentSharingRepositoryTest.kt:160:13 No parameter with name 'torrentHash' found.
e: file:///home/milosvasic/Projects/ShareConnect/TorrentSharingSync/src/test/kotlin/com/shareconnect/torrentsharingsync/repository/TorrentSharingRepositoryTest.kt:161:13 No parameter with name 'magnetUri' found.
e: file:///home/milosvasic/Projects/ShareConnect/TorrentSharingSync/src/test/kotlin/com/shareconnect/torrentsharingsync/repository/TorrentSharingRepositoryTest.kt:162:13 No parameter with name 'timestamp' found.
e: file:///home/milosvasic/Projects/ShareConnect/TorrentSharingSync/src/test/kotlin/com/shareconnect/torrentsharingsync/repository/TorrentSharingRepositoryTest.kt:167:20 Unresolved reference 'insertTorrentSharing'.
e: file:///home/milosvasic/Projects/ShareConnect/TorrentSharingSync/src/test/kotlin/com/shareconnect/torrentsharingsync/repository/TorrentSharingRepositoryTest.kt:168:20 Unresolved reference 'insertTorrentSharing'.
e: file:///home/milosvasic/Projects/ShareConnect/TorrentSharingSync/src/test/kotlin/com/shareconnect/torrentsharingsync/repository/TorrentSharingRepositoryTest.kt:171:34 Unresolved reference 'getAllTorrentSharing'.
e: file:///home/milosvasic/Projects/ShareConnect/TorrentSharingSync/src/test/kotlin/com/shareconnect/torrentsharingsync/repository/TorrentSharingRepositoryTest.kt:175:34 Unresolved reference 'it'.
e: file:///home/milosvasic/Projects/ShareConnect/TorrentSharingSync/src/test/kotlin/com/shareconnect/torrentsharingsync/repository/TorrentSharingRepositoryTest.kt:176:34 Unresolved reference 'it'.
e: file:///home/milosvasic/Projects/ShareConnect/TorrentSharingSync/src/test/kotlin/com/shareconnect/torrentsharingsync/repository/TorrentSharingRepositoryTest.kt:182:31 Unresolved reference 'getTorrentSharingById'.
e: file:///home/milosvasic/Projects/ShareConnect/TorrentSharingSync/src/test/kotlin/com/shareconnect/torrentsharingsync/repository/TorrentSharingRepositoryTest.kt:193:13 No parameter with name 'torrentName' found.
e: file:///home/milosvasic/Projects/ShareConnect/TorrentSharingSync/src/test/kotlin/com/shareconnect/torrentsharingsync/repository/TorrentSharingRepositoryTest.kt:194:13 No parameter with name 'torrentHash' found.
e: file:///home/milosvasic/Projects/ShareConnect/TorrentSharingSync/src/test/kotlin/com/shareconnect/torrentsharingsync/repository/TorrentSharingRepositoryTest.kt:195:13 No parameter with name 'magnetUri' found.
e: file:///home/milosvasic/Projects/ShareConnect/TorrentSharingSync/src/test/kotlin/com/shareconnect/torrentsharingsync/repository/TorrentSharingRepositoryTest.kt:196:13 No parameter with name 'timestamp' found.
e: file:///home/milosvasic/Projects/ShareConnect/TorrentSharingSync/src/test/kotlin/com/shareconnect/torrentsharingsync/repository/TorrentSharingRepositoryTest.kt:200:20 Unresolved reference 'insertTorrentSharing'.
e: file:///home/milosvasic/Projects/ShareConnect/TorrentSharingSync/src/test/kotlin/com/shareconnect/torrentsharingsync/repository/TorrentSharingRepositoryTest.kt:203:31 Unresolved reference 'getTorrentSharingByHash'.
e: file:///home/milosvasic/Projects/ShareConnect/TorrentSharingSync/src/test/kotlin/com/shareconnect/torrentsharingsync/repository/TorrentSharingRepositoryTest.kt:215:31 Unresolved reference 'getTorrentSharingByHash'.
e: file:///home/milosvasic/Projects/ShareConnect/TorrentSharingSync/src/test/kotlin/com/shareconnect/torrentsharingsync/TorrentSharingSyncManagerTest.kt:60:37 Cannot access 'constructor(context: Context, appIdentifier: String, appName: String, appVersion: String, asinkaClient: AsinkaClient, repository: TorrentSharingRepository): TorrentSharingSyncManager': it is private in 'com/shareconnect/torrentsharingsync/TorrentSharingSyncManager'.
e: file:///home/milosvasic/Projects/ShareConnect/TorrentSharingSync/src/test/kotlin/com/shareconnect/torrentsharingsync/TorrentSharingSyncManagerTest.kt:106:13 No parameter with name 'torrentName' found.
e: file:///home/milosvasic/Projects/ShareConnect/TorrentSharingSync/src/test/kotlin/com/shareconnect/torrentsharingsync/TorrentSharingSyncManagerTest.kt:107:13 No parameter with name 'torrentHash' found.
e: file:///home/milosvasic/Projects/ShareConnect/TorrentSharingSync/src/test/kotlin/com/shareconnect/torrentsharingsync/TorrentSharingSyncManagerTest.kt:108:13 No parameter with name 'magnetUri' found.
e: file:///home/milosvasic/Projects/ShareConnect/TorrentSharingSync/src/test/kotlin/com/shareconnect/torrentsharingsync/TorrentSharingSyncManagerTest.kt:109:13 No parameter with name 'timestamp' found.
e: file:///home/milosvasic/Projects/ShareConnect/TorrentSharingSync/src/test/kotlin/com/shareconnect/torrentsharingsync/TorrentSharingSyncManagerTest.kt:113:33 Unresolved reference 'getTorrentSharingById'.
e: file:///home/milosvasic/Projects/ShareConnect/TorrentSharingSync/src/test/kotlin/com/shareconnect/torrentsharingsync/TorrentSharingSyncManagerTest.kt:114:33 Unresolved reference 'insertTorrentSharing'.
e: file:///home/milosvasic/Projects/ShareConnect/TorrentSharingSync/src/test/kotlin/com/shareconnect/torrentsharingsync/TorrentSharingSyncManagerTest.kt:117:35 Unresolved reference 'handleReceivedTorrentSharing'.
e: file:///home/milosvasic/Projects/ShareConnect/TorrentSharingSync/src/test/kotlin/com/shareconnect/torrentsharingsync/TorrentSharingSyncManagerTest.kt:120:32 Unresolved reference 'insertTorrentSharing'.
e: file:///home/milosvasic/Projects/ShareConnect/TorrentSharingSync/src/test/kotlin/com/shareconnect/torrentsharingsync/TorrentSharingSyncManagerTest.kt:128:13 No parameter with name 'torrentName' found.
e: file:///home/milosvasic/Projects/ShareConnect/TorrentSharingSync/src/test/kotlin/com/shareconnect/torrentsharingsync/TorrentSharingSyncManagerTest.kt:129:13 No parameter with name 'torrentHash' found.
e: file:///home/milosvasic/Projects/ShareConnect/TorrentSharingSync/src/test/kotlin/com/shareconnect/torrentsharingsync/TorrentSharingSyncManagerTest.kt:130:13 No parameter with name 'magnetUri' found.
e: file:///home/milosvasic/Projects/ShareConnect/TorrentSharingSync/src/test/kotlin/com/shareconnect/torrentsharingsync/TorrentSharingSyncManagerTest.kt:131:13 No parameter with name 'timestamp' found.
e: file:///home/milosvasic/Projects/ShareConnect/TorrentSharingSync/src/test/kotlin/com/shareconnect/torrentsharingsync/TorrentSharingSyncManagerTest.kt:137:13 No parameter with name 'torrentName' found.
e: file:///home/milosvasic/Projects/ShareConnect/TorrentSharingSync/src/test/kotlin/com/shareconnect/torrentsharingsync/TorrentSharingSyncManagerTest.kt:138:13 No parameter with name 'torrentHash' found.
e: file:///home/milosvasic/Projects/ShareConnect/TorrentSharingSync/src/test/kotlin/com/shareconnect/torrentsharingsync/TorrentSharingSyncManagerTest.kt:139:13 No parameter with name 'magnetUri' found.
e: file:///home/milosvasic/Projects/ShareConnect/TorrentSharingSync/src/test/kotlin/com/shareconnect/torrentsharingsync/TorrentSharingSyncManagerTest.kt:140:13 No parameter with name 'timestamp' found.
e: file:///home/milosvasic/Projects/ShareConnect/TorrentSharingSync/src/test/kotlin/com/shareconnect/torrentsharingsync/TorrentSharingSyncManagerTest.kt:145:33 Unresolved reference 'getTorrentSharingById'.
e: file:///home/milosvasic/Projects/ShareConnect/TorrentSharingSync/src/test/kotlin/com/shareconnect/torrentsharingsync/TorrentSharingSyncManagerTest.kt:146:33 Unresolved reference 'updateTorrentSharing'.
e: file:///home/milosvasic/Projects/ShareConnect/TorrentSharingSync/src/test/kotlin/com/shareconnect/torrentsharingsync/TorrentSharingSyncManagerTest.kt:149:35 Unresolved reference 'handleReceivedTorrentSharing'.
e: file:///home/milosvasic/Projects/ShareConnect/TorrentSharingSync/src/test/kotlin/com/shareconnect/torrentsharingsync/TorrentSharingSyncManagerTest.kt:152:32 Unresolved reference 'updateTorrentSharing'.
e: file:///home/milosvasic/Projects/ShareConnect/TorrentSharingSync/src/test/kotlin/com/shareconnect/torrentsharingsync/TorrentSharingSyncManagerTest.kt:160:13 No parameter with name 'torrentName' found.
e: file:///home/milosvasic/Projects/ShareConnect/TorrentSharingSync/src/test/kotlin/com/shareconnect/torrentsharingsync/TorrentSharingSyncManagerTest.kt:161:13 No parameter with name 'torrentHash' found.
e: file:///home/milosvasic/Projects/ShareConnect/TorrentSharingSync/src/test/kotlin/com/shareconnect/torrentsharingsync/TorrentSharingSyncManagerTest.kt:162:13 No parameter with name 'magnetUri' found.
e: file:///home/milosvasic/Projects/ShareConnect/TorrentSharingSync/src/test/kotlin/com/shareconnect/torrentsharingsync/TorrentSharingSyncManagerTest.kt:163:13 No parameter with name 'timestamp' found.
e: file:///home/milosvasic/Projects/ShareConnect/TorrentSharingSync/src/test/kotlin/com/shareconnect/torrentsharingsync/TorrentSharingSyncManagerTest.kt:169:13 No parameter with name 'torrentName' found.
e: file:///home/milosvasic/Projects/ShareConnect/TorrentSharingSync/src/test/kotlin/com/shareconnect/torrentsharingsync/TorrentSharingSyncManagerTest.kt:170:13 No parameter with name 'torrentHash' found.
e: file:///home/milosvasic/Projects/ShareConnect/TorrentSharingSync/src/test/kotlin/com/shareconnect/torrentsharingsync/TorrentSharingSyncManagerTest.kt:171:13 No parameter with name 'magnetUri' found.
e: file:///home/milosvasic/Projects/ShareConnect/TorrentSharingSync/src/test/kotlin/com/shareconnect/torrentsharingsync/TorrentSharingSyncManagerTest.kt:172:13 No parameter with name 'timestamp' found.
e: file:///home/milosvasic/Projects/ShareConnect/TorrentSharingSync/src/test/kotlin/com/shareconnect/torrentsharingsync/TorrentSharingSyncManagerTest.kt:177:33 Unresolved reference 'getTorrentSharingById'.
e: file:///home/milosvasic/Projects/ShareConnect/TorrentSharingSync/src/test/kotlin/com/shareconnect/torrentsharingsync/TorrentSharingSyncManagerTest.kt:180:35 Unresolved reference 'handleReceivedTorrentSharing'.
e: file:///home/milosvasic/Projects/ShareConnect/TorrentSharingSync/src/test/kotlin/com/shareconnect/torrentsharingsync/TorrentSharingSyncManagerTest.kt:183:41 Unresolved reference 'updateTorrentSharing'.
e: file:///home/milosvasic/Projects/ShareConnect/TorrentSharingSync/src/test/kotlin/com/shareconnect/torrentsharingsync/TorrentSharingSyncManagerTest.kt:184:41 Unresolved reference 'insertTorrentSharing'.
e: file:///home/milosvasic/Projects/ShareConnect/TorrentSharingSync/src/test/kotlin/com/shareconnect/torrentsharingsync/TorrentSharingSyncManagerTest.kt:190:33 Unresolved reference 'deleteTorrentSharing'.
e: file:///home/milosvasic/Projects/ShareConnect/TorrentSharingSync/src/test/kotlin/com/shareconnect/torrentsharingsync/TorrentSharingSyncManagerTest.kt:193:35 Unresolved reference 'handleDeletedTorrentSharing'.
e: file:///home/milosvasic/Projects/ShareConnect/TorrentSharingSync/src/test/kotlin/com/shareconnect/torrentsharingsync/TorrentSharingSyncManagerTest.kt:196:32 Unresolved reference 'deleteTorrentSharing'.
e: file:///home/milosvasic/Projects/ShareConnect/TorrentSharingSync/src/test/kotlin/com/shareconnect/torrentsharingsync/TorrentSharingSyncManagerTest.kt:204:13 No parameter with name 'torrentName' found.
e: file:///home/milosvasic/Projects/ShareConnect/TorrentSharingSync/src/test/kotlin/com/shareconnect/torrentsharingsync/TorrentSharingSyncManagerTest.kt:205:13 No parameter with name 'torrentHash' found.
e: file:///home/milosvasic/Projects/ShareConnect/TorrentSharingSync/src/test/kotlin/com/shareconnect/torrentsharingsync/TorrentSharingSyncManagerTest.kt:206:13 No parameter with name 'magnetUri' found.
e: file:///home/milosvasic/Projects/ShareConnect/TorrentSharingSync/src/test/kotlin/com/shareconnect/torrentsharingsync/TorrentSharingSyncManagerTest.kt:207:13 No parameter with name 'timestamp' found.
e: file:///home/milosvasic/Projects/ShareConnect/TorrentSharingSync/src/test/kotlin/com/shareconnect/torrentsharingsync/TorrentSharingSyncManagerTest.kt:212:33 Unresolved reference 'getTorrentSharingById'.
e: file:///home/milosvasic/Projects/ShareConnect/TorrentSharingSync/src/test/kotlin/com/shareconnect/torrentsharingsync/TorrentSharingSyncManagerTest.kt:213:33 Unresolved reference 'insertTorrentSharing'.
e: file:///home/milosvasic/Projects/ShareConnect/TorrentSharingSync/src/test/kotlin/com/shareconnect/torrentsharingsync/TorrentSharingSyncManagerTest.kt:216:38 '@Deprecated(...) @LowPriorityInOverloadResolution() fun launch(context: CoroutineContext = ..., start: CoroutineStart = ..., block: suspend CoroutineScope.() -> Unit): Job' is deprecated. 'launch' can not be called without the corresponding coroutine scope. Consider wrapping 'launch' in 'coroutineScope { }', using 'runBlocking { }', or using some other 'CoroutineScope'.
e: file:///home/milosvasic/Projects/ShareConnect/TorrentSharingSync/src/test/kotlin/com/shareconnect/torrentsharingsync/TorrentSharingSyncManagerTest.kt:221:35 Unresolved reference 'handleReceivedTorrentSharing'.
e: file:///home/milosvasic/Projects/ShareConnect/TorrentSharingSync/src/test/kotlin/com/shareconnect/torrentsharingsync/TorrentSharingSyncManagerTest.kt:229:51 Unresolved reference 'torrentName'.
e: file:///home/milosvasic/Projects/ShareConnect/TorrentSharingSync/src/test/kotlin/com/shareconnect/torrentsharingsync/TorrentSharingSyncManagerTest.kt:230:45 Unresolved reference 'torrentHash'.
e: file:///home/milosvasic/Projects/ShareConnect/TorrentSharingSync/src/test/kotlin/com/shareconnect/torrentsharingsync/models/TorrentSharingDataTest.kt:64:13 No parameter with name 'torrentName' found.
e: file:///home/milosvasic/Projects/ShareConnect/TorrentSharingSync/src/test/kotlin/com/shareconnect/torrentsharingsync/models/TorrentSharingDataTest.kt:65:13 No parameter with name 'torrentHash' found.
e: file:///home/milosvasic/Projects/ShareConnect/TorrentSharingSync/src/test/kotlin/com/shareconnect/torrentsharingsync/models/TorrentSharingDataTest.kt:66:13 No parameter with name 'magnetUri' found.
e: file:///home/milosvasic/Projects/ShareConnect/TorrentSharingSync/src/test/kotlin/com/shareconnect/torrentsharingsync/models/TorrentSharingDataTest.kt:67:13 No parameter with name 'torrentUrl' found.
e: file:///home/milosvasic/Projects/ShareConnect/TorrentSharingSync/src/test/kotlin/com/shareconnect/torrentsharingsync/models/TorrentSharingDataTest.kt:68:13 No parameter with name 'fileSize' found.
e: file:///home/milosvasic/Projects/ShareConnect/TorrentSharingSync/src/test/kotlin/com/shareconnect/torrentsharingsync/models/TorrentSharingDataTest.kt:69:13 No parameter with name 'fileCount' found.
e: file:///home/milosvasic/Projects/ShareConnect/TorrentSharingSync/src/test/kotlin/com/shareconnect/torrentsharingsync/models/TorrentSharingDataTest.kt:70:13 No parameter with name 'category' found.
e: file:///home/milosvasic/Projects/ShareConnect/TorrentSharingSync/src/test/kotlin/com/shareconnect/torrentsharingsync/models/TorrentSharingDataTest.kt:71:13 No parameter with name 'tags' found.
e: file:///home/milosvasic/Projects/ShareConnect/TorrentSharingSync/src/test/kotlin/com/shareconnect/torrentsharingsync/models/TorrentSharingDataTest.kt:72:13 No parameter with name 'description' found.
e: file:///home/milosvasic/Projects/ShareConnect/TorrentSharingSync/src/test/kotlin/com/shareconnect/torrentsharingsync/models/TorrentSharingDataTest.kt:73:13 No parameter with name 'source' found.
e: file:///home/milosvasic/Projects/ShareConnect/TorrentSharingSync/src/test/kotlin/com/shareconnect/torrentsharingsync/models/TorrentSharingDataTest.kt:74:13 No parameter with name 'isPrivate' found.
e: file:///home/milosvasic/Projects/ShareConnect/TorrentSharingSync/src/test/kotlin/com/shareconnect/torrentsharingsync/models/TorrentSharingDataTest.kt:75:13 No parameter with name 'isSeeded' found.
e: file:///home/milosvasic/Projects/ShareConnect/TorrentSharingSync/src/test/kotlin/com/shareconnect/torrentsharingsync/models/TorrentSharingDataTest.kt:76:13 No parameter with name 'seedCount' found.
e: file:///home/milosvasic/Projects/ShareConnect/TorrentSharingSync/src/test/kotlin/com/shareconnect/torrentsharingsync/models/TorrentSharingDataTest.kt:77:13 No parameter with name 'peerCount' found.
e: file:///home/milosvasic/Projects/ShareConnect/TorrentSharingSync/src/test/kotlin/com/shareconnect/torrentsharingsync/models/TorrentSharingDataTest.kt:78:13 No parameter with name 'downloadSpeed' found.
e: file:///home/milosvasic/Projects/ShareConnect/TorrentSharingSync/src/test/kotlin/com/shareconnect/torrentsharingsync/models/TorrentSharingDataTest.kt:79:13 No parameter with name 'uploadSpeed' found.
e: file:///home/milosvasic/Projects/ShareConnect/TorrentSharingSync/src/test/kotlin/com/shareconnect/torrentsharingsync/models/TorrentSharingDataTest.kt:80:13 No parameter with name 'eta' found.
e: file:///home/milosvasic/Projects/ShareConnect/TorrentSharingSync/src/test/kotlin/com/shareconnect/torrentsharingsync/models/TorrentSharingDataTest.kt:81:13 No parameter with name 'progress' found.
e: file:///home/milosvasic/Projects/ShareConnect/TorrentSharingSync/src/test/kotlin/com/shareconnect/torrentsharingsync/models/TorrentSharingDataTest.kt:82:13 No parameter with name 'ratio' found.
e: file:///home/milosvasic/Projects/ShareConnect/TorrentSharingSync/src/test/kotlin/com/shareconnect/torrentsharingsync/models/TorrentSharingDataTest.kt:83:13 No parameter with name 'downloaded' found.
e: file:///home/milosvasic/Projects/ShareConnect/TorrentSharingSync/src/test/kotlin/com/shareconnect/torrentsharingsync/models/TorrentSharingDataTest.kt:84:13 No parameter with name 'uploaded' found.
e: file:///home/milosvasic/Projects/ShareConnect/TorrentSharingSync/src/test/kotlin/com/shareconnect/torrentsharingsync/models/TorrentSharingDataTest.kt:85:13 No parameter with name 'availability' found.
e: file:///home/milosvasic/Projects/ShareConnect/TorrentSharingSync/src/test/kotlin/com/shareconnect/torrentsharingsync/models/TorrentSharingDataTest.kt:86:13 No parameter with name 'timestamp' found.
e: file:///home/milosvasic/Projects/ShareConnect/TorrentSharingSync/src/test/kotlin/com/shareconnect/torrentsharingsync/models/TorrentSharingDataTest.kt:93:54 Unresolved reference 'torrentName'.
e: file:///home/milosvasic/Projects/ShareConnect/TorrentSharingSync/src/test/kotlin/com/shareconnect/torrentsharingsync/models/TorrentSharingDataTest.kt:94:54 Unresolved reference 'torrentHash'.
e: file:///home/milosvasic/Projects/ShareConnect/TorrentSharingSync/src/test/kotlin/com/shareconnect/torrentsharingsync/models/TorrentSharingDataTest.kt:95:52 Unresolved reference 'magnetUri'.
e: file:///home/milosvasic/Projects/ShareConnect/TorrentSharingSync/src/test/kotlin/com/shareconnect/torrentsharingsync/models/TorrentSharingDataTest.kt:96:53 Unresolved reference 'torrentUrl'.
e: file:///home/milosvasic/Projects/ShareConnect/TorrentSharingSync/src/test/kotlin/com/shareconnect/torrentsharingsync/models/TorrentSharingDataTest.kt:97:51 Unresolved reference 'fileSize'.
e: file:///home/milosvasic/Projects/ShareConnect/TorrentSharingSync/src/test/kotlin/com/shareconnect/torrentsharingsync/models/TorrentSharingDataTest.kt:98:52 Unresolved reference 'fileCount'.
e: file:///home/milosvasic/Projects/ShareConnect/TorrentSharingSync/src/test/kotlin/com/shareconnect/torrentsharingsync/models/TorrentSharingDataTest.kt:99:51 Unresolved reference 'category'.
e: file:///home/milosvasic/Projects/ShareConnect/TorrentSharingSync/src/test/kotlin/com/shareconnect/torrentsharingsync/models/TorrentSharingDataTest.kt:100:47 Unresolved reference 'tags'.
e: file:///home/milosvasic/Projects/ShareConnect/TorrentSharingSync/src/test/kotlin/com/shareconnect/torrentsharingsync/models/TorrentSharingDataTest.kt:101:54 Unresolved reference 'description'.
e: file:///home/milosvasic/Projects/ShareConnect/TorrentSharingSync/src/test/kotlin/com/shareconnect/torrentsharingsync/models/TorrentSharingDataTest.kt:102:49 Unresolved reference 'source'.
e: file:///home/milosvasic/Projects/ShareConnect/TorrentSharingSync/src/test/kotlin/com/shareconnect/torrentsharingsync/models/TorrentSharingDataTest.kt:103:52 Unresolved reference 'isPrivate'.
e: file:///home/milosvasic/Projects/ShareConnect/TorrentSharingSync/src/test/kotlin/com/shareconnect/torrentsharingsync/models/TorrentSharingDataTest.kt:104:51 Unresolved reference 'isSeeded'.
e: file:///home/milosvasic/Projects/ShareConnect/TorrentSharingSync/src/test/kotlin/com/shareconnect/torrentsharingsync/models/TorrentSharingDataTest.kt:105:52 Unresolved reference 'seedCount'.
e: file:///home/milosvasic/Projects/ShareConnect/TorrentSharingSync/src/test/kotlin/com/shareconnect/torrentsharingsync/models/TorrentSharingDataTest.kt:106:52 Unresolved reference 'peerCount'.
e: file:///home/milosvasic/Projects/ShareConnect/TorrentSharingSync/src/test/kotlin/com/shareconnect/torrentsharingsync/models/TorrentSharingDataTest.kt:107:56 Unresolved reference 'downloadSpeed'.
e: file:///home/milosvasic/Projects/ShareConnect/TorrentSharingSync/src/test/kotlin/com/shareconnect/torrentsharingsync/models/TorrentSharingDataTest.kt:108:54 Unresolved reference 'uploadSpeed'.
e: file:///home/milosvasic/Projects/ShareConnect/TorrentSharingSync/src/test/kotlin/com/shareconnect/torrentsharingsync/models/TorrentSharingDataTest.kt:109:46 Unresolved reference 'eta'.
e: file:///home/milosvasic/Projects/ShareConnect/TorrentSharingSync/src/test/kotlin/com/shareconnect/torrentsharingsync/models/TorrentSharingDataTest.kt:110:51 Unresolved reference 'progress'.
e: file:///home/milosvasic/Projects/ShareConnect/TorrentSharingSync/src/test/kotlin/com/shareconnect/torrentsharingsync/models/TorrentSharingDataTest.kt:111:48 Unresolved reference 'ratio'.
e: file:///home/milosvasic/Projects/ShareConnect/TorrentSharingSync/src/test/kotlin/com/shareconnect/torrentsharingsync/models/TorrentSharingDataTest.kt:112:53 Unresolved reference 'downloaded'.
e: file:///home/milosvasic/Projects/ShareConnect/TorrentSharingSync/src/test/kotlin/com/shareconnect/torrentsharingsync/models/TorrentSharingDataTest.kt:113:51 Unresolved reference 'uploaded'.
e: file:///home/milosvasic/Projects/ShareConnect/TorrentSharingSync/src/test/kotlin/com/shareconnect/torrentsharingsync/models/TorrentSharingDataTest.kt:114:55 Unresolved reference 'availability'.
e: file:///home/milosvasic/Projects/ShareConnect/TorrentSharingSync/src/test/kotlin/com/shareconnect/torrentsharingsync/models/TorrentSharingDataTest.kt:115:52 Unresolved reference 'timestamp'.
e: file:///home/milosvasic/Projects/ShareConnect/TorrentSharingSync/src/test/kotlin/com/shareconnect/torrentsharingsync/models/TorrentSharingDataTest.kt:132:13 No parameter with name 'torrentName' found.
e: file:///home/milosvasic/Projects/ShareConnect/TorrentSharingSync/src/test/kotlin/com/shareconnect/torrentsharingsync/models/TorrentSharingDataTest.kt:133:13 No parameter with name 'torrentHash' found.
e: file:///home/milosvasic/Projects/ShareConnect/TorrentSharingSync/src/test/kotlin/com/shareconnect/torrentsharingsync/models/TorrentSharingDataTest.kt:134:13 No parameter with name 'magnetUri' found.
e: file:///home/milosvasic/Projects/ShareConnect/TorrentSharingSync/src/test/kotlin/com/shareconnect/torrentsharingsync/models/TorrentSharingDataTest.kt:135:13 No parameter with name 'timestamp' found.
e: file:///home/milosvasic/Projects/ShareConnect/TorrentSharingSync/src/test/kotlin/com/shareconnect/torrentsharingsync/models/TorrentSharingDataTest.kt:140:54 Unresolved reference 'torrentName'.
e: file:///home/milosvasic/Projects/ShareConnect/TorrentSharingSync/src/test/kotlin/com/shareconnect/torrentsharingsync/models/TorrentSharingDataTest.kt:141:54 Unresolved reference 'torrentHash'.
e: file:///home/milosvasic/Projects/ShareConnect/TorrentSharingSync/src/test/kotlin/com/shareconnect/torrentsharingsync/models/TorrentSharingDataTest.kt:142:52 Unresolved reference 'magnetUri'.
e: file:///home/milosvasic/Projects/ShareConnect/TorrentSharingSync/src/test/kotlin/com/shareconnect/torrentsharingsync/models/TorrentSharingDataTest.kt:143:52 Unresolved reference 'timestamp'.
e: file:///home/milosvasic/Projects/ShareConnect/TorrentSharingSync/src/test/kotlin/com/shareconnect/torrentsharingsync/models/TorrentSharingDataTest.kt:144:39 Unresolved reference 'torrentUrl'.
e: file:///home/milosvasic/Projects/ShareConnect/TorrentSharingSync/src/test/kotlin/com/shareconnect/torrentsharingsync/models/TorrentSharingDataTest.kt:145:45 Unresolved reference 'fileSize'.
e: file:///home/milosvasic/Projects/ShareConnect/TorrentSharingSync/src/test/kotlin/com/shareconnect/torrentsharingsync/models/TorrentSharingDataTest.kt:146:44 Unresolved reference 'fileCount'.
e: file:///home/milosvasic/Projects/ShareConnect/TorrentSharingSync/src/test/kotlin/com/shareconnect/torrentsharingsync/models/TorrentSharingDataTest.kt:147:39 Unresolved reference 'category'.
e: file:///home/milosvasic/Projects/ShareConnect/TorrentSharingSync/src/test/kotlin/com/shareconnect/torrentsharingsync/models/TorrentSharingDataTest.kt:148:39 Unresolved reference 'tags'.
e: file:///home/milosvasic/Projects/ShareConnect/TorrentSharingSync/src/test/kotlin/com/shareconnect/torrentsharingsync/models/TorrentSharingDataTest.kt:149:39 Unresolved reference 'description'.
e: file:///home/milosvasic/Projects/ShareConnect/TorrentSharingSync/src/test/kotlin/com/shareconnect/torrentsharingsync/models/TorrentSharingDataTest.kt:150:39 Unresolved reference 'source'.
e: file:///home/milosvasic/Projects/ShareConnect/TorrentSharingSync/src/test/kotlin/com/shareconnect/torrentsharingsync/models/TorrentSharingDataTest.kt:151:40 Unresolved reference 'isPrivate'.
e: file:///home/milosvasic/Projects/ShareConnect/TorrentSharingSync/src/test/kotlin/com/shareconnect/torrentsharingsync/models/TorrentSharingDataTest.kt:152:40 Unresolved reference 'isSeeded'.
e: file:///home/milosvasic/Projects/ShareConnect/TorrentSharingSync/src/test/kotlin/com/shareconnect/torrentsharingsync/models/TorrentSharingDataTest.kt:153:44 Unresolved reference 'seedCount'.
e: file:///home/milosvasic/Projects/ShareConnect/TorrentSharingSync/src/test/kotlin/com/shareconnect/torrentsharingsync/models/TorrentSharingDataTest.kt:154:44 Unresolved reference 'peerCount'.
e: file:///home/milosvasic/Projects/ShareConnect/TorrentSharingSync/src/test/kotlin/com/shareconnect/torrentsharingsync/models/TorrentSharingDataTest.kt:155:45 Unresolved reference 'downloadSpeed'.
e: file:///home/milosvasic/Projects/ShareConnect/TorrentSharingSync/src/test/kotlin/com/shareconnect/torrentsharingsync/models/TorrentSharingDataTest.kt:156:45 Unresolved reference 'uploadSpeed'.
e: file:///home/milosvasic/Projects/ShareConnect/TorrentSharingSync/src/test/kotlin/com/shareconnect/torrentsharingsync/models/TorrentSharingDataTest.kt:157:45 Unresolved reference 'eta'.
e: file:///home/milosvasic/Projects/ShareConnect/TorrentSharingSync/src/test/kotlin/com/shareconnect/torrentsharingsync/models/TorrentSharingDataTest.kt:158:47 Unresolved reference 'progress'.
e: file:///home/milosvasic/Projects/ShareConnect/TorrentSharingSync/src/test/kotlin/com/shareconnect/torrentsharingsync/models/TorrentSharingDataTest.kt:159:47 Unresolved reference 'ratio'.
e: file:///home/milosvasic/Projects/ShareConnect/TorrentSharingSync/src/test/kotlin/com/shareconnect/torrentsharingsync/models/TorrentSharingDataTest.kt:160:45 Unresolved reference 'downloaded'.
e: file:///home/milosvasic/Projects/ShareConnect/TorrentSharingSync/src/test/kotlin/com/shareconnect/torrentsharingsync/models/TorrentSharingDataTest.kt:161:45 Unresolved reference 'uploaded'.
e: file:///home/milosvasic/Projects/ShareConnect/TorrentSharingSync/src/test/kotlin/com/shareconnect/torrentsharingsync/models/TorrentSharingDataTest.kt:162:47 Unresolved reference 'availability'.
e: file:///home/milosvasic/Projects/ShareConnect/TorrentSharingSync/src/test/kotlin/com/shareconnect/torrentsharingsync/models/TorrentSharingDataTest.kt:172:13 No parameter with name 'torrentName' found.
e: file:///home/milosvasic/Projects/ShareConnect/TorrentSharingSync/src/test/kotlin/com/shareconnect/torrentsharingsync/models/TorrentSharingDataTest.kt:173:13 No parameter with name 'torrentHash' found.
e: file:///home/milosvasic/Projects/ShareConnect/TorrentSharingSync/src/test/kotlin/com/shareconnect/torrentsharingsync/models/TorrentSharingDataTest.kt:174:13 No parameter with name 'magnetUri' found.
e: file:///home/milosvasic/Projects/ShareConnect/TorrentSharingSync/src/test/kotlin/com/shareconnect/torrentsharingsync/models/TorrentSharingDataTest.kt:175:13 No parameter with name 'timestamp' found.
e: file:///home/milosvasic/Projects/ShareConnect/TorrentSharingSync/src/test/kotlin/com/shareconnect/torrentsharingsync/models/TorrentSharingDataTest.kt:179:13 No parameter with name 'torrentName' found.
e: file:///home/milosvasic/Projects/ShareConnect/TorrentSharingSync/src/test/kotlin/com/shareconnect/torrentsharingsync/models/TorrentSharingDataTest.kt:180:13 No parameter with name 'torrentHash' found.
e: file:///home/milosvasic/Projects/ShareConnect/TorrentSharingSync/src/test/kotlin/com/shareconnect/torrentsharingsync/models/TorrentSharingDataTest.kt:181:13 No parameter with name 'magnetUri' found.
e: file:///home/milosvasic/Projects/ShareConnect/TorrentSharingSync/src/test/kotlin/com/shareconnect/torrentsharingsync/models/TorrentSharingDataTest.kt:182:13 No parameter with name 'timestamp' found.
e: file:///home/milosvasic/Projects/ShareConnect/TorrentSharingSync/src/test/kotlin/com/shareconnect/torrentsharingsync/models/TorrentSharingDataTest.kt:186:13 No parameter with name 'torrentName' found.
e: file:///home/milosvasic/Projects/ShareConnect/TorrentSharingSync/src/test/kotlin/com/shareconnect/torrentsharingsync/models/TorrentSharingDataTest.kt:187:13 No parameter with name 'torrentHash' found.
e: file:///home/milosvasic/Projects/ShareConnect/TorrentSharingSync/src/test/kotlin/com/shareconnect/torrentsharingsync/models/TorrentSharingDataTest.kt:188:13 No parameter with name 'magnetUri' found.
e: file:///home/milosvasic/Projects/ShareConnect/TorrentSharingSync/src/test/kotlin/com/shareconnect/torrentsharingsync/models/TorrentSharingDataTest.kt:189:13 No parameter with name 'timestamp' found.
e: file:///home/milosvasic/Projects/ShareConnect/TorrentSharingSync/src/test/kotlin/com/shareconnect/torrentsharingsync/models/TorrentSharingDataTest.kt:204:13 No parameter with name 'torrentName' found.
e: file:///home/milosvasic/Projects/ShareConnect/TorrentSharingSync/src/test/kotlin/com/shareconnect/torrentsharingsync/models/TorrentSharingDataTest.kt:205:13 No parameter with name 'torrentHash' found.
e: file:///home/milosvasic/Projects/ShareConnect/TorrentSharingSync/src/test/kotlin/com/shareconnect/torrentsharingsync/models/TorrentSharingDataTest.kt:206:13 No parameter with name 'magnetUri' found.
e: file:///home/milosvasic/Projects/ShareConnect/TorrentSharingSync/src/test/kotlin/com/shareconnect/torrentsharingsync/models/TorrentSharingDataTest.kt:207:13 No parameter with name 'timestamp' found.
e: file:///home/milosvasic/Projects/ShareConnect/TorrentSharingSync/src/test/kotlin/com/shareconnect/torrentsharingsync/repository/TorrentSharingRepositoryTest.kt:64:13 No parameter with name 'torrentName' found.
e: file:///home/milosvasic/Projects/ShareConnect/TorrentSharingSync/src/test/kotlin/com/shareconnect/torrentsharingsync/repository/TorrentSharingRepositoryTest.kt:65:13 No parameter with name 'torrentHash' found.
e: file:///home/milosvasic/Projects/ShareConnect/TorrentSharingSync/src/test/kotlin/com/shareconnect/torrentsharingsync/repository/TorrentSharingRepositoryTest.kt:66:13 No parameter with name 'magnetUri' found.
e: file:///home/milosvasic/Projects/ShareConnect/TorrentSharingSync/src/test/kotlin/com/shareconnect/torrentsharingsync/repository/TorrentSharingRepositoryTest.kt:67:13 No parameter with name 'timestamp' found.
e: file:///home/milosvasic/Projects/ShareConnect/TorrentSharingSync/src/test/kotlin/com/shareconnect/torrentsharingsync/repository/TorrentSharingRepositoryTest.kt:73:20 Unresolved reference 'insertTorrentSharing'.
e: file:///home/milosvasic/Projects/ShareConnect/TorrentSharingSync/src/test/kotlin/com/shareconnect/torrentsharingsync/repository/TorrentSharingRepositoryTest.kt:76:36 Unresolved reference 'getTorrentSharingById'.
e: file:///home/milosvasic/Projects/ShareConnect/TorrentSharingSync/src/test/kotlin/com/shareconnect/torrentsharingsync/repository/TorrentSharingRepositoryTest.kt:89:13 No parameter with name 'torrentName' found.
e: file:///home/milosvasic/Projects/ShareConnect/TorrentSharingSync/src/test/kotlin/com/shareconnect/torrentsharingsync/repository/TorrentSharingRepositoryTest.kt:90:13 No parameter with name 'torrentHash' found.
e: file:///home/milosvasic/Projects/ShareConnect/TorrentSharingSync/src/test/kotlin/com/shareconnect/torrentsharingsync/repository/TorrentSharingRepositoryTest.kt:91:13 No parameter with name 'magnetUri' found.
e: file:///home/milosvasic/Projects/ShareConnect/TorrentSharingSync/src/test/kotlin/com/shareconnect/torrentsharingsync/repository/TorrentSharingRepositoryTest.kt:92:13 No parameter with name 'timestamp' found.
e: file:///home/milosvasic/Projects/ShareConnect/TorrentSharingSync/src/test/kotlin/com/shareconnect/torrentsharingsync/repository/TorrentSharingRepositoryTest.kt:96:20 Unresolved reference 'insertTorrentSharing'.
e: file:///home/milosvasic/Projects/ShareConnect/TorrentSharingSync/src/test/kotlin/com/shareconnect/torrentsharingsync/repository/TorrentSharingRepositoryTest.kt:100:13 No parameter with name 'torrentName' found.
e: file:///home/milosvasic/Projects/ShareConnect/TorrentSharingSync/src/test/kotlin/com/shareconnect/torrentsharingsync/repository/TorrentSharingRepositoryTest.kt:101:13 No parameter with name 'torrentHash' found.
e: file:///home/milosvasic/Projects/ShareConnect/TorrentSharingSync/src/test/kotlin/com/shareconnect/torrentsharingsync/repository/TorrentSharingRepositoryTest.kt:102:13 No parameter with name 'magnetUri' found.
e: file:///home/milosvasic/Projects/ShareConnect/TorrentSharingSync/src/test/kotlin/com/shareconnect/torrentsharingsync/repository/TorrentSharingRepositoryTest.kt:103:13 No parameter with name 'timestamp' found.
e: file:///home/milosvasic/Projects/ShareConnect/TorrentSharingSync/src/test/kotlin/com/shareconnect/torrentsharingsync/repository/TorrentSharingRepositoryTest.kt:109:20 Unresolved reference 'updateTorrentSharing'.
e: file:///home/milosvasic/Projects/ShareConnect/TorrentSharingSync/src/test/kotlin/com/shareconnect/torrentsharingsync/repository/TorrentSharingRepositoryTest.kt:112:36 Unresolved reference 'getTorrentSharingById'.
e: file:///home/milosvasic/Projects/ShareConnect/TorrentSharingSync/src/test/kotlin/com/shareconnect/torrentsharingsync/repository/TorrentSharingRepositoryTest.kt:125:13 No parameter with name 'torrentName' found.
e: file:///home/milosvasic/Projects/ShareConnect/TorrentSharingSync/src/test/kotlin/com/shareconnect/torrentsharingsync/repository/TorrentSharingRepositoryTest.kt:126:13 No parameter with name 'torrentHash' found.
e: file:///home/milosvasic/Projects/ShareConnect/TorrentSharingSync/src/test/kotlin/com/shareconnect/torrentsharingsync/repository/TorrentSharingRepositoryTest.kt:127:13 No parameter with name 'magnetUri' found.
e: file:///home/milosvasic/Projects/ShareConnect/TorrentSharingSync/src/test/kotlin/com/shareconnect/torrentsharingsync/repository/TorrentSharingRepositoryTest.kt:128:13 No parameter with name 'timestamp' found.
e: file:///home/milosvasic/Projects/ShareConnect/TorrentSharingSync/src/test/kotlin/com/shareconnect/torrentsharingsync/repository/TorrentSharingRepositoryTest.kt:132:20 Unresolved reference 'insertTorrentSharing'.
e: file:///home/milosvasic/Projects/ShareConnect/TorrentSharingSync/src/test/kotlin/com/shareconnect/torrentsharingsync/repository/TorrentSharingRepositoryTest.kt:135:34 Unresolved reference 'getTorrentSharingById'.
e: file:///home/milosvasic/Projects/ShareConnect/TorrentSharingSync/src/test/kotlin/com/shareconnect/torrentsharingsync/repository/TorrentSharingRepositoryTest.kt:138:20 Unresolved reference 'deleteTorrentSharing'.
e: file:///home/milosvasic/Projects/ShareConnect/TorrentSharingSync/src/test/kotlin/com/shareconnect/torrentsharingsync/repository/TorrentSharingRepositoryTest.kt:141:38 Unresolved reference 'getTorrentSharingById'.
e: file:///home/milosvasic/Projects/ShareConnect/TorrentSharingSync/src/test/kotlin/com/shareconnect/torrentsharingsync/repository/TorrentSharingRepositoryTest.kt:150:13 No parameter with name 'torrentName' found.
e: file:///home/milosvasic/Projects/ShareConnect/TorrentSharingSync/src/test/kotlin/com/shareconnect/torrentsharingsync/repository/TorrentSharingRepositoryTest.kt:151:13 No parameter with name 'torrentHash' found.
e: file:///home/milosvasic/Projects/ShareConnect/TorrentSharingSync/src/test/kotlin/com/shareconnect/torrentsharingsync/repository/TorrentSharingRepositoryTest.kt:152:13 No parameter with name 'magnetUri' found.
e: file:///home/milosvasic/Projects/ShareConnect/TorrentSharingSync/src/test/kotlin/com/shareconnect/torrentsharingsync/repository/TorrentSharingRepositoryTest.kt:153:13 No parameter with name 'timestamp' found.
e: file:///home/milosvasic/Projects/ShareConnect/TorrentSharingSync/src/test/kotlin/com/shareconnect/torrentsharingsync/repository/TorrentSharingRepositoryTest.kt:159:13 No parameter with name 'torrentName' found.
e: file:///home/milosvasic/Projects/ShareConnect/TorrentSharingSync/src/test/kotlin/com/shareconnect/torrentsharingsync/repository/TorrentSharingRepositoryTest.kt:160:13 No parameter with name 'torrentHash' found.
e: file:///home/milosvasic/Projects/ShareConnect/TorrentSharingSync/src/test/kotlin/com/shareconnect/torrentsharingsync/repository/TorrentSharingRepositoryTest.kt:161:13 No parameter with name 'magnetUri' found.
e: file:///home/milosvasic/Projects/ShareConnect/TorrentSharingSync/src/test/kotlin/com/shareconnect/torrentsharingsync/repository/TorrentSharingRepositoryTest.kt:162:13 No parameter with name 'timestamp' found.
e: file:///home/milosvasic/Projects/ShareConnect/TorrentSharingSync/src/test/kotlin/com/shareconnect/torrentsharingsync/repository/TorrentSharingRepositoryTest.kt:167:20 Unresolved reference 'insertTorrentSharing'.
e: file:///home/milosvasic/Projects/ShareConnect/TorrentSharingSync/src/test/kotlin/com/shareconnect/torrentsharingsync/repository/TorrentSharingRepositoryTest.kt:168:20 Unresolved reference 'insertTorrentSharing'.
e: file:///home/milosvasic/Projects/ShareConnect/TorrentSharingSync/src/test/kotlin/com/shareconnect/torrentsharingsync/repository/TorrentSharingRepositoryTest.kt:171:34 Unresolved reference 'getAllTorrentSharing'.
e: file:///home/milosvasic/Projects/ShareConnect/TorrentSharingSync/src/test/kotlin/com/shareconnect/torrentsharingsync/repository/TorrentSharingRepositoryTest.kt:175:34 Unresolved reference 'it'.
e: file:///home/milosvasic/Projects/ShareConnect/TorrentSharingSync/src/test/kotlin/com/shareconnect/torrentsharingsync/repository/TorrentSharingRepositoryTest.kt:176:34 Unresolved reference 'it'.
e: file:///home/milosvasic/Projects/ShareConnect/TorrentSharingSync/src/test/kotlin/com/shareconnect/torrentsharingsync/repository/TorrentSharingRepositoryTest.kt:182:31 Unresolved reference 'getTorrentSharingById'.
e: file:///home/milosvasic/Projects/ShareConnect/TorrentSharingSync/src/test/kotlin/com/shareconnect/torrentsharingsync/repository/TorrentSharingRepositoryTest.kt:193:13 No parameter with name 'torrentName' found.
e: file:///home/milosvasic/Projects/ShareConnect/TorrentSharingSync/src/test/kotlin/com/shareconnect/torrentsharingsync/repository/TorrentSharingRepositoryTest.kt:194:13 No parameter with name 'torrentHash' found.
e: file:///home/milosvasic/Projects/ShareConnect/TorrentSharingSync/src/test/kotlin/com/shareconnect/torrentsharingsync/repository/TorrentSharingRepositoryTest.kt:195:13 No parameter with name 'magnetUri' found.
e: file:///home/milosvasic/Projects/ShareConnect/TorrentSharingSync/src/test/kotlin/com/shareconnect/torrentsharingsync/repository/TorrentSharingRepositoryTest.kt:196:13 No parameter with name 'timestamp' found.
e: file:///home/milosvasic/Projects/ShareConnect/TorrentSharingSync/src/test/kotlin/com/shareconnect/torrentsharingsync/repository/TorrentSharingRepositoryTest.kt:200:20 Unresolved reference 'insertTorrentSharing'.
e: file:///home/milosvasic/Projects/ShareConnect/TorrentSharingSync/src/test/kotlin/com/shareconnect/torrentsharingsync/repository/TorrentSharingRepositoryTest.kt:203:31 Unresolved reference 'getTorrentSharingByHash'.
e: file:///home/milosvasic/Projects/ShareConnect/TorrentSharingSync/src/test/kotlin/com/shareconnect/torrentsharingsync/repository/TorrentSharingRepositoryTest.kt:215:31 Unresolved reference 'getTorrentSharingByHash'.

FAILURE: Build completed with 2 failures.

1: Task failed with an exception.
-----------
* What went wrong:
Execution failed for task ':TorrentSharingSync:compileDebugUnitTestKotlin'.
> A failure occurred while executing org.jetbrains.kotlin.compilerRunner.GradleCompilerRunnerWithWorkers$GradleKotlinCompilerWorkAction
   > Compilation error. See log for more details

* Try:
> Run with --stacktrace option to get the stack trace.
> Run with --info or --debug option to get more log output.
> Run with --scan to get full insights.
> Get more help at https://help.gradle.org.
==============================================================================

2: Task failed with an exception.
-----------
* What went wrong:
Execution failed for task ':TorrentSharingSync:compileReleaseUnitTestKotlin'.
> A failure occurred while executing org.jetbrains.kotlin.compilerRunner.GradleCompilerRunnerWithWorkers$GradleKotlinCompilerWorkAction
   > Compilation error. See log for more details

* Try:
> Run with --stacktrace option to get the stack trace.
> Run with --info or --debug option to get more log output.
> Run with --scan to get full insights.
> Get more help at https://help.gradle.org.
==============================================================================

BUILD FAILED in 2s
Creating the JCommons JAR archive
The 'toolkit_project_name' is: 'ShareConnect'
Creating the JCommons JAR archive
The 'toolkit_project_name' is: 'ShareConnect'
Creating the JCommons JAR archive
The 'toolkit_project_name' is: 'ShareConnect'
