
[Incubating] Problems report is available at: file:///home/milosvasic/Projects/ShareConnect/build/reports/problems/problems-report.html

FAILURE: Build failed with an exception.

* Where:
Build file '/home/milosvasic/Projects/ShareConnect/BookmarkSync/build.gradle.kts' line: 1

* What went wrong:
An exception occurred applying plugin request [id: 'com.android.library']
> Failed to apply plugin class 'org.gradle.language.base.plugins.LifecycleBasePlugin'.
   > Cannot add task 'check' as a task with that name already exists.

* Try:
> Run with --stacktrace option to get the stack trace.
> Run with --info or --debug option to get more log output.
> Run with --scan to get full insights.
> Get more help at https://help.gradle.org.

Deprecated Gradle features were used in this build, making it incompatible with Gradle 9.0.

You can use '--warning-mode all' to show the individual deprecation warnings and determine if they come from your own scripts or plugins.

For more on this, please refer to https://docs.gradle.org/8.14/userguide/command_line_interface.html#sec:command_line_warnings in the Gradle documentation.

BUILD FAILED in 623ms
