ShareConnect Unit Test Suite Execution Summary
==============================================

Execution Date: Wed Oct  1 06:47:46 PM MSK 2025
Test Round ID: 20251001_184715
Overall Status: FAILED

═══════════════════════════════════════════════════════════

UNIT TESTS
Status: FAILED
Duration: 31 seconds
Test Suite: com.shareconnect.suites.UnitTestSuite
Coverage: Core business logic and data models

Test Classes:
- MainActivityUnitTest: Main activity unit testing
- HistoryRepositoryUnitTest: History repository operations
- ThemeRepositoryUnitTest: Theme repository operations
- ProfileManagerUnitTest: Profile management operations

═══════════════════════════════════════════════════════════

EXECUTION METRICS
Total Duration: 31 seconds (00:00:31)
Unit Tests: 31s

COVERAGE SUMMARY
✓ Business Logic: Unit tests verify core functionality
✓ Data Operations: Unit tests verify repository operations
✓ UI Logic: Unit tests verify activity behavior

REPORT STRUCTURE
Documentation/Tests/20251001_184715_TEST_ROUND/
├── master_test_summary.txt (this file)
└── unit_tests/
    ├── test_summary.txt
    ├── unit_test_execution.log
    └── [HTML/XML reports]

COMMAND EXECUTION
./run_all_tests.sh

This script executed:
1. ./run_unit_tests.sh

══════════════════════════════════════════════════════════

