<!--
    Copyright (c) 2025 MeTube Share

    Permission is hereby granted, free of charge, to any person obtaining a copy
    of this software and associated documentation files (the "Software"), to deal
    in the Software without restriction, including without limitation the rights
    to use, copy, modify, merge, publish, distribute, sublicense, and/or sell
    copies of the Software, and to permit persons to whom the Software is
    furnished to do so, subject to the following conditions:

    The above copyright notice and this permission notice shall be included in all
    copies or substantial portions of the Software.

    THE SOFTWARE IS PROVIDED "AS IS", WITHOUT WARRANTY OF ANY KIND, EXPRESS OR
    IMPLIED, INCLUDING BUT NOT LIMITED TO THE WARRANTIES OF MERCHANTABILITY,
    FITNESS FOR A PARTICULAR PURPOSE AND NONINFRINGEMENT. IN NO EVENT SHALL THE
    AUTHORS OR COPYRIGHT HOLDERS BE LIABLE FOR ANY CLAIM, DAMAGES OR OTHER
    LIABILITY, WHETHER IN AN ACTION OF CONTRACT, TORT OR OTHERWISE, ARISING FROM,
    OUT OF OR IN CONNECTION WITH THE SOFTWARE OR THE USE OR OTHER DEALINGS IN THE
    SOFTWARE.
-->


<?xml version="1.0" encoding="UTF-8"?>
<testsuite name="com.shareconnect.utils.TorrentAppHelperTest" tests="15" skipped="0" failures="15" errors="0" timestamp="2025-10-13T16:26:55.736Z" hostname="thinker" time="0.52">
  <properties/>
  <testcase name="testGetAppName_returnsCorrectNames" classname="com.shareconnect.utils.TorrentAppHelperTest" time="0.286">
    <failure message="org.mockito.exceptions.misusing.MissingMethodInvocationException: &#10;when() requires an argument which has to be 'a method call on a mock'.&#10;For example:&#10;    when(mock.getArticles()).thenReturn(articles);&#10;&#10;Also, this error might show up because:&#10;1. you stub either of: final/private/native/equals()/hashCode() methods.&#10;   Those methods *cannot* be stubbed/verified.&#10;   Mocking methods declared on non-public parent classes is not supported.&#10;2. inside when() you don't call method on mock but on some other object.&#10;" type="org.mockito.exceptions.misusing.MissingMethodInvocationException">org.mockito.exceptions.misusing.MissingMethodInvocationException: 
when() requires an argument which has to be 'a method call on a mock'.
For example:
    when(mock.getArticles()).thenReturn(articles);

Also, this error might show up because:
1. you stub either of: final/private/native/equals()/hashCode() methods.
   Those methods *cannot* be stubbed/verified.
   Mocking methods declared on non-public parent classes is not supported.
2. inside when() you don't call method on mock but on some other object.

	at com.shareconnect.utils.TorrentAppHelperTest.setUp(TorrentAppHelperTest.kt:37)
	at java.base@21.0.8/jdk.internal.reflect.DirectMethodHandleAccessor.invoke(Unknown Source)
	at java.base@21.0.8/java.lang.reflect.Method.invoke(Unknown Source)
	at app//org.junit.runners.model.FrameworkMethod$1.runReflectiveCall(FrameworkMethod.java:59)
	at app//org.junit.internal.runners.model.ReflectiveCallable.run(ReflectiveCallable.java:12)
	at app//org.junit.runners.model.FrameworkMethod.invokeExplosively(FrameworkMethod.java:56)
	at app//org.junit.internal.runners.statements.RunBefores.invokeMethod(RunBefores.java:33)
	at app//org.junit.internal.runners.statements.RunBefores.evaluate(RunBefores.java:24)
	at app//org.junit.internal.runners.statements.RunAfters.evaluate(RunAfters.java:27)
	at app//org.junit.runners.ParentRunner$3.evaluate(ParentRunner.java:306)
	at app//org.robolectric.RobolectricTestRunner$HelperTestRunner$1.evaluate(RobolectricTestRunner.java:524)
	at app//org.robolectric.internal.SandboxTestRunner.executeInSandbox(SandboxTestRunner.java:494)
	at app//org.robolectric.internal.SandboxTestRunner.access$900(SandboxTestRunner.java:67)
	at app//org.robolectric.internal.SandboxTestRunner$7.evaluate(SandboxTestRunner.java:442)
	at app//org.junit.runners.BlockJUnit4ClassRunner$1.evaluate(BlockJUnit4ClassRunner.java:100)
	at app//org.junit.runners.ParentRunner.runLeaf(ParentRunner.java:366)
	at app//org.junit.runners.BlockJUnit4ClassRunner.runChild(BlockJUnit4ClassRunner.java:103)
	at app//org.robolectric.internal.SandboxTestRunner.access$600(SandboxTestRunner.java:67)
	at app//org.robolectric.internal.SandboxTestRunner$6.evaluate(SandboxTestRunner.java:333)
	at app//org.robolectric.internal.SandboxTestRunner$3.evaluate(SandboxTestRunner.java:233)
	at app//org.robolectric.internal.SandboxTestRunner$5.lambda$evaluate$0(SandboxTestRunner.java:317)
	at app//org.robolectric.internal.bytecode.Sandbox.lambda$runOnMainThread$0(Sandbox.java:101)
	at java.base@21.0.8/java.util.concurrent.FutureTask.run(Unknown Source)
	at java.base@21.0.8/java.util.concurrent.ThreadPoolExecutor.runWorker(Unknown Source)
	at java.base@21.0.8/java.util.concurrent.ThreadPoolExecutor$Worker.run(Unknown Source)
	at java.base@21.0.8/java.lang.Thread.run(Unknown Source)
</failure>
  </testcase>
  <testcase name="testIsTransmissionConnectInstalled_returnsTrueWhenInstalled" classname="com.shareconnect.utils.TorrentAppHelperTest" time="0.017">
    <failure message="org.mockito.exceptions.misusing.MissingMethodInvocationException: &#10;when() requires an argument which has to be 'a method call on a mock'.&#10;For example:&#10;    when(mock.getArticles()).thenReturn(articles);&#10;&#10;Also, this error might show up because:&#10;1. you stub either of: final/private/native/equals()/hashCode() methods.&#10;   Those methods *cannot* be stubbed/verified.&#10;   Mocking methods declared on non-public parent classes is not supported.&#10;2. inside when() you don't call method on mock but on some other object.&#10;" type="org.mockito.exceptions.misusing.MissingMethodInvocationException">org.mockito.exceptions.misusing.MissingMethodInvocationException: 
when() requires an argument which has to be 'a method call on a mock'.
For example:
    when(mock.getArticles()).thenReturn(articles);

Also, this error might show up because:
1. you stub either of: final/private/native/equals()/hashCode() methods.
   Those methods *cannot* be stubbed/verified.
   Mocking methods declared on non-public parent classes is not supported.
2. inside when() you don't call method on mock but on some other object.

	at com.shareconnect.utils.TorrentAppHelperTest.setUp(TorrentAppHelperTest.kt:37)
	at java.base@21.0.8/jdk.internal.reflect.DirectMethodHandleAccessor.invoke(Unknown Source)
	at java.base@21.0.8/java.lang.reflect.Method.invoke(Unknown Source)
	at app//org.junit.runners.model.FrameworkMethod$1.runReflectiveCall(FrameworkMethod.java:59)
	at app//org.junit.internal.runners.model.ReflectiveCallable.run(ReflectiveCallable.java:12)
	at app//org.junit.runners.model.FrameworkMethod.invokeExplosively(FrameworkMethod.java:56)
	at app//org.junit.internal.runners.statements.RunBefores.invokeMethod(RunBefores.java:33)
	at app//org.junit.internal.runners.statements.RunBefores.evaluate(RunBefores.java:24)
	at app//org.junit.internal.runners.statements.RunAfters.evaluate(RunAfters.java:27)
	at app//org.junit.runners.ParentRunner$3.evaluate(ParentRunner.java:306)
	at app//org.robolectric.RobolectricTestRunner$HelperTestRunner$1.evaluate(RobolectricTestRunner.java:524)
	at app//org.robolectric.internal.SandboxTestRunner.executeInSandbox(SandboxTestRunner.java:494)
	at app//org.robolectric.internal.SandboxTestRunner.access$900(SandboxTestRunner.java:67)
	at app//org.robolectric.internal.SandboxTestRunner$7.evaluate(SandboxTestRunner.java:442)
	at app//org.junit.runners.BlockJUnit4ClassRunner$1.evaluate(BlockJUnit4ClassRunner.java:100)
	at app//org.junit.runners.ParentRunner.runLeaf(ParentRunner.java:366)
	at app//org.junit.runners.BlockJUnit4ClassRunner.runChild(BlockJUnit4ClassRunner.java:103)
	at app//org.robolectric.internal.SandboxTestRunner.access$600(SandboxTestRunner.java:67)
	at app//org.robolectric.internal.SandboxTestRunner$6.evaluate(SandboxTestRunner.java:333)
	at app//org.robolectric.internal.SandboxTestRunner$3.evaluate(SandboxTestRunner.java:233)
	at app//org.robolectric.internal.SandboxTestRunner$5.lambda$evaluate$0(SandboxTestRunner.java:317)
	at app//org.robolectric.internal.bytecode.Sandbox.lambda$runOnMainThread$0(Sandbox.java:101)
	at java.base@21.0.8/java.util.concurrent.FutureTask.run(Unknown Source)
	at java.base@21.0.8/java.util.concurrent.ThreadPoolExecutor.runWorker(Unknown Source)
	at java.base@21.0.8/java.util.concurrent.ThreadPoolExecutor$Worker.run(Unknown Source)
	at java.base@21.0.8/java.lang.Thread.run(Unknown Source)
</failure>
  </testcase>
  <testcase name="testGetInstalledAppForProfile_returnsQBitConnectForQBitTorrentProfile" classname="com.shareconnect.utils.TorrentAppHelperTest" time="0.016">
    <failure message="org.mockito.exceptions.misusing.MissingMethodInvocationException: &#10;when() requires an argument which has to be 'a method call on a mock'.&#10;For example:&#10;    when(mock.getArticles()).thenReturn(articles);&#10;&#10;Also, this error might show up because:&#10;1. you stub either of: final/private/native/equals()/hashCode() methods.&#10;   Those methods *cannot* be stubbed/verified.&#10;   Mocking methods declared on non-public parent classes is not supported.&#10;2. inside when() you don't call method on mock but on some other object.&#10;" type="org.mockito.exceptions.misusing.MissingMethodInvocationException">org.mockito.exceptions.misusing.MissingMethodInvocationException: 
when() requires an argument which has to be 'a method call on a mock'.
For example:
    when(mock.getArticles()).thenReturn(articles);

Also, this error might show up because:
1. you stub either of: final/private/native/equals()/hashCode() methods.
   Those methods *cannot* be stubbed/verified.
   Mocking methods declared on non-public parent classes is not supported.
2. inside when() you don't call method on mock but on some other object.

	at com.shareconnect.utils.TorrentAppHelperTest.setUp(TorrentAppHelperTest.kt:37)
	at java.base@21.0.8/jdk.internal.reflect.DirectMethodHandleAccessor.invoke(Unknown Source)
	at java.base@21.0.8/java.lang.reflect.Method.invoke(Unknown Source)
	at app//org.junit.runners.model.FrameworkMethod$1.runReflectiveCall(FrameworkMethod.java:59)
	at app//org.junit.internal.runners.model.ReflectiveCallable.run(ReflectiveCallable.java:12)
	at app//org.junit.runners.model.FrameworkMethod.invokeExplosively(FrameworkMethod.java:56)
	at app//org.junit.internal.runners.statements.RunBefores.invokeMethod(RunBefores.java:33)
	at app//org.junit.internal.runners.statements.RunBefores.evaluate(RunBefores.java:24)
	at app//org.junit.internal.runners.statements.RunAfters.evaluate(RunAfters.java:27)
	at app//org.junit.runners.ParentRunner$3.evaluate(ParentRunner.java:306)
	at app//org.robolectric.RobolectricTestRunner$HelperTestRunner$1.evaluate(RobolectricTestRunner.java:524)
	at app//org.robolectric.internal.SandboxTestRunner.executeInSandbox(SandboxTestRunner.java:494)
	at app//org.robolectric.internal.SandboxTestRunner.access$900(SandboxTestRunner.java:67)
	at app//org.robolectric.internal.SandboxTestRunner$7.evaluate(SandboxTestRunner.java:442)
	at app//org.junit.runners.BlockJUnit4ClassRunner$1.evaluate(BlockJUnit4ClassRunner.java:100)
	at app//org.junit.runners.ParentRunner.runLeaf(ParentRunner.java:366)
	at app//org.junit.runners.BlockJUnit4ClassRunner.runChild(BlockJUnit4ClassRunner.java:103)
	at app//org.robolectric.internal.SandboxTestRunner.access$600(SandboxTestRunner.java:67)
	at app//org.robolectric.internal.SandboxTestRunner$6.evaluate(SandboxTestRunner.java:333)
	at app//org.robolectric.internal.SandboxTestRunner$3.evaluate(SandboxTestRunner.java:233)
	at app//org.robolectric.internal.SandboxTestRunner$5.lambda$evaluate$0(SandboxTestRunner.java:317)
	at app//org.robolectric.internal.bytecode.Sandbox.lambda$runOnMainThread$0(Sandbox.java:101)
	at java.base@21.0.8/java.util.concurrent.FutureTask.run(Unknown Source)
	at java.base@21.0.8/java.util.concurrent.ThreadPoolExecutor.runWorker(Unknown Source)
	at java.base@21.0.8/java.util.concurrent.ThreadPoolExecutor$Worker.run(Unknown Source)
	at java.base@21.0.8/java.lang.Thread.run(Unknown Source)
</failure>
  </testcase>
  <testcase name="testGetSuggestedAppForProfile_returnsCorrectApp" classname="com.shareconnect.utils.TorrentAppHelperTest" time="0.014">
    <failure message="org.mockito.exceptions.misusing.MissingMethodInvocationException: &#10;when() requires an argument which has to be 'a method call on a mock'.&#10;For example:&#10;    when(mock.getArticles()).thenReturn(articles);&#10;&#10;Also, this error might show up because:&#10;1. you stub either of: final/private/native/equals()/hashCode() methods.&#10;   Those methods *cannot* be stubbed/verified.&#10;   Mocking methods declared on non-public parent classes is not supported.&#10;2. inside when() you don't call method on mock but on some other object.&#10;" type="org.mockito.exceptions.misusing.MissingMethodInvocationException">org.mockito.exceptions.misusing.MissingMethodInvocationException: 
when() requires an argument which has to be 'a method call on a mock'.
For example:
    when(mock.getArticles()).thenReturn(articles);

Also, this error might show up because:
1. you stub either of: final/private/native/equals()/hashCode() methods.
   Those methods *cannot* be stubbed/verified.
   Mocking methods declared on non-public parent classes is not supported.
2. inside when() you don't call method on mock but on some other object.

	at com.shareconnect.utils.TorrentAppHelperTest.setUp(TorrentAppHelperTest.kt:37)
	at java.base@21.0.8/jdk.internal.reflect.DirectMethodHandleAccessor.invoke(Unknown Source)
	at java.base@21.0.8/java.lang.reflect.Method.invoke(Unknown Source)
	at app//org.junit.runners.model.FrameworkMethod$1.runReflectiveCall(FrameworkMethod.java:59)
	at app//org.junit.internal.runners.model.ReflectiveCallable.run(ReflectiveCallable.java:12)
	at app//org.junit.runners.model.FrameworkMethod.invokeExplosively(FrameworkMethod.java:56)
	at app//org.junit.internal.runners.statements.RunBefores.invokeMethod(RunBefores.java:33)
	at app//org.junit.internal.runners.statements.RunBefores.evaluate(RunBefores.java:24)
	at app//org.junit.internal.runners.statements.RunAfters.evaluate(RunAfters.java:27)
	at app//org.junit.runners.ParentRunner$3.evaluate(ParentRunner.java:306)
	at app//org.robolectric.RobolectricTestRunner$HelperTestRunner$1.evaluate(RobolectricTestRunner.java:524)
	at app//org.robolectric.internal.SandboxTestRunner.executeInSandbox(SandboxTestRunner.java:494)
	at app//org.robolectric.internal.SandboxTestRunner.access$900(SandboxTestRunner.java:67)
	at app//org.robolectric.internal.SandboxTestRunner$7.evaluate(SandboxTestRunner.java:442)
	at app//org.junit.runners.BlockJUnit4ClassRunner$1.evaluate(BlockJUnit4ClassRunner.java:100)
	at app//org.junit.runners.ParentRunner.runLeaf(ParentRunner.java:366)
	at app//org.junit.runners.BlockJUnit4ClassRunner.runChild(BlockJUnit4ClassRunner.java:103)
	at app//org.robolectric.internal.SandboxTestRunner.access$600(SandboxTestRunner.java:67)
	at app//org.robolectric.internal.SandboxTestRunner$6.evaluate(SandboxTestRunner.java:333)
	at app//org.robolectric.internal.SandboxTestRunner$3.evaluate(SandboxTestRunner.java:233)
	at app//org.robolectric.internal.SandboxTestRunner$5.lambda$evaluate$0(SandboxTestRunner.java:317)
	at app//org.robolectric.internal.bytecode.Sandbox.lambda$runOnMainThread$0(Sandbox.java:101)
	at java.base@21.0.8/java.util.concurrent.FutureTask.run(Unknown Source)
	at java.base@21.0.8/java.util.concurrent.ThreadPoolExecutor.runWorker(Unknown Source)
	at java.base@21.0.8/java.util.concurrent.ThreadPoolExecutor$Worker.run(Unknown Source)
	at java.base@21.0.8/java.lang.Thread.run(Unknown Source)
</failure>
  </testcase>
  <testcase name="testIsQBitConnectInstalled_returnsTrueWhenInstalled" classname="com.shareconnect.utils.TorrentAppHelperTest" time="0.016">
    <failure message="org.mockito.exceptions.misusing.MissingMethodInvocationException: &#10;when() requires an argument which has to be 'a method call on a mock'.&#10;For example:&#10;    when(mock.getArticles()).thenReturn(articles);&#10;&#10;Also, this error might show up because:&#10;1. you stub either of: final/private/native/equals()/hashCode() methods.&#10;   Those methods *cannot* be stubbed/verified.&#10;   Mocking methods declared on non-public parent classes is not supported.&#10;2. inside when() you don't call method on mock but on some other object.&#10;" type="org.mockito.exceptions.misusing.MissingMethodInvocationException">org.mockito.exceptions.misusing.MissingMethodInvocationException: 
when() requires an argument which has to be 'a method call on a mock'.
For example:
    when(mock.getArticles()).thenReturn(articles);

Also, this error might show up because:
1. you stub either of: final/private/native/equals()/hashCode() methods.
   Those methods *cannot* be stubbed/verified.
   Mocking methods declared on non-public parent classes is not supported.
2. inside when() you don't call method on mock but on some other object.

	at com.shareconnect.utils.TorrentAppHelperTest.setUp(TorrentAppHelperTest.kt:37)
	at java.base@21.0.8/jdk.internal.reflect.DirectMethodHandleAccessor.invoke(Unknown Source)
	at java.base@21.0.8/java.lang.reflect.Method.invoke(Unknown Source)
	at app//org.junit.runners.model.FrameworkMethod$1.runReflectiveCall(FrameworkMethod.java:59)
	at app//org.junit.internal.runners.model.ReflectiveCallable.run(ReflectiveCallable.java:12)
	at app//org.junit.runners.model.FrameworkMethod.invokeExplosively(FrameworkMethod.java:56)
	at app//org.junit.internal.runners.statements.RunBefores.invokeMethod(RunBefores.java:33)
	at app//org.junit.internal.runners.statements.RunBefores.evaluate(RunBefores.java:24)
	at app//org.junit.internal.runners.statements.RunAfters.evaluate(RunAfters.java:27)
	at app//org.junit.runners.ParentRunner$3.evaluate(ParentRunner.java:306)
	at app//org.robolectric.RobolectricTestRunner$HelperTestRunner$1.evaluate(RobolectricTestRunner.java:524)
	at app//org.robolectric.internal.SandboxTestRunner.executeInSandbox(SandboxTestRunner.java:494)
	at app//org.robolectric.internal.SandboxTestRunner.access$900(SandboxTestRunner.java:67)
	at app//org.robolectric.internal.SandboxTestRunner$7.evaluate(SandboxTestRunner.java:442)
	at app//org.junit.runners.BlockJUnit4ClassRunner$1.evaluate(BlockJUnit4ClassRunner.java:100)
	at app//org.junit.runners.ParentRunner.runLeaf(ParentRunner.java:366)
	at app//org.junit.runners.BlockJUnit4ClassRunner.runChild(BlockJUnit4ClassRunner.java:103)
	at app//org.robolectric.internal.SandboxTestRunner.access$600(SandboxTestRunner.java:67)
	at app//org.robolectric.internal.SandboxTestRunner$6.evaluate(SandboxTestRunner.java:333)
	at app//org.robolectric.internal.SandboxTestRunner$3.evaluate(SandboxTestRunner.java:233)
	at app//org.robolectric.internal.SandboxTestRunner$5.lambda$evaluate$0(SandboxTestRunner.java:317)
	at app//org.robolectric.internal.bytecode.Sandbox.lambda$runOnMainThread$0(Sandbox.java:101)
	at java.base@21.0.8/java.util.concurrent.FutureTask.run(Unknown Source)
	at java.base@21.0.8/java.util.concurrent.ThreadPoolExecutor.runWorker(Unknown Source)
	at java.base@21.0.8/java.util.concurrent.ThreadPoolExecutor$Worker.run(Unknown Source)
	at java.base@21.0.8/java.lang.Thread.run(Unknown Source)
</failure>
  </testcase>
  <testcase name="testIsTorrentFile_detectsTorrentFiles" classname="com.shareconnect.utils.TorrentAppHelperTest" time="0.014">
    <failure message="org.mockito.exceptions.misusing.MissingMethodInvocationException: &#10;when() requires an argument which has to be 'a method call on a mock'.&#10;For example:&#10;    when(mock.getArticles()).thenReturn(articles);&#10;&#10;Also, this error might show up because:&#10;1. you stub either of: final/private/native/equals()/hashCode() methods.&#10;   Those methods *cannot* be stubbed/verified.&#10;   Mocking methods declared on non-public parent classes is not supported.&#10;2. inside when() you don't call method on mock but on some other object.&#10;" type="org.mockito.exceptions.misusing.MissingMethodInvocationException">org.mockito.exceptions.misusing.MissingMethodInvocationException: 
when() requires an argument which has to be 'a method call on a mock'.
For example:
    when(mock.getArticles()).thenReturn(articles);

Also, this error might show up because:
1. you stub either of: final/private/native/equals()/hashCode() methods.
   Those methods *cannot* be stubbed/verified.
   Mocking methods declared on non-public parent classes is not supported.
2. inside when() you don't call method on mock but on some other object.

	at com.shareconnect.utils.TorrentAppHelperTest.setUp(TorrentAppHelperTest.kt:37)
	at java.base@21.0.8/jdk.internal.reflect.DirectMethodHandleAccessor.invoke(Unknown Source)
	at java.base@21.0.8/java.lang.reflect.Method.invoke(Unknown Source)
	at app//org.junit.runners.model.FrameworkMethod$1.runReflectiveCall(FrameworkMethod.java:59)
	at app//org.junit.internal.runners.model.ReflectiveCallable.run(ReflectiveCallable.java:12)
	at app//org.junit.runners.model.FrameworkMethod.invokeExplosively(FrameworkMethod.java:56)
	at app//org.junit.internal.runners.statements.RunBefores.invokeMethod(RunBefores.java:33)
	at app//org.junit.internal.runners.statements.RunBefores.evaluate(RunBefores.java:24)
	at app//org.junit.internal.runners.statements.RunAfters.evaluate(RunAfters.java:27)
	at app//org.junit.runners.ParentRunner$3.evaluate(ParentRunner.java:306)
	at app//org.robolectric.RobolectricTestRunner$HelperTestRunner$1.evaluate(RobolectricTestRunner.java:524)
	at app//org.robolectric.internal.SandboxTestRunner.executeInSandbox(SandboxTestRunner.java:494)
	at app//org.robolectric.internal.SandboxTestRunner.access$900(SandboxTestRunner.java:67)
	at app//org.robolectric.internal.SandboxTestRunner$7.evaluate(SandboxTestRunner.java:442)
	at app//org.junit.runners.BlockJUnit4ClassRunner$1.evaluate(BlockJUnit4ClassRunner.java:100)
	at app//org.junit.runners.ParentRunner.runLeaf(ParentRunner.java:366)
	at app//org.junit.runners.BlockJUnit4ClassRunner.runChild(BlockJUnit4ClassRunner.java:103)
	at app//org.robolectric.internal.SandboxTestRunner.access$600(SandboxTestRunner.java:67)
	at app//org.robolectric.internal.SandboxTestRunner$6.evaluate(SandboxTestRunner.java:333)
	at app//org.robolectric.internal.SandboxTestRunner$3.evaluate(SandboxTestRunner.java:233)
	at app//org.robolectric.internal.SandboxTestRunner$5.lambda$evaluate$0(SandboxTestRunner.java:317)
	at app//org.robolectric.internal.bytecode.Sandbox.lambda$runOnMainThread$0(Sandbox.java:101)
	at java.base@21.0.8/java.util.concurrent.FutureTask.run(Unknown Source)
	at java.base@21.0.8/java.util.concurrent.ThreadPoolExecutor.runWorker(Unknown Source)
	at java.base@21.0.8/java.util.concurrent.ThreadPoolExecutor$Worker.run(Unknown Source)
	at java.base@21.0.8/java.lang.Thread.run(Unknown Source)
</failure>
  </testcase>
  <testcase name="testHasAnyTorrentAppInstalled_returnsTrueWhenTransmissionConnectInstalled" classname="com.shareconnect.utils.TorrentAppHelperTest" time="0.025">
    <failure message="org.mockito.exceptions.misusing.MissingMethodInvocationException: &#10;when() requires an argument which has to be 'a method call on a mock'.&#10;For example:&#10;    when(mock.getArticles()).thenReturn(articles);&#10;&#10;Also, this error might show up because:&#10;1. you stub either of: final/private/native/equals()/hashCode() methods.&#10;   Those methods *cannot* be stubbed/verified.&#10;   Mocking methods declared on non-public parent classes is not supported.&#10;2. inside when() you don't call method on mock but on some other object.&#10;" type="org.mockito.exceptions.misusing.MissingMethodInvocationException">org.mockito.exceptions.misusing.MissingMethodInvocationException: 
when() requires an argument which has to be 'a method call on a mock'.
For example:
    when(mock.getArticles()).thenReturn(articles);

Also, this error might show up because:
1. you stub either of: final/private/native/equals()/hashCode() methods.
   Those methods *cannot* be stubbed/verified.
   Mocking methods declared on non-public parent classes is not supported.
2. inside when() you don't call method on mock but on some other object.

	at com.shareconnect.utils.TorrentAppHelperTest.setUp(TorrentAppHelperTest.kt:37)
	at java.base@21.0.8/jdk.internal.reflect.DirectMethodHandleAccessor.invoke(Unknown Source)
	at java.base@21.0.8/java.lang.reflect.Method.invoke(Unknown Source)
	at app//org.junit.runners.model.FrameworkMethod$1.runReflectiveCall(FrameworkMethod.java:59)
	at app//org.junit.internal.runners.model.ReflectiveCallable.run(ReflectiveCallable.java:12)
	at app//org.junit.runners.model.FrameworkMethod.invokeExplosively(FrameworkMethod.java:56)
	at app//org.junit.internal.runners.statements.RunBefores.invokeMethod(RunBefores.java:33)
	at app//org.junit.internal.runners.statements.RunBefores.evaluate(RunBefores.java:24)
	at app//org.junit.internal.runners.statements.RunAfters.evaluate(RunAfters.java:27)
	at app//org.junit.runners.ParentRunner$3.evaluate(ParentRunner.java:306)
	at app//org.robolectric.RobolectricTestRunner$HelperTestRunner$1.evaluate(RobolectricTestRunner.java:524)
	at app//org.robolectric.internal.SandboxTestRunner.executeInSandbox(SandboxTestRunner.java:494)
	at app//org.robolectric.internal.SandboxTestRunner.access$900(SandboxTestRunner.java:67)
	at app//org.robolectric.internal.SandboxTestRunner$7.evaluate(SandboxTestRunner.java:442)
	at app//org.junit.runners.BlockJUnit4ClassRunner$1.evaluate(BlockJUnit4ClassRunner.java:100)
	at app//org.junit.runners.ParentRunner.runLeaf(ParentRunner.java:366)
	at app//org.junit.runners.BlockJUnit4ClassRunner.runChild(BlockJUnit4ClassRunner.java:103)
	at app//org.robolectric.internal.SandboxTestRunner.access$600(SandboxTestRunner.java:67)
	at app//org.robolectric.internal.SandboxTestRunner$6.evaluate(SandboxTestRunner.java:333)
	at app//org.robolectric.internal.SandboxTestRunner$3.evaluate(SandboxTestRunner.java:233)
	at app//org.robolectric.internal.SandboxTestRunner$5.lambda$evaluate$0(SandboxTestRunner.java:317)
	at app//org.robolectric.internal.bytecode.Sandbox.lambda$runOnMainThread$0(Sandbox.java:101)
	at java.base@21.0.8/java.util.concurrent.FutureTask.run(Unknown Source)
	at java.base@21.0.8/java.util.concurrent.ThreadPoolExecutor.runWorker(Unknown Source)
	at java.base@21.0.8/java.util.concurrent.ThreadPoolExecutor$Worker.run(Unknown Source)
	at java.base@21.0.8/java.lang.Thread.run(Unknown Source)
</failure>
  </testcase>
  <testcase name="testIsQBitConnectInstalled_returnsFalseWhenNotInstalled" classname="com.shareconnect.utils.TorrentAppHelperTest" time="0.016">
    <failure message="org.mockito.exceptions.misusing.MissingMethodInvocationException: &#10;when() requires an argument which has to be 'a method call on a mock'.&#10;For example:&#10;    when(mock.getArticles()).thenReturn(articles);&#10;&#10;Also, this error might show up because:&#10;1. you stub either of: final/private/native/equals()/hashCode() methods.&#10;   Those methods *cannot* be stubbed/verified.&#10;   Mocking methods declared on non-public parent classes is not supported.&#10;2. inside when() you don't call method on mock but on some other object.&#10;" type="org.mockito.exceptions.misusing.MissingMethodInvocationException">org.mockito.exceptions.misusing.MissingMethodInvocationException: 
when() requires an argument which has to be 'a method call on a mock'.
For example:
    when(mock.getArticles()).thenReturn(articles);

Also, this error might show up because:
1. you stub either of: final/private/native/equals()/hashCode() methods.
   Those methods *cannot* be stubbed/verified.
   Mocking methods declared on non-public parent classes is not supported.
2. inside when() you don't call method on mock but on some other object.

	at com.shareconnect.utils.TorrentAppHelperTest.setUp(TorrentAppHelperTest.kt:37)
	at java.base@21.0.8/jdk.internal.reflect.DirectMethodHandleAccessor.invoke(Unknown Source)
	at java.base@21.0.8/java.lang.reflect.Method.invoke(Unknown Source)
	at app//org.junit.runners.model.FrameworkMethod$1.runReflectiveCall(FrameworkMethod.java:59)
	at app//org.junit.internal.runners.model.ReflectiveCallable.run(ReflectiveCallable.java:12)
	at app//org.junit.runners.model.FrameworkMethod.invokeExplosively(FrameworkMethod.java:56)
	at app//org.junit.internal.runners.statements.RunBefores.invokeMethod(RunBefores.java:33)
	at app//org.junit.internal.runners.statements.RunBefores.evaluate(RunBefores.java:24)
	at app//org.junit.internal.runners.statements.RunAfters.evaluate(RunAfters.java:27)
	at app//org.junit.runners.ParentRunner$3.evaluate(ParentRunner.java:306)
	at app//org.robolectric.RobolectricTestRunner$HelperTestRunner$1.evaluate(RobolectricTestRunner.java:524)
	at app//org.robolectric.internal.SandboxTestRunner.executeInSandbox(SandboxTestRunner.java:494)
	at app//org.robolectric.internal.SandboxTestRunner.access$900(SandboxTestRunner.java:67)
	at app//org.robolectric.internal.SandboxTestRunner$7.evaluate(SandboxTestRunner.java:442)
	at app//org.junit.runners.BlockJUnit4ClassRunner$1.evaluate(BlockJUnit4ClassRunner.java:100)
	at app//org.junit.runners.ParentRunner.runLeaf(ParentRunner.java:366)
	at app//org.junit.runners.BlockJUnit4ClassRunner.runChild(BlockJUnit4ClassRunner.java:103)
	at app//org.robolectric.internal.SandboxTestRunner.access$600(SandboxTestRunner.java:67)
	at app//org.robolectric.internal.SandboxTestRunner$6.evaluate(SandboxTestRunner.java:333)
	at app//org.robolectric.internal.SandboxTestRunner$3.evaluate(SandboxTestRunner.java:233)
	at app//org.robolectric.internal.SandboxTestRunner$5.lambda$evaluate$0(SandboxTestRunner.java:317)
	at app//org.robolectric.internal.bytecode.Sandbox.lambda$runOnMainThread$0(Sandbox.java:101)
	at java.base@21.0.8/java.util.concurrent.FutureTask.run(Unknown Source)
	at java.base@21.0.8/java.util.concurrent.ThreadPoolExecutor.runWorker(Unknown Source)
	at java.base@21.0.8/java.util.concurrent.ThreadPoolExecutor$Worker.run(Unknown Source)
	at java.base@21.0.8/java.lang.Thread.run(Unknown Source)
</failure>
  </testcase>
  <testcase name="testGetInstalledAppForProfile_returnsTransmissionConnectForTransmissionProfile" classname="com.shareconnect.utils.TorrentAppHelperTest" time="0.014">
    <failure message="org.mockito.exceptions.misusing.MissingMethodInvocationException: &#10;when() requires an argument which has to be 'a method call on a mock'.&#10;For example:&#10;    when(mock.getArticles()).thenReturn(articles);&#10;&#10;Also, this error might show up because:&#10;1. you stub either of: final/private/native/equals()/hashCode() methods.&#10;   Those methods *cannot* be stubbed/verified.&#10;   Mocking methods declared on non-public parent classes is not supported.&#10;2. inside when() you don't call method on mock but on some other object.&#10;" type="org.mockito.exceptions.misusing.MissingMethodInvocationException">org.mockito.exceptions.misusing.MissingMethodInvocationException: 
when() requires an argument which has to be 'a method call on a mock'.
For example:
    when(mock.getArticles()).thenReturn(articles);

Also, this error might show up because:
1. you stub either of: final/private/native/equals()/hashCode() methods.
   Those methods *cannot* be stubbed/verified.
   Mocking methods declared on non-public parent classes is not supported.
2. inside when() you don't call method on mock but on some other object.

	at com.shareconnect.utils.TorrentAppHelperTest.setUp(TorrentAppHelperTest.kt:37)
	at java.base@21.0.8/jdk.internal.reflect.DirectMethodHandleAccessor.invoke(Unknown Source)
	at java.base@21.0.8/java.lang.reflect.Method.invoke(Unknown Source)
	at app//org.junit.runners.model.FrameworkMethod$1.runReflectiveCall(FrameworkMethod.java:59)
	at app//org.junit.internal.runners.model.ReflectiveCallable.run(ReflectiveCallable.java:12)
	at app//org.junit.runners.model.FrameworkMethod.invokeExplosively(FrameworkMethod.java:56)
	at app//org.junit.internal.runners.statements.RunBefores.invokeMethod(RunBefores.java:33)
	at app//org.junit.internal.runners.statements.RunBefores.evaluate(RunBefores.java:24)
	at app//org.junit.internal.runners.statements.RunAfters.evaluate(RunAfters.java:27)
	at app//org.junit.runners.ParentRunner$3.evaluate(ParentRunner.java:306)
	at app//org.robolectric.RobolectricTestRunner$HelperTestRunner$1.evaluate(RobolectricTestRunner.java:524)
	at app//org.robolectric.internal.SandboxTestRunner.executeInSandbox(SandboxTestRunner.java:494)
	at app//org.robolectric.internal.SandboxTestRunner.access$900(SandboxTestRunner.java:67)
	at app//org.robolectric.internal.SandboxTestRunner$7.evaluate(SandboxTestRunner.java:442)
	at app//org.junit.runners.BlockJUnit4ClassRunner$1.evaluate(BlockJUnit4ClassRunner.java:100)
	at app//org.junit.runners.ParentRunner.runLeaf(ParentRunner.java:366)
	at app//org.junit.runners.BlockJUnit4ClassRunner.runChild(BlockJUnit4ClassRunner.java:103)
	at app//org.robolectric.internal.SandboxTestRunner.access$600(SandboxTestRunner.java:67)
	at app//org.robolectric.internal.SandboxTestRunner$6.evaluate(SandboxTestRunner.java:333)
	at app//org.robolectric.internal.SandboxTestRunner$3.evaluate(SandboxTestRunner.java:233)
	at app//org.robolectric.internal.SandboxTestRunner$5.lambda$evaluate$0(SandboxTestRunner.java:317)
	at app//org.robolectric.internal.bytecode.Sandbox.lambda$runOnMainThread$0(Sandbox.java:101)
	at java.base@21.0.8/java.util.concurrent.FutureTask.run(Unknown Source)
	at java.base@21.0.8/java.util.concurrent.ThreadPoolExecutor.runWorker(Unknown Source)
	at java.base@21.0.8/java.util.concurrent.ThreadPoolExecutor$Worker.run(Unknown Source)
	at java.base@21.0.8/java.lang.Thread.run(Unknown Source)
</failure>
  </testcase>
  <testcase name="testGetInstalledAppForProfile_returnsNullForNonTorrentProfile" classname="com.shareconnect.utils.TorrentAppHelperTest" time="0.018">
    <failure message="org.mockito.exceptions.misusing.MissingMethodInvocationException: &#10;when() requires an argument which has to be 'a method call on a mock'.&#10;For example:&#10;    when(mock.getArticles()).thenReturn(articles);&#10;&#10;Also, this error might show up because:&#10;1. you stub either of: final/private/native/equals()/hashCode() methods.&#10;   Those methods *cannot* be stubbed/verified.&#10;   Mocking methods declared on non-public parent classes is not supported.&#10;2. inside when() you don't call method on mock but on some other object.&#10;" type="org.mockito.exceptions.misusing.MissingMethodInvocationException">org.mockito.exceptions.misusing.MissingMethodInvocationException: 
when() requires an argument which has to be 'a method call on a mock'.
For example:
    when(mock.getArticles()).thenReturn(articles);

Also, this error might show up because:
1. you stub either of: final/private/native/equals()/hashCode() methods.
   Those methods *cannot* be stubbed/verified.
   Mocking methods declared on non-public parent classes is not supported.
2. inside when() you don't call method on mock but on some other object.

	at com.shareconnect.utils.TorrentAppHelperTest.setUp(TorrentAppHelperTest.kt:37)
	at java.base@21.0.8/jdk.internal.reflect.DirectMethodHandleAccessor.invoke(Unknown Source)
	at java.base@21.0.8/java.lang.reflect.Method.invoke(Unknown Source)
	at app//org.junit.runners.model.FrameworkMethod$1.runReflectiveCall(FrameworkMethod.java:59)
	at app//org.junit.internal.runners.model.ReflectiveCallable.run(ReflectiveCallable.java:12)
	at app//org.junit.runners.model.FrameworkMethod.invokeExplosively(FrameworkMethod.java:56)
	at app//org.junit.internal.runners.statements.RunBefores.invokeMethod(RunBefores.java:33)
	at app//org.junit.internal.runners.statements.RunBefores.evaluate(RunBefores.java:24)
	at app//org.junit.internal.runners.statements.RunAfters.evaluate(RunAfters.java:27)
	at app//org.junit.runners.ParentRunner$3.evaluate(ParentRunner.java:306)
	at app//org.robolectric.RobolectricTestRunner$HelperTestRunner$1.evaluate(RobolectricTestRunner.java:524)
	at app//org.robolectric.internal.SandboxTestRunner.executeInSandbox(SandboxTestRunner.java:494)
	at app//org.robolectric.internal.SandboxTestRunner.access$900(SandboxTestRunner.java:67)
	at app//org.robolectric.internal.SandboxTestRunner$7.evaluate(SandboxTestRunner.java:442)
	at app//org.junit.runners.BlockJUnit4ClassRunner$1.evaluate(BlockJUnit4ClassRunner.java:100)
	at app//org.junit.runners.ParentRunner.runLeaf(ParentRunner.java:366)
	at app//org.junit.runners.BlockJUnit4ClassRunner.runChild(BlockJUnit4ClassRunner.java:103)
	at app//org.robolectric.internal.SandboxTestRunner.access$600(SandboxTestRunner.java:67)
	at app//org.robolectric.internal.SandboxTestRunner$6.evaluate(SandboxTestRunner.java:333)
	at app//org.robolectric.internal.SandboxTestRunner$3.evaluate(SandboxTestRunner.java:233)
	at app//org.robolectric.internal.SandboxTestRunner$5.lambda$evaluate$0(SandboxTestRunner.java:317)
	at app//org.robolectric.internal.bytecode.Sandbox.lambda$runOnMainThread$0(Sandbox.java:101)
	at java.base@21.0.8/java.util.concurrent.FutureTask.run(Unknown Source)
	at java.base@21.0.8/java.util.concurrent.ThreadPoolExecutor.runWorker(Unknown Source)
	at java.base@21.0.8/java.util.concurrent.ThreadPoolExecutor$Worker.run(Unknown Source)
	at java.base@21.0.8/java.lang.Thread.run(Unknown Source)
</failure>
  </testcase>
  <testcase name="testGetAppPackageForClientType_returnsCorrectPackage" classname="com.shareconnect.utils.TorrentAppHelperTest" time="0.016">
    <failure message="org.mockito.exceptions.misusing.MissingMethodInvocationException: &#10;when() requires an argument which has to be 'a method call on a mock'.&#10;For example:&#10;    when(mock.getArticles()).thenReturn(articles);&#10;&#10;Also, this error might show up because:&#10;1. you stub either of: final/private/native/equals()/hashCode() methods.&#10;   Those methods *cannot* be stubbed/verified.&#10;   Mocking methods declared on non-public parent classes is not supported.&#10;2. inside when() you don't call method on mock but on some other object.&#10;" type="org.mockito.exceptions.misusing.MissingMethodInvocationException">org.mockito.exceptions.misusing.MissingMethodInvocationException: 
when() requires an argument which has to be 'a method call on a mock'.
For example:
    when(mock.getArticles()).thenReturn(articles);

Also, this error might show up because:
1. you stub either of: final/private/native/equals()/hashCode() methods.
   Those methods *cannot* be stubbed/verified.
   Mocking methods declared on non-public parent classes is not supported.
2. inside when() you don't call method on mock but on some other object.

	at com.shareconnect.utils.TorrentAppHelperTest.setUp(TorrentAppHelperTest.kt:37)
	at java.base@21.0.8/jdk.internal.reflect.DirectMethodHandleAccessor.invoke(Unknown Source)
	at java.base@21.0.8/java.lang.reflect.Method.invoke(Unknown Source)
	at app//org.junit.runners.model.FrameworkMethod$1.runReflectiveCall(FrameworkMethod.java:59)
	at app//org.junit.internal.runners.model.ReflectiveCallable.run(ReflectiveCallable.java:12)
	at app//org.junit.runners.model.FrameworkMethod.invokeExplosively(FrameworkMethod.java:56)
	at app//org.junit.internal.runners.statements.RunBefores.invokeMethod(RunBefores.java:33)
	at app//org.junit.internal.runners.statements.RunBefores.evaluate(RunBefores.java:24)
	at app//org.junit.internal.runners.statements.RunAfters.evaluate(RunAfters.java:27)
	at app//org.junit.runners.ParentRunner$3.evaluate(ParentRunner.java:306)
	at app//org.robolectric.RobolectricTestRunner$HelperTestRunner$1.evaluate(RobolectricTestRunner.java:524)
	at app//org.robolectric.internal.SandboxTestRunner.executeInSandbox(SandboxTestRunner.java:494)
	at app//org.robolectric.internal.SandboxTestRunner.access$900(SandboxTestRunner.java:67)
	at app//org.robolectric.internal.SandboxTestRunner$7.evaluate(SandboxTestRunner.java:442)
	at app//org.junit.runners.BlockJUnit4ClassRunner$1.evaluate(BlockJUnit4ClassRunner.java:100)
	at app//org.junit.runners.ParentRunner.runLeaf(ParentRunner.java:366)
	at app//org.junit.runners.BlockJUnit4ClassRunner.runChild(BlockJUnit4ClassRunner.java:103)
	at app//org.robolectric.internal.SandboxTestRunner.access$600(SandboxTestRunner.java:67)
	at app//org.robolectric.internal.SandboxTestRunner$6.evaluate(SandboxTestRunner.java:333)
	at app//org.robolectric.internal.SandboxTestRunner$3.evaluate(SandboxTestRunner.java:233)
	at app//org.robolectric.internal.SandboxTestRunner$5.lambda$evaluate$0(SandboxTestRunner.java:317)
	at app//org.robolectric.internal.bytecode.Sandbox.lambda$runOnMainThread$0(Sandbox.java:101)
	at java.base@21.0.8/java.util.concurrent.FutureTask.run(Unknown Source)
	at java.base@21.0.8/java.util.concurrent.ThreadPoolExecutor.runWorker(Unknown Source)
	at java.base@21.0.8/java.util.concurrent.ThreadPoolExecutor$Worker.run(Unknown Source)
	at java.base@21.0.8/java.lang.Thread.run(Unknown Source)
</failure>
  </testcase>
  <testcase name="testIsTorrentContent_detectsTorrentContent" classname="com.shareconnect.utils.TorrentAppHelperTest" time="0.014">
    <failure message="org.mockito.exceptions.misusing.MissingMethodInvocationException: &#10;when() requires an argument which has to be 'a method call on a mock'.&#10;For example:&#10;    when(mock.getArticles()).thenReturn(articles);&#10;&#10;Also, this error might show up because:&#10;1. you stub either of: final/private/native/equals()/hashCode() methods.&#10;   Those methods *cannot* be stubbed/verified.&#10;   Mocking methods declared on non-public parent classes is not supported.&#10;2. inside when() you don't call method on mock but on some other object.&#10;" type="org.mockito.exceptions.misusing.MissingMethodInvocationException">org.mockito.exceptions.misusing.MissingMethodInvocationException: 
when() requires an argument which has to be 'a method call on a mock'.
For example:
    when(mock.getArticles()).thenReturn(articles);

Also, this error might show up because:
1. you stub either of: final/private/native/equals()/hashCode() methods.
   Those methods *cannot* be stubbed/verified.
   Mocking methods declared on non-public parent classes is not supported.
2. inside when() you don't call method on mock but on some other object.

	at com.shareconnect.utils.TorrentAppHelperTest.setUp(TorrentAppHelperTest.kt:37)
	at java.base@21.0.8/jdk.internal.reflect.DirectMethodHandleAccessor.invoke(Unknown Source)
	at java.base@21.0.8/java.lang.reflect.Method.invoke(Unknown Source)
	at app//org.junit.runners.model.FrameworkMethod$1.runReflectiveCall(FrameworkMethod.java:59)
	at app//org.junit.internal.runners.model.ReflectiveCallable.run(ReflectiveCallable.java:12)
	at app//org.junit.runners.model.FrameworkMethod.invokeExplosively(FrameworkMethod.java:56)
	at app//org.junit.internal.runners.statements.RunBefores.invokeMethod(RunBefores.java:33)
	at app//org.junit.internal.runners.statements.RunBefores.evaluate(RunBefores.java:24)
	at app//org.junit.internal.runners.statements.RunAfters.evaluate(RunAfters.java:27)
	at app//org.junit.runners.ParentRunner$3.evaluate(ParentRunner.java:306)
	at app//org.robolectric.RobolectricTestRunner$HelperTestRunner$1.evaluate(RobolectricTestRunner.java:524)
	at app//org.robolectric.internal.SandboxTestRunner.executeInSandbox(SandboxTestRunner.java:494)
	at app//org.robolectric.internal.SandboxTestRunner.access$900(SandboxTestRunner.java:67)
	at app//org.robolectric.internal.SandboxTestRunner$7.evaluate(SandboxTestRunner.java:442)
	at app//org.junit.runners.BlockJUnit4ClassRunner$1.evaluate(BlockJUnit4ClassRunner.java:100)
	at app//org.junit.runners.ParentRunner.runLeaf(ParentRunner.java:366)
	at app//org.junit.runners.BlockJUnit4ClassRunner.runChild(BlockJUnit4ClassRunner.java:103)
	at app//org.robolectric.internal.SandboxTestRunner.access$600(SandboxTestRunner.java:67)
	at app//org.robolectric.internal.SandboxTestRunner$6.evaluate(SandboxTestRunner.java:333)
	at app//org.robolectric.internal.SandboxTestRunner$3.evaluate(SandboxTestRunner.java:233)
	at app//org.robolectric.internal.SandboxTestRunner$5.lambda$evaluate$0(SandboxTestRunner.java:317)
	at app//org.robolectric.internal.bytecode.Sandbox.lambda$runOnMainThread$0(Sandbox.java:101)
	at java.base@21.0.8/java.util.concurrent.FutureTask.run(Unknown Source)
	at java.base@21.0.8/java.util.concurrent.ThreadPoolExecutor.runWorker(Unknown Source)
	at java.base@21.0.8/java.util.concurrent.ThreadPoolExecutor$Worker.run(Unknown Source)
	at java.base@21.0.8/java.lang.Thread.run(Unknown Source)
</failure>
  </testcase>
  <testcase name="testHasAnyTorrentAppInstalled_returnsTrueWhenQBitConnectInstalled" classname="com.shareconnect.utils.TorrentAppHelperTest" time="0.014">
    <failure message="org.mockito.exceptions.misusing.MissingMethodInvocationException: &#10;when() requires an argument which has to be 'a method call on a mock'.&#10;For example:&#10;    when(mock.getArticles()).thenReturn(articles);&#10;&#10;Also, this error might show up because:&#10;1. you stub either of: final/private/native/equals()/hashCode() methods.&#10;   Those methods *cannot* be stubbed/verified.&#10;   Mocking methods declared on non-public parent classes is not supported.&#10;2. inside when() you don't call method on mock but on some other object.&#10;" type="org.mockito.exceptions.misusing.MissingMethodInvocationException">org.mockito.exceptions.misusing.MissingMethodInvocationException: 
when() requires an argument which has to be 'a method call on a mock'.
For example:
    when(mock.getArticles()).thenReturn(articles);

Also, this error might show up because:
1. you stub either of: final/private/native/equals()/hashCode() methods.
   Those methods *cannot* be stubbed/verified.
   Mocking methods declared on non-public parent classes is not supported.
2. inside when() you don't call method on mock but on some other object.

	at com.shareconnect.utils.TorrentAppHelperTest.setUp(TorrentAppHelperTest.kt:37)
	at java.base@21.0.8/jdk.internal.reflect.DirectMethodHandleAccessor.invoke(Unknown Source)
	at java.base@21.0.8/java.lang.reflect.Method.invoke(Unknown Source)
	at app//org.junit.runners.model.FrameworkMethod$1.runReflectiveCall(FrameworkMethod.java:59)
	at app//org.junit.internal.runners.model.ReflectiveCallable.run(ReflectiveCallable.java:12)
	at app//org.junit.runners.model.FrameworkMethod.invokeExplosively(FrameworkMethod.java:56)
	at app//org.junit.internal.runners.statements.RunBefores.invokeMethod(RunBefores.java:33)
	at app//org.junit.internal.runners.statements.RunBefores.evaluate(RunBefores.java:24)
	at app//org.junit.internal.runners.statements.RunAfters.evaluate(RunAfters.java:27)
	at app//org.junit.runners.ParentRunner$3.evaluate(ParentRunner.java:306)
	at app//org.robolectric.RobolectricTestRunner$HelperTestRunner$1.evaluate(RobolectricTestRunner.java:524)
	at app//org.robolectric.internal.SandboxTestRunner.executeInSandbox(SandboxTestRunner.java:494)
	at app//org.robolectric.internal.SandboxTestRunner.access$900(SandboxTestRunner.java:67)
	at app//org.robolectric.internal.SandboxTestRunner$7.evaluate(SandboxTestRunner.java:442)
	at app//org.junit.runners.BlockJUnit4ClassRunner$1.evaluate(BlockJUnit4ClassRunner.java:100)
	at app//org.junit.runners.ParentRunner.runLeaf(ParentRunner.java:366)
	at app//org.junit.runners.BlockJUnit4ClassRunner.runChild(BlockJUnit4ClassRunner.java:103)
	at app//org.robolectric.internal.SandboxTestRunner.access$600(SandboxTestRunner.java:67)
	at app//org.robolectric.internal.SandboxTestRunner$6.evaluate(SandboxTestRunner.java:333)
	at app//org.robolectric.internal.SandboxTestRunner$3.evaluate(SandboxTestRunner.java:233)
	at app//org.robolectric.internal.SandboxTestRunner$5.lambda$evaluate$0(SandboxTestRunner.java:317)
	at app//org.robolectric.internal.bytecode.Sandbox.lambda$runOnMainThread$0(Sandbox.java:101)
	at java.base@21.0.8/java.util.concurrent.FutureTask.run(Unknown Source)
	at java.base@21.0.8/java.util.concurrent.ThreadPoolExecutor.runWorker(Unknown Source)
	at java.base@21.0.8/java.util.concurrent.ThreadPoolExecutor$Worker.run(Unknown Source)
	at java.base@21.0.8/java.lang.Thread.run(Unknown Source)
</failure>
  </testcase>
  <testcase name="testIsMagnetLink_detectsMagnetLinks" classname="com.shareconnect.utils.TorrentAppHelperTest" time="0.022">
    <failure message="org.mockito.exceptions.misusing.MissingMethodInvocationException: &#10;when() requires an argument which has to be 'a method call on a mock'.&#10;For example:&#10;    when(mock.getArticles()).thenReturn(articles);&#10;&#10;Also, this error might show up because:&#10;1. you stub either of: final/private/native/equals()/hashCode() methods.&#10;   Those methods *cannot* be stubbed/verified.&#10;   Mocking methods declared on non-public parent classes is not supported.&#10;2. inside when() you don't call method on mock but on some other object.&#10;" type="org.mockito.exceptions.misusing.MissingMethodInvocationException">org.mockito.exceptions.misusing.MissingMethodInvocationException: 
when() requires an argument which has to be 'a method call on a mock'.
For example:
    when(mock.getArticles()).thenReturn(articles);

Also, this error might show up because:
1. you stub either of: final/private/native/equals()/hashCode() methods.
   Those methods *cannot* be stubbed/verified.
   Mocking methods declared on non-public parent classes is not supported.
2. inside when() you don't call method on mock but on some other object.

	at com.shareconnect.utils.TorrentAppHelperTest.setUp(TorrentAppHelperTest.kt:37)
	at java.base@21.0.8/jdk.internal.reflect.DirectMethodHandleAccessor.invoke(Unknown Source)
	at java.base@21.0.8/java.lang.reflect.Method.invoke(Unknown Source)
	at app//org.junit.runners.model.FrameworkMethod$1.runReflectiveCall(FrameworkMethod.java:59)
	at app//org.junit.internal.runners.model.ReflectiveCallable.run(ReflectiveCallable.java:12)
	at app//org.junit.runners.model.FrameworkMethod.invokeExplosively(FrameworkMethod.java:56)
	at app//org.junit.internal.runners.statements.RunBefores.invokeMethod(RunBefores.java:33)
	at app//org.junit.internal.runners.statements.RunBefores.evaluate(RunBefores.java:24)
	at app//org.junit.internal.runners.statements.RunAfters.evaluate(RunAfters.java:27)
	at app//org.junit.runners.ParentRunner$3.evaluate(ParentRunner.java:306)
	at app//org.robolectric.RobolectricTestRunner$HelperTestRunner$1.evaluate(RobolectricTestRunner.java:524)
	at app//org.robolectric.internal.SandboxTestRunner.executeInSandbox(SandboxTestRunner.java:494)
	at app//org.robolectric.internal.SandboxTestRunner.access$900(SandboxTestRunner.java:67)
	at app//org.robolectric.internal.SandboxTestRunner$7.evaluate(SandboxTestRunner.java:442)
	at app//org.junit.runners.BlockJUnit4ClassRunner$1.evaluate(BlockJUnit4ClassRunner.java:100)
	at app//org.junit.runners.ParentRunner.runLeaf(ParentRunner.java:366)
	at app//org.junit.runners.BlockJUnit4ClassRunner.runChild(BlockJUnit4ClassRunner.java:103)
	at app//org.robolectric.internal.SandboxTestRunner.access$600(SandboxTestRunner.java:67)
	at app//org.robolectric.internal.SandboxTestRunner$6.evaluate(SandboxTestRunner.java:333)
	at app//org.robolectric.internal.SandboxTestRunner$3.evaluate(SandboxTestRunner.java:233)
	at app//org.robolectric.internal.SandboxTestRunner$5.lambda$evaluate$0(SandboxTestRunner.java:317)
	at app//org.robolectric.internal.bytecode.Sandbox.lambda$runOnMainThread$0(Sandbox.java:101)
	at java.base@21.0.8/java.util.concurrent.FutureTask.run(Unknown Source)
	at java.base@21.0.8/java.util.concurrent.ThreadPoolExecutor.runWorker(Unknown Source)
	at java.base@21.0.8/java.util.concurrent.ThreadPoolExecutor$Worker.run(Unknown Source)
	at java.base@21.0.8/java.lang.Thread.run(Unknown Source)
</failure>
  </testcase>
  <testcase name="testHasAnyTorrentAppInstalled_returnsFalseWhenNoneInstalled" classname="com.shareconnect.utils.TorrentAppHelperTest" time="0.017">
    <failure message="org.mockito.exceptions.misusing.MissingMethodInvocationException: &#10;when() requires an argument which has to be 'a method call on a mock'.&#10;For example:&#10;    when(mock.getArticles()).thenReturn(articles);&#10;&#10;Also, this error might show up because:&#10;1. you stub either of: final/private/native/equals()/hashCode() methods.&#10;   Those methods *cannot* be stubbed/verified.&#10;   Mocking methods declared on non-public parent classes is not supported.&#10;2. inside when() you don't call method on mock but on some other object.&#10;" type="org.mockito.exceptions.misusing.MissingMethodInvocationException">org.mockito.exceptions.misusing.MissingMethodInvocationException: 
when() requires an argument which has to be 'a method call on a mock'.
For example:
    when(mock.getArticles()).thenReturn(articles);

Also, this error might show up because:
1. you stub either of: final/private/native/equals()/hashCode() methods.
   Those methods *cannot* be stubbed/verified.
   Mocking methods declared on non-public parent classes is not supported.
2. inside when() you don't call method on mock but on some other object.

	at com.shareconnect.utils.TorrentAppHelperTest.setUp(TorrentAppHelperTest.kt:37)
	at java.base@21.0.8/jdk.internal.reflect.DirectMethodHandleAccessor.invoke(Unknown Source)
	at java.base@21.0.8/java.lang.reflect.Method.invoke(Unknown Source)
	at app//org.junit.runners.model.FrameworkMethod$1.runReflectiveCall(FrameworkMethod.java:59)
	at app//org.junit.internal.runners.model.ReflectiveCallable.run(ReflectiveCallable.java:12)
	at app//org.junit.runners.model.FrameworkMethod.invokeExplosively(FrameworkMethod.java:56)
	at app//org.junit.internal.runners.statements.RunBefores.invokeMethod(RunBefores.java:33)
	at app//org.junit.internal.runners.statements.RunBefores.evaluate(RunBefores.java:24)
	at app//org.junit.internal.runners.statements.RunAfters.evaluate(RunAfters.java:27)
	at app//org.junit.runners.ParentRunner$3.evaluate(ParentRunner.java:306)
	at app//org.robolectric.RobolectricTestRunner$HelperTestRunner$1.evaluate(RobolectricTestRunner.java:524)
	at app//org.robolectric.internal.SandboxTestRunner.executeInSandbox(SandboxTestRunner.java:494)
	at app//org.robolectric.internal.SandboxTestRunner.access$900(SandboxTestRunner.java:67)
	at app//org.robolectric.internal.SandboxTestRunner$7.evaluate(SandboxTestRunner.java:442)
	at app//org.junit.runners.BlockJUnit4ClassRunner$1.evaluate(BlockJUnit4ClassRunner.java:100)
	at app//org.junit.runners.ParentRunner.runLeaf(ParentRunner.java:366)
	at app//org.junit.runners.BlockJUnit4ClassRunner.runChild(BlockJUnit4ClassRunner.java:103)
	at app//org.robolectric.internal.SandboxTestRunner.access$600(SandboxTestRunner.java:67)
	at app//org.robolectric.internal.SandboxTestRunner$6.evaluate(SandboxTestRunner.java:333)
	at app//org.robolectric.internal.SandboxTestRunner$3.evaluate(SandboxTestRunner.java:233)
	at app//org.robolectric.internal.SandboxTestRunner$5.lambda$evaluate$0(SandboxTestRunner.java:317)
	at app//org.robolectric.internal.bytecode.Sandbox.lambda$runOnMainThread$0(Sandbox.java:101)
	at java.base@21.0.8/java.util.concurrent.FutureTask.run(Unknown Source)
	at java.base@21.0.8/java.util.concurrent.ThreadPoolExecutor.runWorker(Unknown Source)
	at java.base@21.0.8/java.util.concurrent.ThreadPoolExecutor$Worker.run(Unknown Source)
	at java.base@21.0.8/java.lang.Thread.run(Unknown Source)
</failure>
  </testcase>
  <system-out><![CDATA[]]></system-out>
  <system-err><![CDATA[]]></system-err>
</testsuite>
